#
# A fatal error has been detected by the Java Runtime Environment:
#
#  EXCEPTION_ACCESS_VIOLATION (0xc0000005) at pc=0x000000006175d587, pid=5292, tid=10212
#
# JRE version: Java(TM) SE Runtime Environment (10.0.1+10) (build 10.0.1+10)
# Java VM: Java HotSpot(TM) 64-Bit Server VM (10.0.1+10, mixed mode, tiered, compressed oops, g1 gc, windows-amd64)
# Problematic frame:
# V  [jvm.dll+0x61d587]
#
# No core dump will be written. Minidumps are not enabled by default on client versions of Windows
#
# If you would like to submit a bug report, please visit:
#   http://bugreport.java.com/bugreport/crash.jsp
#

---------------  S U M M A R Y ------------

Command Line: -XX:TieredStopAtLevel=1 -Xverify:none -Dspring.output.ansi.enabled=always -Dcom.sun.management.jmxremote -Dspring.jmx.enabled=true -Dspring.liveBeansView.mbeanDomain -Dspring.application.admin.enabled=true -javaagent:C:\Program Files\JetBrains\IntelliJ IDEA 2019.2.3\lib\idea_rt.jar=13975:C:\Program Files\JetBrains\IntelliJ IDEA 2019.2.3\bin -Dfile.encoding=UTF-8 com.quick.sms.QuickSmsApplication

Host: Intel(R) Core(TM) i3-4005U CPU @ 1.70GHz, 4 cores, 7G,  Windows 10 , 64 bit Build 10586 (10.0.10586.0)
Time: Thu May 14 01:25:53 2020 India Standard Time elapsed time: 4 seconds (0d 0h 0m 4s)

---------------  T H R E A D  ---------------

Current thread (0x00000247c7d77800):  JavaThread "main" [_thread_in_vm, id=10212, stack(0x0000007ba0e00000,0x0000007ba0f00000)]

Stack: [0x0000007ba0e00000,0x0000007ba0f00000],  sp=0x0000007ba0efdfd0,  free space=1015k
Native frames: (J=compiled Java code, j=interpreted, Vv=VM code, C=native code)
V  [jvm.dll+0x61d587]
V  [jvm.dll+0x2b7e20]
V  [jvm.dll+0x364f11]
V  [jvm.dll+0x364958]
C  0x00000247d312dcd8

Java frames: (J=compiled Java code, j=interpreted, Vv=VM code)

[error occurred during error reporting (printing Java stack), id 0xc0000005]


siginfo: EXCEPTION_ACCESS_VIOLATION (0xc0000005), reading address 0xffffffffffffffff


Register to memory mapping:

RIP=0x000000006175d587 jvm.dll
RAX=0x20000247e971a5f8 is an unknown value
RBX=0x0000007ba0efe020 is pointing into the stack for thread: 0x00000247c7d77800
RCX=0x0000007ba0efe020 is pointing into the stack for thread: 0x00000247c7d77800
RDX=0x20000247e971a5f8 is an unknown value
RSP=0x0000007ba0efdfd0 is pointing into the stack for thread: 0x00000247c7d77800
RBP=0x0000007ba0efe160 is pointing into the stack for thread: 0x00000247c7d77800
RSI=0x00000247c7d77800 is a thread
RDI=0x0000000000000000 is an unknown value
R8 =0x0000000000000000 is an unknown value
R9 =0x00000247eb416e78 is pointing into metadata
R10=0x00000247d3110000 is an unknown value
R11=0x00000247d388c8e0 is at entry_point+32 in (nmethod*)0x00000247d388c710
R12=0x00000247c7d78300 is an unknown value
R13=0x00000247c7d78310 is an unknown value
R14={method} {0x00000247eb418368} '<init>' '
[error occurred during error reporting (printing register info), id 0xc0000005]

Registers:
RAX=0x20000247e971a5f8, RBX=0x0000007ba0efe020, RCX=0x0000007ba0efe020, RDX=0x20000247e971a5f8
RSP=0x0000007ba0efdfd0, RBP=0x0000007ba0efe160, RSI=0x00000247c7d77800, RDI=0x0000000000000000
R8 =0x0000000000000000, R9 =0x00000247eb416e78, R10=0x00000247d3110000, R11=0x00000247d388c8e0
R12=0x00000247c7d78300, R13=0x00000247c7d78310, R14=0x00000247eb418360, R15=0x00000000000000b9
RIP=0x000000006175d587, EFLAGS=0x0000000000010246

Top of Stack: (sp=0x0000007ba0efdfd0)
0x0000007ba0efdfd0:   00000247eb419c68 0000007ba0efe130
0x0000007ba0efdfe0:   00000247d312dc92 00000247d3118990
0x0000007ba0efdff0:   00000247eb418360 00000000613f7e20
0x0000007ba0efe000:   0000007ba0efe0d8 000000006168d058
0x0000007ba0efe010:   000000010001f8a0 000000010003efa0
0x0000007ba0efe020:   00000000618fe190 20000247e971a5f8
0x0000007ba0efe030:   0000000000000000 0000024700000063
0x0000007ba0efe040:   00000000a0ef0000 0000007ba0efe230
0x0000007ba0efe050:   00000247c6481060 00000000614a4f11
0x0000007ba0efe060:   00000247c7d77800 0000007ba0efe160
0x0000007ba0efe070:   00000247c7d77800 00000247eb42ca10
0x0000007ba0efe080:   00000247e9a3d6a0 00000247c7d77800
0x0000007ba0efe090:   00000247c7d77800 00000000612b48b7
0x0000007ba0efe0a0:   00000247eb419bfb 0000000000000000
0x0000007ba0efe0b0:   00000247eb418360 00000247c7d77800
0x0000007ba0efe0c0:   00000247eb418321 00000000000000b9 

Instructions: (pc=0x000000006175d587)
0x000000006175d567:   cc cc cc cc cc cc cc cc cc 48 89 5c 24 08 57 48
0x000000006175d577:   83 ec 20 48 8b 41 08 33 ff 48 8b d9 48 89 79 10
0x000000006175d587:   80 78 06 28 74 1f 44 8d 4f 28 4c 8d 05 c8 38 1f
0x000000006175d597:   00 8d 57 35 48 8d 0d ce 38 1f 00 e8 09 71 c1 ff 



---------------  P R O C E S S  ---------------

Threads class SMR info:
_java_thread_list=0x00000247ea9dc720, length=13, elements={
0x00000247c7d77800, 0x00000247e986e800, 0x00000247e985a000, 0x00000247ea1e2800,
0x00000247ea1e3000, 0x00000247e987d800, 0x00000247e9880000, 0x00000247e989d000,
0x00000247e989d800, 0x00000247ea366800, 0x00000247ea59d000, 0x00000247ea59e000,
0x00000247ea9e4000
}

Java Threads: ( => current thread )
=>0x00000247c7d77800 JavaThread "main" [_thread_in_vm, id=10212, stack(0x0000007ba0e00000,0x0000007ba0f00000)]
  0x00000247e986e800 JavaThread "Reference Handler" daemon [_thread_blocked, id=5448, stack(0x0000007ba1b00000,0x0000007ba1c00000)]
  0x00000247e985a000 JavaThread "Finalizer" daemon [_thread_blocked, id=6416, stack(0x0000007ba1c00000,0x0000007ba1d00000)]
  0x00000247ea1e2800 JavaThread "Signal Dispatcher" daemon [_thread_blocked, id=12316, stack(0x0000007ba1d00000,0x0000007ba1e00000)]
  0x00000247ea1e3000 JavaThread "Attach Listener" daemon [_thread_blocked, id=4452, stack(0x0000007ba1e00000,0x0000007ba1f00000)]
  0x00000247e987d800 JavaThread "C1 CompilerThread0" daemon [_thread_blocked, id=4116, stack(0x0000007ba1f00000,0x0000007ba2000000)]
  0x00000247e9880000 JavaThread "C1 CompilerThread1" daemon [_thread_blocked, id=11968, stack(0x0000007ba2000000,0x0000007ba2100000)]
  0x00000247e989d000 JavaThread "C1 CompilerThread2" daemon [_thread_blocked, id=12472, stack(0x0000007ba2100000,0x0000007ba2200000)]
  0x00000247e989d800 JavaThread "Sweeper thread" daemon [_thread_blocked, id=6108, stack(0x0000007ba2200000,0x0000007ba2300000)]
  0x00000247ea366800 JavaThread "Common-Cleaner" daemon [_thread_blocked, id=9556, stack(0x0000007ba2300000,0x0000007ba2400000)]
  0x00000247ea59d000 JavaThread "Monitor Ctrl-Break" daemon [_thread_in_native, id=4776, stack(0x0000007ba2400000,0x0000007ba2500000)]
  0x00000247ea59e000 JavaThread "Service Thread" daemon [_thread_blocked, id=10024, stack(0x0000007ba2500000,0x0000007ba2600000)]
  0x00000247ea9e4000 JavaThread "RMI TCP Accept-0" daemon [_thread_in_native, id=12960, stack(0x0000007ba2600000,0x0000007ba2700000)]

Other Threads:
  0x00000247e9851800 VMThread "VM Thread" [stack: 0x0000007ba1a00000,0x0000007ba1b00000] [id=9452]
  0x00000247ea9d5800 WatcherThread [stack: 0x0000007ba2700000,0x0000007ba2800000] [id=11624]
  0x00000247c7d8f000 GCTaskThread "GC Thread#0" [stack: 0x0000007ba0f00000,0x0000007ba1000000] [id=8620]
  0x00000247c7d91800 GCTaskThread "GC Thread#1" [stack: 0x0000007ba1000000,0x0000007ba1100000] [id=8232]
  0x00000247c7d94000 GCTaskThread "GC Thread#2" [stack: 0x0000007ba1100000,0x0000007ba1200000] [id=7648]
  0x00000247c7d96000 GCTaskThread "GC Thread#3" [stack: 0x0000007ba1200000,0x0000007ba1300000] [id=12272]
  0x00000247c7dfc800 ConcurrentGCThread "G1 Main Marker" [stack: 0x0000007ba1300000,0x0000007ba1400000] [id=9628]
  0x00000247c7e01000 ConcurrentGCThread "G1 Conc#0" [stack: 0x0000007ba1400000,0x0000007ba1500000] [id=11804]
  0x00000247e96e2800 ConcurrentGCThread "G1 Refine#0" [stack: 0x0000007ba1500000,0x0000007ba1600000] [id=5624]
  0x00000247c7e5c800 ConcurrentGCThread "G1 Refine#1" [stack: 0x0000007ba1600000,0x0000007ba1700000] [id=6232]
  0x00000247c7e5e000 ConcurrentGCThread "G1 Refine#2" [stack: 0x0000007ba1700000,0x0000007ba1800000] [id=12692]
  0x00000247e96e3800 ConcurrentGCThread "G1 Refine#3" [stack: 0x0000007ba1800000,0x0000007ba1900000] [id=3984]
  0x00000247e96e6800 ConcurrentGCThread "G1 Young RemSet Sampling" [stack: 0x0000007ba1900000,0x0000007ba1a00000] [id=13704]

Threads with active compile tasks:

VM state:synchronizing (normal execution)

VM Mutex/Monitor currently owned by a thread:  ([mutex/lock_event])
[0x00000247c7d76b10] Threads_lock - owner thread: 0x00000247e9851800
[0x00000247c7d76cc0] Compile_lock - owner thread: 0x00000247ea1e3000

Heap address: 0x0000000081800000, size: 2024 MB, Compressed Oops mode: 32-bit
Narrow klass base: 0x0000000000000000, Narrow klass shift: 3
Compressed class space size: 1073741824 Address: 0x0000000100000000

Heap:
 garbage-first heap   total 131072K, used 7221K [0x0000000081800000, 0x0000000100000000)
  region size 1024K, 3 young (3072K), 2 survivors (2048K)
 Metaspace       used 11895K, capacity 12159K, committed 12416K, reserved 1060864K
  class space    used 1203K, capacity 1323K, committed 1408K, reserved 1048576K
Heap Regions: E=young(eden), S=young(survivor), O=old, HS=humongous(starts), HC=humongous(continues), CS=collection set, F=free, A=archive, TS=gc time stamp, AC=allocation context, TAMS=top-at-mark-start (previous, next)
|   0|0x0000000081800000, 0x0000000081900000, 0x0000000081900000|100%|HS|  |TS  0|AC  0|TAMS 0x0000000081800000, 0x0000000081800000|
|   1|0x0000000081900000, 0x0000000081a00000, 0x0000000081a00000|100%| O|  |TS  1|AC  0|TAMS 0x0000000081900000, 0x0000000081900000|
|   2|0x0000000081a00000, 0x0000000081b00000, 0x0000000081b00000|100%| O|  |TS  1|AC  0|TAMS 0x0000000081a00000, 0x0000000081a00000|
|   3|0x0000000081b00000, 0x0000000081c00000, 0x0000000081c00000|100%| O|  |TS  1|AC  0|TAMS 0x0000000081b00000, 0x0000000081b00000|
|   4|0x0000000081c00000, 0x0000000081d00000, 0x0000000081d00000|100%| O|  |TS  1|AC  0|TAMS 0x0000000081c00000, 0x0000000081c00000|
|   5|0x0000000081d00000, 0x0000000081d0d400, 0x0000000081e00000|  5%| O|  |TS  1|AC  0|TAMS 0x0000000081d00000, 0x0000000081d00000|
|   6|0x0000000081e00000, 0x0000000081e00000, 0x0000000081f00000|  0%| F|  |TS  0|AC  0|TAMS 0x0000000081e00000, 0x0000000081e00000|
|   7|0x0000000081f00000, 0x0000000081f00000, 0x0000000082000000|  0%| F|  |TS  0|AC  0|TAMS 0x0000000081f00000, 0x0000000081f00000|
|   8|0x0000000082000000, 0x0000000082000000, 0x0000000082100000|  0%| F|  |TS  0|AC  0|TAMS 0x0000000082000000, 0x0000000082000000|
|   9|0x0000000082100000, 0x0000000082100000, 0x0000000082200000|  0%| F|  |TS  0|AC  0|TAMS 0x0000000082100000, 0x0000000082100000|
|  10|0x0000000082200000, 0x0000000082200000, 0x0000000082300000|  0%| F|  |TS  0|AC  0|TAMS 0x0000000082200000, 0x0000000082200000|
|  11|0x0000000082300000, 0x0000000082300000, 0x0000000082400000|  0%| F|  |TS  0|AC  0|TAMS 0x0000000082300000, 0x0000000082300000|
|  12|0x0000000082400000, 0x0000000082400000, 0x0000000082500000|  0%| F|  |TS  0|AC  0|TAMS 0x0000000082400000, 0x0000000082400000|
|  13|0x0000000082500000, 0x0000000082500000, 0x0000000082600000|  0%| F|  |TS  0|AC  0|TAMS 0x0000000082500000, 0x0000000082500000|
|  14|0x0000000082600000, 0x0000000082600000, 0x0000000082700000|  0%| F|  |TS  0|AC  0|TAMS 0x0000000082600000, 0x0000000082600000|
|  15|0x0000000082700000, 0x0000000082700000, 0x0000000082800000|  0%| F|  |TS  0|AC  0|TAMS 0x0000000082700000, 0x0000000082700000|
|  16|0x0000000082800000, 0x0000000082800000, 0x0000000082900000|  0%| F|  |TS  0|AC  0|TAMS 0x0000000082800000, 0x0000000082800000|
|  17|0x0000000082900000, 0x0000000082900000, 0x0000000082a00000|  0%| F|  |TS  0|AC  0|TAMS 0x0000000082900000, 0x0000000082900000|
|  18|0x0000000082a00000, 0x0000000082a00000, 0x0000000082b00000|  0%| F|  |TS  0|AC  0|TAMS 0x0000000082a00000, 0x0000000082a00000|
|  19|0x0000000082b00000, 0x0000000082b00000, 0x0000000082c00000|  0%| F|  |TS  0|AC  0|TAMS 0x0000000082b00000, 0x0000000082b00000|
|  20|0x0000000082c00000, 0x0000000082c00000, 0x0000000082d00000|  0%| F|  |TS  0|AC  0|TAMS 0x0000000082c00000, 0x0000000082c00000|
|  21|0x0000000082d00000, 0x0000000082d00000, 0x0000000082e00000|  0%| F|  |TS  0|AC  0|TAMS 0x0000000082d00000, 0x0000000082d00000|
|  22|0x0000000082e00000, 0x0000000082e00000, 0x0000000082f00000|  0%| F|  |TS  0|AC  0|TAMS 0x0000000082e00000, 0x0000000082e00000|
|  23|0x0000000082f00000, 0x0000000082f00000, 0x0000000083000000|  0%| F|  |TS  0|AC  0|TAMS 0x0000000082f00000, 0x0000000082f00000|
|  24|0x0000000083000000, 0x0000000083000000, 0x0000000083100000|  0%| F|  |TS  0|AC  0|TAMS 0x0000000083000000, 0x0000000083000000|
|  25|0x0000000083100000, 0x0000000083100000, 0x0000000083200000|  0%| F|  |TS  0|AC  0|TAMS 0x0000000083100000, 0x0000000083100000|
|  26|0x0000000083200000, 0x0000000083200000, 0x0000000083300000|  0%| F|  |TS  0|AC  0|TAMS 0x0000000083200000, 0x0000000083200000|
|  27|0x0000000083300000, 0x0000000083300000, 0x0000000083400000|  0%| F|  |TS  0|AC  0|TAMS 0x0000000083300000, 0x0000000083300000|
|  28|0x0000000083400000, 0x0000000083400000, 0x0000000083500000|  0%| F|  |TS  0|AC  0|TAMS 0x0000000083400000, 0x0000000083400000|
|  29|0x0000000083500000, 0x0000000083500000, 0x0000000083600000|  0%| F|  |TS  0|AC  0|TAMS 0x0000000083500000, 0x0000000083500000|
|  30|0x0000000083600000, 0x0000000083600000, 0x0000000083700000|  0%| F|  |TS  0|AC  0|TAMS 0x0000000083600000, 0x0000000083600000|
|  31|0x0000000083700000, 0x0000000083700000, 0x0000000083800000|  0%| F|  |TS  0|AC  0|TAMS 0x0000000083700000, 0x0000000083700000|
|  32|0x0000000083800000, 0x0000000083800000, 0x0000000083900000|  0%| F|  |TS  0|AC  0|TAMS 0x0000000083800000, 0x0000000083800000|
|  33|0x0000000083900000, 0x0000000083900000, 0x0000000083a00000|  0%| F|  |TS  0|AC  0|TAMS 0x0000000083900000, 0x0000000083900000|
|  34|0x0000000083a00000, 0x0000000083a00000, 0x0000000083b00000|  0%| F|  |TS  0|AC  0|TAMS 0x0000000083a00000, 0x0000000083a00000|
|  35|0x0000000083b00000, 0x0000000083b00000, 0x0000000083c00000|  0%| F|  |TS  0|AC  0|TAMS 0x0000000083b00000, 0x0000000083b00000|
|  36|0x0000000083c00000, 0x0000000083c00000, 0x0000000083d00000|  0%| F|  |TS  0|AC  0|TAMS 0x0000000083c00000, 0x0000000083c00000|
|  37|0x0000000083d00000, 0x0000000083d00000, 0x0000000083e00000|  0%| F|  |TS  0|AC  0|TAMS 0x0000000083d00000, 0x0000000083d00000|
|  38|0x0000000083e00000, 0x0000000083e00000, 0x0000000083f00000|  0%| F|  |TS  0|AC  0|TAMS 0x0000000083e00000, 0x0000000083e00000|
|  39|0x0000000083f00000, 0x0000000083f00000, 0x0000000084000000|  0%| F|  |TS  0|AC  0|TAMS 0x0000000083f00000, 0x0000000083f00000|
|  40|0x0000000084000000, 0x0000000084000000, 0x0000000084100000|  0%| F|  |TS  0|AC  0|TAMS 0x0000000084000000, 0x0000000084000000|
|  41|0x0000000084100000, 0x0000000084100000, 0x0000000084200000|  0%| F|  |TS  0|AC  0|TAMS 0x0000000084100000, 0x0000000084100000|
|  42|0x0000000084200000, 0x0000000084200000, 0x0000000084300000|  0%| F|  |TS  0|AC  0|TAMS 0x0000000084200000, 0x0000000084200000|
|  43|0x0000000084300000, 0x0000000084300000, 0x0000000084400000|  0%| F|  |TS  0|AC  0|TAMS 0x0000000084300000, 0x0000000084300000|
|  44|0x0000000084400000, 0x0000000084400000, 0x0000000084500000|  0%| F|  |TS  0|AC  0|TAMS 0x0000000084400000, 0x0000000084400000|
|  45|0x0000000084500000, 0x0000000084500000, 0x0000000084600000|  0%| F|  |TS  0|AC  0|TAMS 0x0000000084500000, 0x0000000084500000|
|  46|0x0000000084600000, 0x0000000084600000, 0x0000000084700000|  0%| F|  |TS  0|AC  0|TAMS 0x0000000084600000, 0x0000000084600000|
|  47|0x0000000084700000, 0x0000000084700000, 0x0000000084800000|  0%| F|  |TS  0|AC  0|TAMS 0x0000000084700000, 0x0000000084700000|
|  48|0x0000000084800000, 0x0000000084800000, 0x0000000084900000|  0%| F|  |TS  0|AC  0|TAMS 0x0000000084800000, 0x0000000084800000|
|  49|0x0000000084900000, 0x0000000084900000, 0x0000000084a00000|  0%| F|  |TS  0|AC  0|TAMS 0x0000000084900000, 0x0000000084900000|
|  50|0x0000000084a00000, 0x0000000084a00000, 0x0000000084b00000|  0%| F|  |TS  0|AC  0|TAMS 0x0000000084a00000, 0x0000000084a00000|
|  51|0x0000000084b00000, 0x0000000084b00000, 0x0000000084c00000|  0%| F|  |TS  0|AC  0|TAMS 0x0000000084b00000, 0x0000000084b00000|
|  52|0x0000000084c00000, 0x0000000084c00000, 0x0000000084d00000|  0%| F|  |TS  0|AC  0|TAMS 0x0000000084c00000, 0x0000000084c00000|
|  53|0x0000000084d00000, 0x0000000084d00000, 0x0000000084e00000|  0%| F|  |TS  0|AC  0|TAMS 0x0000000084d00000, 0x0000000084d00000|
|  54|0x0000000084e00000, 0x0000000084e00000, 0x0000000084f00000|  0%| F|  |TS  0|AC  0|TAMS 0x0000000084e00000, 0x0000000084e00000|
|  55|0x0000000084f00000, 0x0000000084f00000, 0x0000000085000000|  0%| F|  |TS  0|AC  0|TAMS 0x0000000084f00000, 0x0000000084f00000|
|  56|0x0000000085000000, 0x0000000085000000, 0x0000000085100000|  0%| F|  |TS  0|AC  0|TAMS 0x0000000085000000, 0x0000000085000000|
|  57|0x0000000085100000, 0x0000000085100000, 0x0000000085200000|  0%| F|  |TS  0|AC  0|TAMS 0x0000000085100000, 0x0000000085100000|
|  58|0x0000000085200000, 0x0000000085200000, 0x0000000085300000|  0%| F|  |TS  0|AC  0|TAMS 0x0000000085200000, 0x0000000085200000|
|  59|0x0000000085300000, 0x0000000085300000, 0x0000000085400000|  0%| F|  |TS  0|AC  0|TAMS 0x0000000085300000, 0x0000000085300000|
|  60|0x0000000085400000, 0x0000000085400000, 0x0000000085500000|  0%| F|  |TS  0|AC  0|TAMS 0x0000000085400000, 0x0000000085400000|
|  61|0x0000000085500000, 0x0000000085500000, 0x0000000085600000|  0%| F|  |TS  0|AC  0|TAMS 0x0000000085500000, 0x0000000085500000|
|  62|0x0000000085600000, 0x0000000085600000, 0x0000000085700000|  0%| F|  |TS  0|AC  0|TAMS 0x0000000085600000, 0x0000000085600000|
|  63|0x0000000085700000, 0x0000000085700000, 0x0000000085800000|  0%| F|  |TS  0|AC  0|TAMS 0x0000000085700000, 0x0000000085700000|
|  64|0x0000000085800000, 0x0000000085800000, 0x0000000085900000|  0%| F|  |TS  0|AC  0|TAMS 0x0000000085800000, 0x0000000085800000|
|  65|0x0000000085900000, 0x0000000085900000, 0x0000000085a00000|  0%| F|  |TS  0|AC  0|TAMS 0x0000000085900000, 0x0000000085900000|
|  66|0x0000000085a00000, 0x0000000085a00000, 0x0000000085b00000|  0%| F|  |TS  0|AC  0|TAMS 0x0000000085a00000, 0x0000000085a00000|
|  67|0x0000000085b00000, 0x0000000085b00000, 0x0000000085c00000|  0%| F|  |TS  0|AC  0|TAMS 0x0000000085b00000, 0x0000000085b00000|
|  68|0x0000000085c00000, 0x0000000085c00000, 0x0000000085d00000|  0%| F|  |TS  0|AC  0|TAMS 0x0000000085c00000, 0x0000000085c00000|
|  69|0x0000000085d00000, 0x0000000085d00000, 0x0000000085e00000|  0%| F|  |TS  0|AC  0|TAMS 0x0000000085d00000, 0x0000000085d00000|
|  70|0x0000000085e00000, 0x0000000085e00000, 0x0000000085f00000|  0%| F|  |TS  0|AC  0|TAMS 0x0000000085e00000, 0x0000000085e00000|
|  71|0x0000000085f00000, 0x0000000085f00000, 0x0000000086000000|  0%| F|  |TS  0|AC  0|TAMS 0x0000000085f00000, 0x0000000085f00000|
|  72|0x0000000086000000, 0x0000000086000000, 0x0000000086100000|  0%| F|  |TS  0|AC  0|TAMS 0x0000000086000000, 0x0000000086000000|
|  73|0x0000000086100000, 0x0000000086100000, 0x0000000086200000|  0%| F|  |TS  0|AC  0|TAMS 0x0000000086100000, 0x0000000086100000|
|  74|0x0000000086200000, 0x0000000086200000, 0x0000000086300000|  0%| F|  |TS  0|AC  0|TAMS 0x0000000086200000, 0x0000000086200000|
|  75|0x0000000086300000, 0x0000000086300000, 0x0000000086400000|  0%| F|  |TS  0|AC  0|TAMS 0x0000000086300000, 0x0000000086300000|
|  76|0x0000000086400000, 0x0000000086400000, 0x0000000086500000|  0%| F|  |TS  0|AC  0|TAMS 0x0000000086400000, 0x0000000086400000|
|  77|0x0000000086500000, 0x0000000086500000, 0x0000000086600000|  0%| F|  |TS  0|AC  0|TAMS 0x0000000086500000, 0x0000000086500000|
|  78|0x0000000086600000, 0x0000000086600000, 0x0000000086700000|  0%| F|  |TS  0|AC  0|TAMS 0x0000000086600000, 0x0000000086600000|
|  79|0x0000000086700000, 0x0000000086700000, 0x0000000086800000|  0%| F|  |TS  0|AC  0|TAMS 0x0000000086700000, 0x0000000086700000|
|  80|0x0000000086800000, 0x0000000086800000, 0x0000000086900000|  0%| F|  |TS  0|AC  0|TAMS 0x0000000086800000, 0x0000000086800000|
|  81|0x0000000086900000, 0x0000000086900000, 0x0000000086a00000|  0%| F|  |TS  0|AC  0|TAMS 0x0000000086900000, 0x0000000086900000|
|  82|0x0000000086a00000, 0x0000000086a00000, 0x0000000086b00000|  0%| F|  |TS  0|AC  0|TAMS 0x0000000086a00000, 0x0000000086a00000|
|  83|0x0000000086b00000, 0x0000000086b00000, 0x0000000086c00000|  0%| F|  |TS  0|AC  0|TAMS 0x0000000086b00000, 0x0000000086b00000|
|  84|0x0000000086c00000, 0x0000000086c00000, 0x0000000086d00000|  0%| F|  |TS  0|AC  0|TAMS 0x0000000086c00000, 0x0000000086c00000|
|  85|0x0000000086d00000, 0x0000000086d00000, 0x0000000086e00000|  0%| F|  |TS  0|AC  0|TAMS 0x0000000086d00000, 0x0000000086d00000|
|  86|0x0000000086e00000, 0x0000000086e00000, 0x0000000086f00000|  0%| F|  |TS  0|AC  0|TAMS 0x0000000086e00000, 0x0000000086e00000|
|  87|0x0000000086f00000, 0x0000000086f00000, 0x0000000087000000|  0%| F|  |TS  0|AC  0|TAMS 0x0000000086f00000, 0x0000000086f00000|
|  88|0x0000000087000000, 0x0000000087000000, 0x0000000087100000|  0%| F|  |TS  0|AC  0|TAMS 0x0000000087000000, 0x0000000087000000|
|  89|0x0000000087100000, 0x0000000087100000, 0x0000000087200000|  0%| F|  |TS  0|AC  0|TAMS 0x0000000087100000, 0x0000000087100000|
|  90|0x0000000087200000, 0x0000000087200000, 0x0000000087300000|  0%| F|  |TS  0|AC  0|TAMS 0x0000000087200000, 0x0000000087200000|
|  91|0x0000000087300000, 0x0000000087300000, 0x0000000087400000|  0%| F|  |TS  0|AC  0|TAMS 0x0000000087300000, 0x0000000087300000|
|  92|0x0000000087400000, 0x0000000087400000, 0x0000000087500000|  0%| F|  |TS  0|AC  0|TAMS 0x0000000087400000, 0x0000000087400000|
|  93|0x0000000087500000, 0x0000000087500000, 0x0000000087600000|  0%| F|  |TS  0|AC  0|TAMS 0x0000000087500000, 0x0000000087500000|
|  94|0x0000000087600000, 0x0000000087600000, 0x0000000087700000|  0%| F|  |TS  0|AC  0|TAMS 0x0000000087600000, 0x0000000087600000|
|  95|0x0000000087700000, 0x0000000087700000, 0x0000000087800000|  0%| F|  |TS  0|AC  0|TAMS 0x0000000087700000, 0x0000000087700000|
|  96|0x0000000087800000, 0x0000000087800000, 0x0000000087900000|  0%| F|  |TS  0|AC  0|TAMS 0x0000000087800000, 0x0000000087800000|
|  97|0x0000000087900000, 0x0000000087900000, 0x0000000087a00000|  0%| F|  |TS  0|AC  0|TAMS 0x0000000087900000, 0x0000000087900000|
|  98|0x0000000087a00000, 0x0000000087a00000, 0x0000000087b00000|  0%| F|  |TS  0|AC  0|TAMS 0x0000000087a00000, 0x0000000087a00000|
|  99|0x0000000087b00000, 0x0000000087b00000, 0x0000000087c00000|  0%| F|  |TS  0|AC  0|TAMS 0x0000000087b00000, 0x0000000087b00000|
| 100|0x0000000087c00000, 0x0000000087c00000, 0x0000000087d00000|  0%| F|  |TS  0|AC  0|TAMS 0x0000000087c00000, 0x0000000087c00000|
| 101|0x0000000087d00000, 0x0000000087d00000, 0x0000000087e00000|  0%| F|  |TS  0|AC  0|TAMS 0x0000000087d00000, 0x0000000087d00000|
| 102|0x0000000087e00000, 0x0000000087e00000, 0x0000000087f00000|  0%| F|  |TS  0|AC  0|TAMS 0x0000000087e00000, 0x0000000087e00000|
| 103|0x0000000087f00000, 0x0000000087f00000, 0x0000000088000000|  0%| F|  |TS  0|AC  0|TAMS 0x0000000087f00000, 0x0000000087f00000|
| 104|0x0000000088000000, 0x0000000088000000, 0x0000000088100000|  0%| F|  |TS  0|AC  0|TAMS 0x0000000088000000, 0x0000000088000000|
| 105|0x0000000088100000, 0x0000000088100000, 0x0000000088200000|  0%| F|  |TS  0|AC  0|TAMS 0x0000000088100000, 0x0000000088100000|
| 106|0x0000000088200000, 0x0000000088200000, 0x0000000088300000|  0%| F|  |TS  0|AC  0|TAMS 0x0000000088200000, 0x0000000088200000|
| 107|0x0000000088300000, 0x0000000088300000, 0x0000000088400000|  0%| F|  |TS  0|AC  0|TAMS 0x0000000088300000, 0x0000000088300000|
| 108|0x0000000088400000, 0x0000000088400000, 0x0000000088500000|  0%| F|  |TS  0|AC  0|TAMS 0x0000000088400000, 0x0000000088400000|
| 109|0x0000000088500000, 0x0000000088500000, 0x0000000088600000|  0%| F|  |TS  0|AC  0|TAMS 0x0000000088500000, 0x0000000088500000|
| 110|0x0000000088600000, 0x0000000088600000, 0x0000000088700000|  0%| F|  |TS  0|AC  0|TAMS 0x0000000088600000, 0x0000000088600000|
| 111|0x0000000088700000, 0x0000000088700000, 0x0000000088800000|  0%| F|  |TS  0|AC  0|TAMS 0x0000000088700000, 0x0000000088700000|
| 112|0x0000000088800000, 0x0000000088900000, 0x0000000088900000|100%| S|CS|TS  1|AC  0|TAMS 0x0000000088800000, 0x0000000088800000|
| 113|0x0000000088900000, 0x0000000088a00000, 0x0000000088a00000|100%| S|CS|TS  1|AC  0|TAMS 0x0000000088900000, 0x0000000088900000|
| 114|0x0000000088a00000, 0x0000000088a00000, 0x0000000088b00000|  0%| F|  |TS  1|AC  0|TAMS 0x0000000088a00000, 0x0000000088a00000|
| 115|0x0000000088b00000, 0x0000000088b00000, 0x0000000088c00000|  0%| F|  |TS  1|AC  0|TAMS 0x0000000088b00000, 0x0000000088b00000|
| 116|0x0000000088c00000, 0x0000000088c00000, 0x0000000088d00000|  0%| F|  |TS  1|AC  0|TAMS 0x0000000088c00000, 0x0000000088c00000|
| 117|0x0000000088d00000, 0x0000000088d00000, 0x0000000088e00000|  0%| F|  |TS  1|AC  0|TAMS 0x0000000088d00000, 0x0000000088d00000|
| 118|0x0000000088e00000, 0x0000000088e00000, 0x0000000088f00000|  0%| F|  |TS  1|AC  0|TAMS 0x0000000088e00000, 0x0000000088e00000|
| 119|0x0000000088f00000, 0x0000000088f00000, 0x0000000089000000|  0%| F|  |TS  1|AC  0|TAMS 0x0000000088f00000, 0x0000000088f00000|
| 120|0x0000000089000000, 0x0000000089000000, 0x0000000089100000|  0%| F|  |TS  1|AC  0|TAMS 0x0000000089000000, 0x0000000089000000|
| 121|0x0000000089100000, 0x0000000089100000, 0x0000000089200000|  0%| F|  |TS  1|AC  0|TAMS 0x0000000089100000, 0x0000000089100000|
| 122|0x0000000089200000, 0x0000000089200000, 0x0000000089300000|  0%| F|  |TS  1|AC  0|TAMS 0x0000000089200000, 0x0000000089200000|
| 123|0x0000000089300000, 0x0000000089300000, 0x0000000089400000|  0%| F|  |TS  1|AC  0|TAMS 0x0000000089300000, 0x0000000089300000|
| 124|0x0000000089400000, 0x0000000089400000, 0x0000000089500000|  0%| F|  |TS  1|AC  0|TAMS 0x0000000089400000, 0x0000000089400000|
| 125|0x0000000089500000, 0x0000000089500000, 0x0000000089600000|  0%| F|  |TS  1|AC  0|TAMS 0x0000000089500000, 0x0000000089500000|
| 126|0x0000000089600000, 0x0000000089600000, 0x0000000089700000|  0%| F|  |TS  1|AC  0|TAMS 0x0000000089600000, 0x0000000089600000|
| 127|0x0000000089700000, 0x00000000897903d0, 0x0000000089800000| 56%| E|  |TS  1|AC  0|TAMS 0x0000000089700000, 0x0000000089700000|

Card table byte_map: [0x00000247e2b30000,0x00000247e2f30000] byte_map_base: 0x00000247e2724000

Marking Bits (Prev, Next): (CMBitMap*) 0x00000247c7dfba70, (CMBitMap*) 0x00000247c7dfbaa8
 Prev Bits: [0x00000247e3330000, 0x00000247e52d0000)
 Next Bits: [0x00000247e52d0000, 0x00000247e7270000)

Polling page: 0x00000247c63f0000

CodeHeap 'non-profiled nmethods': size=238912Kb used=1445Kb max_used=1445Kb free=237466Kb
 bounds [0x00000247d37c0000, 0x00000247d3a30000, 0x00000247e2110000]
CodeHeap 'non-nmethods': size=6848Kb used=2220Kb max_used=2220Kb free=4627Kb
 bounds [0x00000247d3110000, 0x00000247d3380000, 0x00000247d37c0000]
 total_blobs=1490 nmethods=1082 adapters=316
 compilation: enabled

Compilation events (10 events):
Event: 4.796 Thread 0x00000247e987d800 1079       1       java.io.DataInputStream::readUnsignedShort (39 bytes)
Event: 4.796 Thread 0x00000247e987d800 nmethod 1079 0x00000247d3925f10 code [0x00000247d39260e0, 0x00000247d39262d0]
Event: 4.796 Thread 0x00000247e9880000 nmethod 1080 0x00000247d3926410 code [0x00000247d3926600, 0x00000247d3926870]
Event: 4.798 Thread 0x00000247e987d800 1081       1       java.io.DataInputStream::readShort (40 bytes)
Event: 4.798 Thread 0x00000247e9880000 1082       1       java.io.DataInputStream::readFully (9 bytes)
Event: 4.798 Thread 0x00000247e9880000 nmethod 1082 0x00000247d3926990 code [0x00000247d3926b40, 0x00000247d3926c90]
Event: 4.799 Thread 0x00000247e989d000 nmethod 1075 0x00000247d3926d90 code [0x00000247d3927120, 0x00000247d3928320]
Event: 4.799 Thread 0x00000247e987d800 nmethod 1081 0x00000247d3928d10 code [0x00000247d3928ee0, 0x00000247d39290d0]
Event: 4.817 Thread 0x00000247e9880000 1083       1       sun.util.locale.LocaleUtils::isUpper (18 bytes)
Event: 4.818 Thread 0x00000247e9880000 nmethod 1083 0x00000247d3929210 code [0x00000247d39293c0, 0x00000247d39294d8]

GC Heap History (2 events):
Event: 4.755 GC heap before
{Heap before GC invocations=0 (full 0):
 garbage-first heap   total 131072K, used 15360K [0x0000000081800000, 0x0000000100000000)
  region size 1024K, 14 young (14336K), 0 survivors (0K)
 Metaspace       used 11552K, capacity 11807K, committed 12160K, reserved 1060864K
  class space    used 1172K, capacity 1291K, committed 1408K, reserved 1048576K
}
Event: 4.773 GC heap after
{Heap after GC invocations=1 (full 0):
 garbage-first heap   total 131072K, used 7221K [0x0000000081800000, 0x0000000100000000)
  region size 1024K, 2 young (2048K), 2 survivors (2048K)
 Metaspace       used 11552K, capacity 11807K, committed 12160K, reserved 1060864K
  class space    used 1172K, capacity 1291K, committed 1408K, reserved 1048576K
}

Deoptimization events (0 events):
No events

Classes redefined (0 events):
No events

Internal exceptions (10 events):
Event: 3.670 Thread 0x00000247c7d77800 Exception <a 'java/lang/NoSuchMethodError'{0x0000000088eae990}: method resolution failed> (0x0000000088eae990) thrown at [t:/workspace/open/src/hotspot/share/prims/methodHandles.cpp, line 1226]
Event: 3.776 Thread 0x00000247c7d77800 Exception <a 'java/lang/NoSuchMethodError'{0x0000000088d3f500}: java.lang.invoke.DirectMethodHandle$Holder.invokeStatic(Ljava/lang/Object;Ljava/lang/Object;)I> (0x0000000088d3f500) thrown at [t:/workspace/open/src/hotspot/share/interpreter/linkResolver.cp
Event: 3.783 Thread 0x00000247c7d77800 Exception <a 'java/lang/NoSuchMethodError'{0x0000000088d4c448}: java.lang.Object.of([Ljava/lang/Object;)Ljava/util/stream/Stream;> (0x0000000088d4c448) thrown at [t:/workspace/open/src/hotspot/share/interpreter/linkResolver.cpp, line 741]
Event: 4.014 Thread 0x00000247c7d77800 Exception <a 'java/lang/NoSuchMethodError'{0x0000000088de5c20}: java.lang.invoke.DirectMethodHandle$Holder.invokeStatic(Ljava/lang/Object;Ljava/lang/Object;Ljava/lang/Object;)V> (0x0000000088de5c20) thrown at [t:/workspace/open/src/hotspot/share/interpret
Event: 4.146 Thread 0x00000247c7d77800 Exception <a 'java/lang/NoSuchMethodError'{0x0000000088c22480}: java.lang.Object.lambda$negate$1(Ljava/lang/Object;)Z> (0x0000000088c22480) thrown at [t:/workspace/open/src/hotspot/share/interpreter/linkResolver.cpp, line 741]
Event: 4.266 Thread 0x00000247c7d77800 Exception <a 'java/lang/NoSuchMethodError'{0x0000000088c7f158}: java.lang.invoke.DirectMethodHandle$Holder.invokeStatic(Ljava/lang/Object;IIII)Ljava/lang/Object;> (0x0000000088c7f158) thrown at [t:/workspace/open/src/hotspot/share/interpreter/linkResolver
Event: 4.267 Thread 0x00000247c7d77800 Exception <a 'java/lang/NoSuchMethodError'{0x0000000088c82310}: java.lang.invoke.DirectMethodHandle$Holder.invokeStaticInit(Ljava/lang/Object;IIII)Ljava/lang/Object;> (0x0000000088c82310) thrown at [t:/workspace/open/src/hotspot/share/interpreter/linkReso
Event: 4.580 Thread 0x00000247c7d77800 Exception <a 'java/lang/NoSuchMethodError'{0x0000000088b51f00}: java.lang.invoke.DirectMethodHandle$Holder.invokeStatic(Ljava/lang/Object;Ljava/lang/Object;IIII)Ljava/lang/Object;> (0x0000000088b51f00) thrown at [t:/workspace/open/src/hotspot/share/interp
Event: 4.580 Thread 0x00000247c7d77800 Exception <a 'java/lang/NoSuchMethodError'{0x0000000088b55320}: java.lang.invoke.DirectMethodHandle$Holder.invokeStaticInit(Ljava/lang/Object;Ljava/lang/Object;IIII)Ljava/lang/Object;> (0x0000000088b55320) thrown at [t:/workspace/open/src/hotspot/share/in
Event: 4.619 Thread 0x00000247c7d77800 Exception <a 'java/lang/ClassNotFoundException'{0x0000000088b76880}: javax/management/remote/rmi/RMIServerImpl_Skel> (0x0000000088b76880) thrown at [t:/workspace/open/src/hotspot/share/classfile/systemDictionary.cpp, line 233]

Events (10 events):
Event: 4.816 loading class sun/util/locale/provider/LocaleProviderAdapter$NonExistentAdapter done
Event: 4.816 loading class sun/util/locale/LanguageTag
Event: 4.817 loading class sun/util/locale/LanguageTag done
Event: 4.818 loading class sun/util/locale/provider/LocaleResources
Event: 4.818 loading class sun/util/locale/provider/LocaleResources done
Event: 4.818 loading class sun/util/resources/LocaleData
Event: 4.819 loading class sun/util/resources/LocaleData done
Event: 4.819 loading class java/util/AbstractList$ListItr
Event: 4.819 loading class java/util/AbstractList$ListItr done
Event: 4.819 Executing VM operation: Deoptimize


Dynamic libraries:
0x00007ff646220000 - 0x00007ff64625e000 	C:\Program Files\Java\jdk-10.0.1\bin\java.exe
0x00007ff898aa0000 - 0x00007ff898c61000 	C:\Windows\SYSTEM32\ntdll.dll
0x00007ff898670000 - 0x00007ff89871d000 	C:\Windows\system32\KERNEL32.DLL
0x00007ff895360000 - 0x00007ff895548000 	C:\Windows\system32\KERNELBASE.dll
0x00007ff895ea0000 - 0x00007ff895f47000 	C:\Windows\system32\ADVAPI32.dll
0x00007ff897ca0000 - 0x00007ff897d3d000 	C:\Windows\system32\msvcrt.dll
0x00007ff898270000 - 0x00007ff8982cb000 	C:\Windows\system32\sechost.dll
0x00007ff898720000 - 0x00007ff89883c000 	C:\Windows\system32\RPCRT4.dll
0x00007ff898930000 - 0x00007ff898a86000 	C:\Windows\system32\USER32.dll
0x00007ff897b00000 - 0x00007ff897c86000 	C:\Windows\system32\GDI32.dll
0x00007ff889500000 - 0x00007ff889774000 	C:\Windows\WinSxS\amd64_microsoft.windows.common-controls_6595b64144ccf1df_6.0.10586.494_none_a2d8b04ea53e3145\COMCTL32.dll
0x00007ff8983f0000 - 0x00007ff89866d000 	C:\Windows\system32\combase.dll
0x00007ff895150000 - 0x00007ff8951ba000 	C:\Windows\system32\bcryptPrimitives.dll
0x00007ff88bc10000 - 0x00007ff88bc1a000 	C:\Windows\SYSTEM32\VERSION.dll
0x00007ff8988f0000 - 0x00007ff89892b000 	C:\Windows\system32\IMM32.DLL
0x00007ff8800f0000 - 0x00007ff8801df000 	C:\Program Files\Java\jdk-10.0.1\bin\msvcr120.dll
0x00007ff880810000 - 0x00007ff8808b6000 	C:\Program Files\Java\jdk-10.0.1\bin\msvcp120.dll
0x0000000061140000 - 0x0000000061bb0000 	C:\Program Files\Java\jdk-10.0.1\bin\server\jvm.dll
0x00007ff8983e0000 - 0x00007ff8983e8000 	C:\Windows\system32\PSAPI.DLL
0x00007ff88d9e0000 - 0x00007ff88d9e9000 	C:\Windows\SYSTEM32\WSOCK32.dll
0x00007ff897d40000 - 0x00007ff897dab000 	C:\Windows\system32\WS2_32.dll
0x00007ff8937f0000 - 0x00007ff893813000 	C:\Windows\SYSTEM32\WINMM.dll
0x00007ff893790000 - 0x00007ff8937bc000 	C:\Windows\SYSTEM32\WINMMBASE.dll
0x00007ff895e50000 - 0x00007ff895e93000 	C:\Windows\system32\cfgmgr32.dll
0x00007ff88f210000 - 0x00007ff88f21f000 	C:\Program Files\Java\jdk-10.0.1\bin\verify.dll
0x00007ff8841b0000 - 0x00007ff88433c000 	C:\Windows\SYSTEM32\DBGHELP.DLL
0x00007ff8860b0000 - 0x00007ff8860d5000 	C:\Windows\SYSTEM32\dbgcore.DLL
0x00007ff88c6e0000 - 0x00007ff88c707000 	C:\Program Files\Java\jdk-10.0.1\bin\java.dll
0x00007ff887440000 - 0x00007ff88746a000 	C:\Program Files\Java\jdk-10.0.1\bin\instrument.dll
0x00007ff88c6c0000 - 0x00007ff88c6d6000 	C:\Program Files\Java\jdk-10.0.1\bin\zip.dll
0x00007ff88f200000 - 0x00007ff88f20a000 	C:\Program Files\Java\jdk-10.0.1\bin\jimage.dll
0x00007ff895f50000 - 0x00007ff8974ac000 	C:\Windows\system32\SHELL32.dll
0x00007ff895630000 - 0x00007ff895c75000 	C:\Windows\system32\windows.storage.dll
0x00007ff8978e0000 - 0x00007ff897932000 	C:\Windows\system32\shlwapi.dll
0x00007ff8950c0000 - 0x00007ff8950cf000 	C:\Windows\system32\kernel.appcore.dll
0x00007ff895550000 - 0x00007ff895605000 	C:\Windows\system32\shcore.dll
0x00007ff8950d0000 - 0x00007ff89511b000 	C:\Windows\system32\powrprof.dll
0x00007ff895120000 - 0x00007ff895134000 	C:\Windows\system32\profapi.dll
0x00007ff887800000 - 0x00007ff88781a000 	C:\Program Files\Java\jdk-10.0.1\bin\net.dll
0x00007ff891870000 - 0x00007ff891938000 	C:\Windows\SYSTEM32\WINHTTP.dll
0x00007ff894990000 - 0x00007ff8949ec000 	C:\Windows\system32\mswsock.dll
0x00007ff8868b0000 - 0x00007ff8868c1000 	C:\Program Files\Java\jdk-10.0.1\bin\nio.dll
0x00007ff88f290000 - 0x00007ff88f2aa000 	C:\Program Files\JetBrains\IntelliJ IDEA 2019.2.3\bin\breakgen64.dll
0x00007ff893a40000 - 0x00007ff893aea000 	C:\Windows\SYSTEM32\DNSAPI.dll
0x00007ff897c90000 - 0x00007ff897c98000 	C:\Windows\system32\NSI.dll
0x00007ff88d740000 - 0x00007ff88d74a000 	C:\Windows\System32\rasadhlp.dll
0x00007ff88e800000 - 0x00007ff88e867000 	C:\Windows\System32\fwpuclnt.dll
0x00007ff894ff0000 - 0x00007ff895019000 	C:\Windows\SYSTEM32\bcrypt.dll
0x00007ff88e020000 - 0x00007ff88e029000 	C:\Program Files\Java\jdk-10.0.1\bin\management.dll
0x00007ff88da90000 - 0x00007ff88da9a000 	C:\Program Files\Java\jdk-10.0.1\bin\management_ext.dll
0x00007ff894a40000 - 0x00007ff894a57000 	C:\Windows\SYSTEM32\CRYPTSP.dll
0x00007ff8946d0000 - 0x00007ff894704000 	C:\Windows\system32\rsaenh.dll
0x00007ff894820000 - 0x00007ff89483f000 	C:\Windows\SYSTEM32\USERENV.dll
0x00007ff894b60000 - 0x00007ff894b6b000 	C:\Windows\SYSTEM32\CRYPTBASE.dll
0x00007ff891950000 - 0x00007ff891988000 	C:\Windows\SYSTEM32\IPHLPAPI.DLL
0x00007ff88e630000 - 0x00007ff88e646000 	C:\Windows\SYSTEM32\dhcpcsvc6.DLL
0x00007ff88e730000 - 0x00007ff88e74a000 	C:\Windows\SYSTEM32\dhcpcsvc.DLL
0x00007ff8897f0000 - 0x00007ff889806000 	C:\Windows\system32\napinsp.dll
0x00007ff889780000 - 0x00007ff88979a000 	C:\Windows\system32\pnrpnsp.dll
0x00007ff892e80000 - 0x00007ff892e98000 	C:\Windows\system32\NLAapi.dll
0x00007ff88b2e0000 - 0x00007ff88b2ed000 	C:\Windows\System32\winrnr.dll

dbghelp: loaded successfully - version: 4.0.5 - missing functions: none
symbol engine: initialized successfully - sym options: 0x614 - pdb path: .;C:\Program Files\Java\jdk-10.0.1\bin;C:\Windows\SYSTEM32;C:\Windows\WinSxS\amd64_microsoft.windows.common-controls_6595b64144ccf1df_6.0.10586.494_none_a2d8b04ea53e3145;C:\Program Files\Java\jdk-10.0.1\bin\server;C:\Program Files\JetBrains\IntelliJ IDEA 2019.2.3\bin

VM Arguments:
jvm_args: -XX:TieredStopAtLevel=1 -Xverify:none -Dspring.output.ansi.enabled=always -Dcom.sun.management.jmxremote -Dspring.jmx.enabled=true -Dspring.liveBeansView.mbeanDomain -Dspring.application.admin.enabled=true -javaagent:C:\Program Files\JetBrains\IntelliJ IDEA 2019.2.3\lib\idea_rt.jar=13975:C:\Program Files\JetBrains\IntelliJ IDEA 2019.2.3\bin -Dfile.encoding=UTF-8 
java_command: com.quick.sms.QuickSmsApplication
java_class_path (initial): F:\projects\java-workspace\bulksms\target\classes;C:\Users\arpan\.m2\repository\org\springframework\boot\spring-boot-starter-web\2.2.4.RELEASE\spring-boot-starter-web-2.2.4.RELEASE.jar;C:\Users\arpan\.m2\repository\org\springframework\boot\spring-boot-starter\2.2.4.RELEASE\spring-boot-starter-2.2.4.RELEASE.jar;C:\Users\arpan\.m2\repository\org\springframework\boot\spring-boot\2.2.4.RELEASE\spring-boot-2.2.4.RELEASE.jar;C:\Users\arpan\.m2\repository\org\springframework\boot\spring-boot-autoconfigure\2.2.4.RELEASE\spring-boot-autoconfigure-2.2.4.RELEASE.jar;C:\Users\arpan\.m2\repository\org\springframework\boot\spring-boot-starter-logging\2.2.4.RELEASE\spring-boot-starter-logging-2.2.4.RELEASE.jar;C:\Users\arpan\.m2\repository\ch\qos\logback\logback-classic\1.2.3\logback-classic-1.2.3.jar;C:\Users\arpan\.m2\repository\ch\qos\logback\logback-core\1.2.3\logback-core-1.2.3.jar;C:\Users\arpan\.m2\repository\org\apache\logging\log4j\log4j-to-slf4j\2.12.1\log4j-to-slf4j-2.12.1.jar;C:\Users\arpan\.m2\repository\org\apache\logging\log4j\log4j-api\2.12.1\log4j-api-2.12.1.jar;C:\Users\arpan\.m2\repository\org\slf4j\jul-to-slf4j\1.7.30\jul-to-slf4j-1.7.30.jar;C:\Users\arpan\.m2\repository\jakarta\annotation\jakarta.annotation-api\1.3.5\jakarta.annotation-api-1.3.5.jar;C:\Users\arpan\.m2\repository\org\yaml\snakeyaml\1.25\snakeyaml-1.25.jar;C:\Users\arpan\.m2\repository\org\springframework\boot\spring-boot-starter-json\2.2.4.RELEASE\spring-boot-starter-json-2.2.4.RELEASE.jar;C:\Users\arpan\.m2\repository\com\fasterxml\jackson\datatype\jackson-datatype-jdk8\2.10.2\jackson-datatype-jdk8-2.10.2.jar;C:\Users\arpan\.m2\repository\com\fasterxml\jackson\datatype\jackson-datatype-jsr310\2.10.2\jackson-datatype-jsr310-2.10.2.jar;C:\Users\arpan\.m2\repository\com\fasterxml\jackson\module\jackson-module-parameter-names\2.10.2\jackson-module-parameter-names-2.10.2.jar;C:\Users\arpan\.m2\repository\org\springframework\boot\spring-boot-starter-tomcat\2.2.4.RELEASE\
Launcher Type: SUN_STANDARD

Logging:
Log output configuration:
#0: stdout all=warning uptime,level,tags
#1: stderr all=off uptime,level,tags

Environment Variables:
JAVA_HOME=C:\Program Files\Java\jdk-10.0.1
PATH=C:\Program Files (x86)\Common Files\Oracle\Java\javapath;C:\Windows\system32;C:\Windows;C:\Windows\System32\Wbem;C:\Windows\System32\WindowsPowerShell\v1.0\;C:\Program Files\Git\cmd;C:\Program Files\PuTTY\;C:\Program Files\nodejs\;C:\Program Files\Java\jdk-10.0.1\bin;C:\Users\arpan\AppData\Local\Android\Sdk;C:\Users\arpan\AppData\Local\Android\Sdk\platform-tools;C:\Users\arpan\AppData\Local\Android\Sdk\emulator;C:\Users\arpan\AppData\Roaming\npm;C:\Program Files\Java\jdk-10.0.1\bin;C:\Program Files\Java\jre-10.0.1\bin;C:\Program Files (x86)\Windows Kits\8.1\Windows Performance Toolkit\;C:\Program Files\Microsoft SQL Server\110\Tools\Binn\;;C:\Program Files\Microsoft VS Code\bin;C:\Users\arpan\AppData\Roaming\npm
USERNAME=arpan
OS=Windows_NT
PROCESSOR_IDENTIFIER=Intel64 Family 6 Model 69 Stepping 1, GenuineIntel



---------------  S Y S T E M  ---------------

OS: Windows 10 , 64 bit Build 10586 (10.0.10586.0)

CPU:total 4 (initial active 4) (2 cores per cpu, 2 threads per core) family 6 model 69 stepping 1, cmov, cx8, fxsr, mmx, sse, sse2, sse3, ssse3, sse4.1, sse4.2, popcnt, avx, avx2, aes, clmul, erms, lzcnt, ht, tsc, tscinvbit, bmi1, bmi2, fma

Memory: 4k page, physical 8290120k(1018500k free), swap 10059592k(1690568k free)

vm_info: Java HotSpot(TM) 64-Bit Server VM (10.0.1+10) for windows-amd64 JRE (10.0.1+10), built on Mar 27 2018 02:27:48 by "mach5one" with MS VC++ 12.0 (VS2013)

END.
