#
# A fatal error has been detected by the Java Runtime Environment:
#
#  EXCEPTION_ACCESS_VIOLATION (0xc0000005) at pc=0x000000006140edff, pid=2260, tid=4992
#
# JRE version: Java(TM) SE Runtime Environment (10.0.1+10) (build 10.0.1+10)
# Java VM: Java HotSpot(TM) 64-Bit Server VM (10.0.1+10, mixed mode, tiered, compressed oops, g1 gc, windows-amd64)
# Problematic frame:
# V  [jvm.dll+0x2cedff]
#
# No core dump will be written. Minidumps are not enabled by default on client versions of Windows
#
# If you would like to submit a bug report, please visit:
#   http://bugreport.java.com/bugreport/crash.jsp
#

---------------  S U M M A R Y ------------

Command Line: -XX:TieredStopAtLevel=1 -Xverify:none -Dspring.output.ansi.enabled=always -Dcom.sun.management.jmxremote -Dspring.jmx.enabled=true -Dspring.liveBeansView.mbeanDomain -Dspring.application.admin.enabled=true -javaagent:C:\Program Files\JetBrains\IntelliJ IDEA 2019.2.3\lib\idea_rt.jar=8348:C:\Program Files\JetBrains\IntelliJ IDEA 2019.2.3\bin -Dfile.encoding=UTF-8 com.quick.sms.QuickSmsApplication

Host: Intel(R) Core(TM) i3-4005U CPU @ 1.70GHz, 4 cores, 7G,  Windows 10 , 64 bit Build 10586 (10.0.10586.0)
Time: Wed May 13 12:06:04 2020 India Standard Time elapsed time: 7 seconds (0d 0h 0m 7s)

---------------  T H R E A D  ---------------

Current thread (0x0000023c60fa0800):  ConcurrentGCThread "G1 Conc#0" [stack: 0x000000d793000000,0x000000d793100000] [id=4992]

Stack: [0x000000d793000000,0x000000d793100000],  sp=0x000000d7930ff720,  free space=1021k
Native frames: (J=compiled Java code, j=interpreted, Vv=VM code, C=native code)
V  [jvm.dll+0x2cedff]
V  [jvm.dll+0x2f53c3]
V  [jvm.dll+0x2cf25c]
V  [jvm.dll+0x2caca6]
V  [jvm.dll+0x2cd5b8]
V  [jvm.dll+0x2ceceb]
V  [jvm.dll+0x2cd93b]
V  [jvm.dll+0x2d0cf6]
V  [jvm.dll+0x6dffc0]
V  [jvm.dll+0x59f680]
C  [msvcr120.dll+0x24f7f]
C  [msvcr120.dll+0x25126]
C  [KERNEL32.DLL+0x18102]
C  [ntdll.dll+0x5c5b4]


siginfo: EXCEPTION_ACCESS_VIOLATION (0xc0000005), reading address 0x0000000000000170


Register to memory mapping:

RIP=0x000000006140edff jvm.dll
RAX=0x0000023c60f3d3c0 is an unknown value
RBX=0x0000023c60f9b190 is an unknown value
RCX=0x0000000000000014 is an unknown value
RDX=0x0000023c60f97fb0 is an unknown value
RSP=0x000000d7930ff720 is an unknown value
RBP=0x000000d7930ff8e8 is an unknown value
RSI=0x0000000000000003 is an unknown value
RDI=0x00000000020ce288 is an unknown value
R8 =0x0000000000000000 is an unknown value
R9 =0x0000000000000000 is an unknown value
R10=0x00000000000047d2 is an unknown value
R11=0x0000023c7c4e0000 is an unknown value
R12=0x000000010001aee8 is pointing into metadata
R13=0x00000000820ce268 is an oop
java.util.concurrent.ConcurrentHashMap$Node 
{0x00000000820ce268} - klass: 'java/util/concurrent/ConcurrentHashMap$Node'
R14=0x000000010001aee0 is pointing into metadata
R15=0x0000000000000000 is an unknown value


Registers:
RAX=0x0000023c60f3d3c0, RBX=0x0000023c60f9b190, RCX=0x0000000000000014, RDX=0x0000023c60f97fb0
RSP=0x000000d7930ff720, RBP=0x000000d7930ff8e8, RSI=0x0000000000000003, RDI=0x00000000020ce288
R8 =0x0000000000000000, R9 =0x0000000000000000, R10=0x00000000000047d2, R11=0x0000023c7c4e0000
R12=0x000000010001aee8, R13=0x00000000820ce268, R14=0x000000010001aee0, R15=0x0000000000000000
RIP=0x000000006140edff, EFLAGS=0x0000000000010203

Top of Stack: (sp=0x000000d7930ff720)
0x000000d7930ff720:   0000023c60f9b190 0000000000000003
0x000000d7930ff730:   0000000000000000 000000000007270e
0x000000d7930ff740:   0000000000000001 00000000614353c3
0x000000d7930ff750:   0000000000000004 00000000820ce27c
0x000000d7930ff760:   0000000100001678 000000006140f25c
0x000000d7930ff770:   000000d7930ff8c8 0000023c60fa3d01
0x000000d7930ff780:   0000000000000000 000000000000000c
0x000000d7930ff790:   000000010001acb8 000000006140f25c
0x000000d7930ff7a0:   0000000000000004 000000d7930ff8e8
0x000000d7930ff7b0:   00000000820ce268 0000000100013bf8
0x000000d7930ff7c0:   00000000820ce268 000000006140aca6
0x000000d7930ff7d0:   0000023c60f9b190 000000000011f480
0x000000d7930ff7e0:   000000d7930ff8c8 0000000000000000
0x000000d7930ff7f0:   00000000820ce268 000000006140d5b8
0x000000d7930ff800:   0000000000119c4d 000000d7930ff8c8
0x000000d7930ff810:   0000000081f283b0 0000000000119c4b 

Instructions: (pc=0x000000006140edff)
0x000000006140eddf:   51 20 48 8b d9 48 8b 42 08 4c 8b c7 8b 88 10 03
0x000000006140edef:   00 00 48 8b 80 00 03 00 00 49 d3 e8 4e 8b 04 c0
0x000000006140edff:   49 3b b8 70 01 00 00 0f 83 b5 00 00 00 48 8b 82
0x000000006140ee0f:   d8 00 00 00 48 8b d7 48 2b 10 8b 48 10 48 c1 ea 



---------------  P R O C E S S  ---------------

Threads class SMR info:
_java_thread_list=0x0000023c05241490, length=14, elements={
0x0000023c60f0d000, 0x0000023c7eaf8800, 0x0000023c7eaf9800, 0x0000023c7f482800,
0x0000023c7f483000, 0x0000023c7eb14800, 0x0000023c7eb36800, 0x0000023c7eb37000,
0x0000023c7eb38000, 0x0000023c7f60c800, 0x0000023c0404d800, 0x0000023c04050000,
0x0000023c042cc800, 0x0000023c057b0800
}

Java Threads: ( => current thread )
  0x0000023c60f0d000 JavaThread "main" [_thread_blocked, id=5152, stack(0x000000d792a00000,0x000000d792b00000)]
  0x0000023c7eaf8800 JavaThread "Reference Handler" daemon [_thread_blocked, id=7004, stack(0x000000d793700000,0x000000d793800000)]
  0x0000023c7eaf9800 JavaThread "Finalizer" daemon [_thread_blocked, id=4832, stack(0x000000d793800000,0x000000d793900000)]
  0x0000023c7f482800 JavaThread "Signal Dispatcher" daemon [_thread_blocked, id=5620, stack(0x000000d793900000,0x000000d793a00000)]
  0x0000023c7f483000 JavaThread "Attach Listener" daemon [_thread_blocked, id=6236, stack(0x000000d793a00000,0x000000d793b00000)]
  0x0000023c7eb14800 JavaThread "C1 CompilerThread0" daemon [_thread_blocked, id=7216, stack(0x000000d793b00000,0x000000d793c00000)]
  0x0000023c7eb36800 JavaThread "C1 CompilerThread1" daemon [_thread_blocked, id=5632, stack(0x000000d793c00000,0x000000d793d00000)]
  0x0000023c7eb37000 JavaThread "C1 CompilerThread2" daemon [_thread_blocked, id=13092, stack(0x000000d793d00000,0x000000d793e00000)]
  0x0000023c7eb38000 JavaThread "Sweeper thread" daemon [_thread_blocked, id=1224, stack(0x000000d793e00000,0x000000d793f00000)]
  0x0000023c7f60c800 JavaThread "Common-Cleaner" daemon [_thread_blocked, id=12308, stack(0x000000d793f00000,0x000000d794000000)]
  0x0000023c0404d800 JavaThread "Monitor Ctrl-Break" daemon [_thread_in_native, id=3396, stack(0x000000d794000000,0x000000d794100000)]
  0x0000023c04050000 JavaThread "Service Thread" daemon [_thread_blocked, id=5208, stack(0x000000d794100000,0x000000d794200000)]
  0x0000023c042cc800 JavaThread "RMI TCP Accept-0" daemon [_thread_in_native, id=4068, stack(0x000000d794200000,0x000000d794300000)]
  0x0000023c057b0800 JavaThread "RMI TCP Connection(1)-192.168.43.6" daemon [_thread_blocked, id=13296, stack(0x000000d794b00000,0x000000d794c00000)]

Other Threads:
  0x0000023c7eaf0800 VMThread "VM Thread" [stack: 0x000000d793600000,0x000000d793700000] [id=7608]
  0x0000023c042e0000 WatcherThread [stack: 0x000000d794300000,0x000000d794400000] [id=12736]
  0x0000023c60f25800 GCTaskThread "GC Thread#0" [stack: 0x000000d792b00000,0x000000d792c00000] [id=3740]
  0x0000023c60f27000 GCTaskThread "GC Thread#1" [stack: 0x000000d792c00000,0x000000d792d00000] [id=6120]
  0x0000023c60f2a800 GCTaskThread "GC Thread#2" [stack: 0x000000d792d00000,0x000000d792e00000] [id=12496]
  0x0000023c60f2d000 GCTaskThread "GC Thread#3" [stack: 0x000000d792e00000,0x000000d792f00000] [id=1280]
  0x0000023c60f99000 ConcurrentGCThread "G1 Main Marker" [stack: 0x000000d792f00000,0x000000d793000000] [id=5404]
=>0x0000023c60fa0800 ConcurrentGCThread "G1 Conc#0" [stack: 0x000000d793000000,0x000000d793100000] [id=4992]
  0x0000023c7e979800 ConcurrentGCThread "G1 Refine#0" [stack: 0x000000d793100000,0x000000d793200000] [id=11944]
  0x0000023c7e97a000 ConcurrentGCThread "G1 Refine#1" [stack: 0x000000d793200000,0x000000d793300000] [id=6816]
  0x0000023c7e97b000 ConcurrentGCThread "G1 Refine#2" [stack: 0x000000d793300000,0x000000d793400000] [id=13392]
  0x0000023c7e97c000 ConcurrentGCThread "G1 Refine#3" [stack: 0x000000d793400000,0x000000d793500000] [id=6480]
  0x0000023c7e97f800 ConcurrentGCThread "G1 Young RemSet Sampling" [stack: 0x000000d793500000,0x000000d793600000] [id=13412]

Threads with active compile tasks:

VM state:not at safepoint (normal execution)

VM Mutex/Monitor currently owned by a thread:  ([mutex/lock_event])
[0x0000023c60f0c600] Compile_lock - owner thread: 0x0000023c60f0d000

Heap address: 0x0000000081800000, size: 2024 MB, Compressed Oops mode: 32-bit
Narrow klass base: 0x0000000000000000, Narrow klass shift: 3
Compressed class space size: 1073741824 Address: 0x0000000100000000

Heap:
 garbage-first heap   total 157696K, used 18399K [0x0000000081800000, 0x0000000100000000)
  region size 1024K, 10 young (10240K), 8 survivors (8192K)
 Metaspace       used 34997K, capacity 36010K, committed 36176K, reserved 1081344K
  class space    used 4226K, capacity 4646K, committed 4688K, reserved 1048576K
Heap Regions: E=young(eden), S=young(survivor), O=old, HS=humongous(starts), HC=humongous(continues), CS=collection set, F=free, A=archive, TS=gc time stamp, AC=allocation context, TAMS=top-at-mark-start (previous, next)
|   0|0x0000000081800000, 0x0000000081900000, 0x0000000081900000|100%|HS|  |TS  0|AC  0|TAMS 0x0000000081900000, 0x0000000081900000|
|   1|0x0000000081900000, 0x0000000081a00000, 0x0000000081a00000|100%| O|  |TS  0|AC  0|TAMS 0x0000000081a00000, 0x0000000081a00000|
|   2|0x0000000081a00000, 0x0000000081b00000, 0x0000000081b00000|100%| O|  |TS  0|AC  0|TAMS 0x0000000081b00000, 0x0000000081b00000|
|   3|0x0000000081b00000, 0x0000000081c00000, 0x0000000081c00000|100%| O|  |TS  0|AC  0|TAMS 0x0000000081c00000, 0x0000000081c00000|
|   4|0x0000000081c00000, 0x0000000081d00000, 0x0000000081d00000|100%| O|  |TS  0|AC  0|TAMS 0x0000000081d00000, 0x0000000081d00000|
|   5|0x0000000081d00000, 0x0000000081e00000, 0x0000000081e00000|100%| O|  |TS  0|AC  0|TAMS 0x0000000081e00000, 0x0000000081e00000|
|   6|0x0000000081e00000, 0x0000000081f00000, 0x0000000081f00000|100%| O|  |TS  2|AC  0|TAMS 0x0000000081ee6200, 0x0000000081f00000|
|   7|0x0000000081f00000, 0x0000000082000000, 0x0000000082000000|100%| O|  |TS  3|AC  0|TAMS 0x0000000081f00000, 0x0000000082000000|
|   8|0x0000000082000000, 0x00000000820fa400, 0x0000000082100000| 97%| O|  |TS  3|AC  0|TAMS 0x0000000082000000, 0x00000000820fa400|
|   9|0x0000000082100000, 0x0000000082100000, 0x0000000082200000|  0%| F|  |TS  0|AC  0|TAMS 0x0000000082100000, 0x0000000082100000|
|  10|0x0000000082200000, 0x0000000082200000, 0x0000000082300000|  0%| F|  |TS  0|AC  0|TAMS 0x0000000082200000, 0x0000000082200000|
|  11|0x0000000082300000, 0x0000000082300000, 0x0000000082400000|  0%| F|  |TS  0|AC  0|TAMS 0x0000000082300000, 0x0000000082300000|
|  12|0x0000000082400000, 0x0000000082400000, 0x0000000082500000|  0%| F|  |TS  0|AC  0|TAMS 0x0000000082400000, 0x0000000082400000|
|  13|0x0000000082500000, 0x0000000082500000, 0x0000000082600000|  0%| F|  |TS  0|AC  0|TAMS 0x0000000082500000, 0x0000000082500000|
|  14|0x0000000082600000, 0x0000000082600000, 0x0000000082700000|  0%| F|  |TS  0|AC  0|TAMS 0x0000000082600000, 0x0000000082600000|
|  15|0x0000000082700000, 0x0000000082700000, 0x0000000082800000|  0%| F|  |TS  0|AC  0|TAMS 0x0000000082700000, 0x0000000082700000|
|  16|0x0000000082800000, 0x0000000082800000, 0x0000000082900000|  0%| F|  |TS  0|AC  0|TAMS 0x0000000082800000, 0x0000000082800000|
|  17|0x0000000082900000, 0x0000000082900000, 0x0000000082a00000|  0%| F|  |TS  0|AC  0|TAMS 0x0000000082900000, 0x0000000082900000|
|  18|0x0000000082a00000, 0x0000000082a00000, 0x0000000082b00000|  0%| F|  |TS  0|AC  0|TAMS 0x0000000082a00000, 0x0000000082a00000|
|  19|0x0000000082b00000, 0x0000000082b00000, 0x0000000082c00000|  0%| F|  |TS  0|AC  0|TAMS 0x0000000082b00000, 0x0000000082b00000|
|  20|0x0000000082c00000, 0x0000000082c00000, 0x0000000082d00000|  0%| F|  |TS  0|AC  0|TAMS 0x0000000082c00000, 0x0000000082c00000|
|  21|0x0000000082d00000, 0x0000000082d00000, 0x0000000082e00000|  0%| F|  |TS  0|AC  0|TAMS 0x0000000082d00000, 0x0000000082d00000|
|  22|0x0000000082e00000, 0x0000000082e00000, 0x0000000082f00000|  0%| F|  |TS  0|AC  0|TAMS 0x0000000082e00000, 0x0000000082e00000|
|  23|0x0000000082f00000, 0x0000000082f00000, 0x0000000083000000|  0%| F|  |TS  0|AC  0|TAMS 0x0000000082f00000, 0x0000000082f00000|
|  24|0x0000000083000000, 0x0000000083000000, 0x0000000083100000|  0%| F|  |TS  0|AC  0|TAMS 0x0000000083000000, 0x0000000083000000|
|  25|0x0000000083100000, 0x0000000083100000, 0x0000000083200000|  0%| F|  |TS  0|AC  0|TAMS 0x0000000083100000, 0x0000000083100000|
|  26|0x0000000083200000, 0x0000000083200000, 0x0000000083300000|  0%| F|  |TS  0|AC  0|TAMS 0x0000000083200000, 0x0000000083200000|
|  27|0x0000000083300000, 0x0000000083300000, 0x0000000083400000|  0%| F|  |TS  0|AC  0|TAMS 0x0000000083300000, 0x0000000083300000|
|  28|0x0000000083400000, 0x0000000083400000, 0x0000000083500000|  0%| F|  |TS  0|AC  0|TAMS 0x0000000083400000, 0x0000000083400000|
|  29|0x0000000083500000, 0x0000000083500000, 0x0000000083600000|  0%| F|  |TS  0|AC  0|TAMS 0x0000000083500000, 0x0000000083500000|
|  30|0x0000000083600000, 0x0000000083600000, 0x0000000083700000|  0%| F|  |TS  0|AC  0|TAMS 0x0000000083600000, 0x0000000083600000|
|  31|0x0000000083700000, 0x0000000083700000, 0x0000000083800000|  0%| F|  |TS  0|AC  0|TAMS 0x0000000083700000, 0x0000000083700000|
|  32|0x0000000083800000, 0x0000000083800000, 0x0000000083900000|  0%| F|  |TS  0|AC  0|TAMS 0x0000000083800000, 0x0000000083800000|
|  33|0x0000000083900000, 0x0000000083900000, 0x0000000083a00000|  0%| F|  |TS  0|AC  0|TAMS 0x0000000083900000, 0x0000000083900000|
|  34|0x0000000083a00000, 0x0000000083a00000, 0x0000000083b00000|  0%| F|  |TS  0|AC  0|TAMS 0x0000000083a00000, 0x0000000083a00000|
|  35|0x0000000083b00000, 0x0000000083b00000, 0x0000000083c00000|  0%| F|  |TS  0|AC  0|TAMS 0x0000000083b00000, 0x0000000083b00000|
|  36|0x0000000083c00000, 0x0000000083c00000, 0x0000000083d00000|  0%| F|  |TS  0|AC  0|TAMS 0x0000000083c00000, 0x0000000083c00000|
|  37|0x0000000083d00000, 0x0000000083d00000, 0x0000000083e00000|  0%| F|  |TS  0|AC  0|TAMS 0x0000000083d00000, 0x0000000083d00000|
|  38|0x0000000083e00000, 0x0000000083e00000, 0x0000000083f00000|  0%| F|  |TS  0|AC  0|TAMS 0x0000000083e00000, 0x0000000083e00000|
|  39|0x0000000083f00000, 0x0000000083f00000, 0x0000000084000000|  0%| F|  |TS  0|AC  0|TAMS 0x0000000083f00000, 0x0000000083f00000|
|  40|0x0000000084000000, 0x0000000084000000, 0x0000000084100000|  0%| F|  |TS  0|AC  0|TAMS 0x0000000084000000, 0x0000000084000000|
|  41|0x0000000084100000, 0x0000000084100000, 0x0000000084200000|  0%| F|  |TS  0|AC  0|TAMS 0x0000000084100000, 0x0000000084100000|
|  42|0x0000000084200000, 0x0000000084200000, 0x0000000084300000|  0%| F|  |TS  0|AC  0|TAMS 0x0000000084200000, 0x0000000084200000|
|  43|0x0000000084300000, 0x0000000084300000, 0x0000000084400000|  0%| F|  |TS  0|AC  0|TAMS 0x0000000084300000, 0x0000000084300000|
|  44|0x0000000084400000, 0x0000000084400000, 0x0000000084500000|  0%| F|  |TS  0|AC  0|TAMS 0x0000000084400000, 0x0000000084400000|
|  45|0x0000000084500000, 0x0000000084500000, 0x0000000084600000|  0%| F|  |TS  0|AC  0|TAMS 0x0000000084500000, 0x0000000084500000|
|  46|0x0000000084600000, 0x0000000084600000, 0x0000000084700000|  0%| F|  |TS  0|AC  0|TAMS 0x0000000084600000, 0x0000000084600000|
|  47|0x0000000084700000, 0x0000000084700000, 0x0000000084800000|  0%| F|  |TS  0|AC  0|TAMS 0x0000000084700000, 0x0000000084700000|
|  48|0x0000000084800000, 0x0000000084800000, 0x0000000084900000|  0%| F|  |TS  0|AC  0|TAMS 0x0000000084800000, 0x0000000084800000|
|  49|0x0000000084900000, 0x0000000084900000, 0x0000000084a00000|  0%| F|  |TS  0|AC  0|TAMS 0x0000000084900000, 0x0000000084900000|
|  50|0x0000000084a00000, 0x0000000084a00000, 0x0000000084b00000|  0%| F|  |TS  0|AC  0|TAMS 0x0000000084a00000, 0x0000000084a00000|
|  51|0x0000000084b00000, 0x0000000084b00000, 0x0000000084c00000|  0%| F|  |TS  0|AC  0|TAMS 0x0000000084b00000, 0x0000000084b00000|
|  52|0x0000000084c00000, 0x0000000084c00000, 0x0000000084d00000|  0%| F|  |TS  0|AC  0|TAMS 0x0000000084c00000, 0x0000000084c00000|
|  53|0x0000000084d00000, 0x0000000084d00000, 0x0000000084e00000|  0%| F|  |TS  0|AC  0|TAMS 0x0000000084d00000, 0x0000000084d00000|
|  54|0x0000000084e00000, 0x0000000084e00000, 0x0000000084f00000|  0%| F|  |TS  0|AC  0|TAMS 0x0000000084e00000, 0x0000000084e00000|
|  55|0x0000000084f00000, 0x0000000084f00000, 0x0000000085000000|  0%| F|  |TS  0|AC  0|TAMS 0x0000000084f00000, 0x0000000084f00000|
|  56|0x0000000085000000, 0x0000000085000000, 0x0000000085100000|  0%| F|  |TS  0|AC  0|TAMS 0x0000000085000000, 0x0000000085000000|
|  57|0x0000000085100000, 0x00000000851fdb80, 0x0000000085200000| 99%| S|CS|TS  3|AC  0|TAMS 0x0000000085100000, 0x0000000085100000|
|  58|0x0000000085200000, 0x0000000085300000, 0x0000000085300000|100%| S|CS|TS  3|AC  0|TAMS 0x0000000085200000, 0x0000000085200000|
|  59|0x0000000085300000, 0x0000000085400000, 0x0000000085400000|100%| S|CS|TS  3|AC  0|TAMS 0x0000000085300000, 0x0000000085300000|
|  60|0x0000000085400000, 0x0000000085500000, 0x0000000085500000|100%| S|CS|TS  3|AC  0|TAMS 0x0000000085400000, 0x0000000085400000|
|  61|0x0000000085500000, 0x0000000085600000, 0x0000000085600000|100%| S|CS|TS  3|AC  0|TAMS 0x0000000085500000, 0x0000000085500000|
|  62|0x0000000085600000, 0x0000000085700000, 0x0000000085700000|100%| S|CS|TS  3|AC  0|TAMS 0x0000000085600000, 0x0000000085600000|
|  63|0x0000000085700000, 0x0000000085800000, 0x0000000085800000|100%| S|CS|TS  3|AC  0|TAMS 0x0000000085700000, 0x0000000085700000|
|  64|0x0000000085800000, 0x0000000085900000, 0x0000000085900000|100%| S|CS|TS  3|AC  0|TAMS 0x0000000085800000, 0x0000000085800000|
|  65|0x0000000085900000, 0x0000000085900000, 0x0000000085a00000|  0%| F|  |TS  3|AC  0|TAMS 0x0000000085900000, 0x0000000085900000|
|  66|0x0000000085a00000, 0x0000000085a00000, 0x0000000085b00000|  0%| F|  |TS  3|AC  0|TAMS 0x0000000085a00000, 0x0000000085a00000|
|  67|0x0000000085b00000, 0x0000000085b00000, 0x0000000085c00000|  0%| F|  |TS  3|AC  0|TAMS 0x0000000085b00000, 0x0000000085b00000|
|  68|0x0000000085c00000, 0x0000000085c00000, 0x0000000085d00000|  0%| F|  |TS  3|AC  0|TAMS 0x0000000085c00000, 0x0000000085c00000|
|  69|0x0000000085d00000, 0x0000000085d00000, 0x0000000085e00000|  0%| F|  |TS  3|AC  0|TAMS 0x0000000085d00000, 0x0000000085d00000|
|  70|0x0000000085e00000, 0x0000000085e00000, 0x0000000085f00000|  0%| F|  |TS  3|AC  0|TAMS 0x0000000085e00000, 0x0000000085e00000|
|  71|0x0000000085f00000, 0x0000000085f00000, 0x0000000086000000|  0%| F|  |TS  3|AC  0|TAMS 0x0000000085f00000, 0x0000000085f00000|
|  72|0x0000000086000000, 0x0000000086000000, 0x0000000086100000|  0%| F|  |TS  3|AC  0|TAMS 0x0000000086000000, 0x0000000086000000|
|  73|0x0000000086100000, 0x0000000086100000, 0x0000000086200000|  0%| F|  |TS  3|AC  0|TAMS 0x0000000086100000, 0x0000000086100000|
|  74|0x0000000086200000, 0x0000000086200000, 0x0000000086300000|  0%| F|  |TS  3|AC  0|TAMS 0x0000000086200000, 0x0000000086200000|
|  75|0x0000000086300000, 0x0000000086300000, 0x0000000086400000|  0%| F|  |TS  3|AC  0|TAMS 0x0000000086300000, 0x0000000086300000|
|  76|0x0000000086400000, 0x0000000086400000, 0x0000000086500000|  0%| F|  |TS  3|AC  0|TAMS 0x0000000086400000, 0x0000000086400000|
|  77|0x0000000086500000, 0x0000000086500000, 0x0000000086600000|  0%| F|  |TS  3|AC  0|TAMS 0x0000000086500000, 0x0000000086500000|
|  78|0x0000000086600000, 0x0000000086600000, 0x0000000086700000|  0%| F|  |TS  3|AC  0|TAMS 0x0000000086600000, 0x0000000086600000|
|  79|0x0000000086700000, 0x0000000086700000, 0x0000000086800000|  0%| F|  |TS  3|AC  0|TAMS 0x0000000086700000, 0x0000000086700000|
|  80|0x0000000086800000, 0x0000000086800000, 0x0000000086900000|  0%| F|  |TS  3|AC  0|TAMS 0x0000000086800000, 0x0000000086800000|
|  81|0x0000000086900000, 0x0000000086900000, 0x0000000086a00000|  0%| F|  |TS  3|AC  0|TAMS 0x0000000086900000, 0x0000000086900000|
|  82|0x0000000086a00000, 0x0000000086a00000, 0x0000000086b00000|  0%| F|  |TS  3|AC  0|TAMS 0x0000000086a00000, 0x0000000086a00000|
|  83|0x0000000086b00000, 0x0000000086b00000, 0x0000000086c00000|  0%| F|  |TS  3|AC  0|TAMS 0x0000000086b00000, 0x0000000086b00000|
|  84|0x0000000086c00000, 0x0000000086c00000, 0x0000000086d00000|  0%| F|  |TS  3|AC  0|TAMS 0x0000000086c00000, 0x0000000086c00000|
|  85|0x0000000086d00000, 0x0000000086d00000, 0x0000000086e00000|  0%| F|  |TS  3|AC  0|TAMS 0x0000000086d00000, 0x0000000086d00000|
|  86|0x0000000086e00000, 0x0000000086e00000, 0x0000000086f00000|  0%| F|  |TS  3|AC  0|TAMS 0x0000000086e00000, 0x0000000086e00000|
|  87|0x0000000086f00000, 0x0000000086f00000, 0x0000000087000000|  0%| F|  |TS  3|AC  0|TAMS 0x0000000086f00000, 0x0000000086f00000|
|  88|0x0000000087000000, 0x0000000087000000, 0x0000000087100000|  0%| F|  |TS  3|AC  0|TAMS 0x0000000087000000, 0x0000000087000000|
|  89|0x0000000087100000, 0x0000000087100000, 0x0000000087200000|  0%| F|  |TS  3|AC  0|TAMS 0x0000000087100000, 0x0000000087100000|
|  90|0x0000000087200000, 0x0000000087200000, 0x0000000087300000|  0%| F|  |TS  3|AC  0|TAMS 0x0000000087200000, 0x0000000087200000|
|  91|0x0000000087300000, 0x0000000087300000, 0x0000000087400000|  0%| F|  |TS  3|AC  0|TAMS 0x0000000087300000, 0x0000000087300000|
|  92|0x0000000087400000, 0x0000000087400000, 0x0000000087500000|  0%| F|  |TS  3|AC  0|TAMS 0x0000000087400000, 0x0000000087400000|
|  93|0x0000000087500000, 0x0000000087500000, 0x0000000087600000|  0%| F|  |TS  3|AC  0|TAMS 0x0000000087500000, 0x0000000087500000|
|  94|0x0000000087600000, 0x0000000087600000, 0x0000000087700000|  0%| F|  |TS  3|AC  0|TAMS 0x0000000087600000, 0x0000000087600000|
|  95|0x0000000087700000, 0x0000000087700000, 0x0000000087800000|  0%| F|  |TS  3|AC  0|TAMS 0x0000000087700000, 0x0000000087700000|
|  96|0x0000000087800000, 0x0000000087800000, 0x0000000087900000|  0%| F|  |TS  3|AC  0|TAMS 0x0000000087800000, 0x0000000087800000|
|  97|0x0000000087900000, 0x0000000087900000, 0x0000000087a00000|  0%| F|  |TS  3|AC  0|TAMS 0x0000000087900000, 0x0000000087900000|
|  98|0x0000000087a00000, 0x0000000087a00000, 0x0000000087b00000|  0%| F|  |TS  3|AC  0|TAMS 0x0000000087a00000, 0x0000000087a00000|
|  99|0x0000000087b00000, 0x0000000087b00000, 0x0000000087c00000|  0%| F|  |TS  3|AC  0|TAMS 0x0000000087b00000, 0x0000000087b00000|
| 100|0x0000000087c00000, 0x0000000087c00000, 0x0000000087d00000|  0%| F|  |TS  3|AC  0|TAMS 0x0000000087c00000, 0x0000000087c00000|
| 101|0x0000000087d00000, 0x0000000087d00000, 0x0000000087e00000|  0%| F|  |TS  3|AC  0|TAMS 0x0000000087d00000, 0x0000000087d00000|
| 102|0x0000000087e00000, 0x0000000087e00000, 0x0000000087f00000|  0%| F|  |TS  3|AC  0|TAMS 0x0000000087e00000, 0x0000000087e00000|
| 103|0x0000000087f00000, 0x0000000087f00000, 0x0000000088000000|  0%| F|  |TS  3|AC  0|TAMS 0x0000000087f00000, 0x0000000087f00000|
| 104|0x0000000088000000, 0x0000000088000000, 0x0000000088100000|  0%| F|  |TS  3|AC  0|TAMS 0x0000000088000000, 0x0000000088000000|
| 105|0x0000000088100000, 0x0000000088100000, 0x0000000088200000|  0%| F|  |TS  3|AC  0|TAMS 0x0000000088100000, 0x0000000088100000|
| 106|0x0000000088200000, 0x0000000088200000, 0x0000000088300000|  0%| F|  |TS  3|AC  0|TAMS 0x0000000088200000, 0x0000000088200000|
| 107|0x0000000088300000, 0x0000000088300000, 0x0000000088400000|  0%| F|  |TS  3|AC  0|TAMS 0x0000000088300000, 0x0000000088300000|
| 108|0x0000000088400000, 0x0000000088400000, 0x0000000088500000|  0%| F|  |TS  3|AC  0|TAMS 0x0000000088400000, 0x0000000088400000|
| 109|0x0000000088500000, 0x0000000088500000, 0x0000000088600000|  0%| F|  |TS  3|AC  0|TAMS 0x0000000088500000, 0x0000000088500000|
| 110|0x0000000088600000, 0x0000000088600000, 0x0000000088700000|  0%| F|  |TS  3|AC  0|TAMS 0x0000000088600000, 0x0000000088600000|
| 111|0x0000000088700000, 0x0000000088700000, 0x0000000088800000|  0%| F|  |TS  3|AC  0|TAMS 0x0000000088700000, 0x0000000088700000|
| 112|0x0000000088800000, 0x0000000088800000, 0x0000000088900000|  0%| F|  |TS  3|AC  0|TAMS 0x0000000088800000, 0x0000000088800000|
| 113|0x0000000088900000, 0x0000000088900000, 0x0000000088a00000|  0%| F|  |TS  3|AC  0|TAMS 0x0000000088900000, 0x0000000088900000|
| 114|0x0000000088a00000, 0x0000000088a00000, 0x0000000088b00000|  0%| F|  |TS  3|AC  0|TAMS 0x0000000088a00000, 0x0000000088a00000|
| 115|0x0000000088b00000, 0x0000000088b00000, 0x0000000088c00000|  0%| F|  |TS  3|AC  0|TAMS 0x0000000088b00000, 0x0000000088b00000|
| 116|0x0000000088c00000, 0x0000000088c00000, 0x0000000088d00000|  0%| F|  |TS  3|AC  0|TAMS 0x0000000088c00000, 0x0000000088c00000|
| 117|0x0000000088d00000, 0x0000000088d00000, 0x0000000088e00000|  0%| F|  |TS  3|AC  0|TAMS 0x0000000088d00000, 0x0000000088d00000|
| 118|0x0000000088e00000, 0x0000000088e00000, 0x0000000088f00000|  0%| F|  |TS  3|AC  0|TAMS 0x0000000088e00000, 0x0000000088e00000|
| 119|0x0000000088f00000, 0x0000000088f00000, 0x0000000089000000|  0%| F|  |TS  3|AC  0|TAMS 0x0000000088f00000, 0x0000000088f00000|
| 120|0x0000000089000000, 0x0000000089000000, 0x0000000089100000|  0%| F|  |TS  3|AC  0|TAMS 0x0000000089000000, 0x0000000089000000|
| 121|0x0000000089100000, 0x0000000089100000, 0x0000000089200000|  0%| F|  |TS  3|AC  0|TAMS 0x0000000089100000, 0x0000000089100000|
| 122|0x0000000089200000, 0x0000000089200000, 0x0000000089300000|  0%| F|  |TS  3|AC  0|TAMS 0x0000000089200000, 0x0000000089200000|
| 123|0x0000000089300000, 0x0000000089300000, 0x0000000089400000|  0%| F|  |TS  3|AC  0|TAMS 0x0000000089300000, 0x0000000089300000|
| 124|0x0000000089400000, 0x0000000089400000, 0x0000000089500000|  0%| F|  |TS  3|AC  0|TAMS 0x0000000089400000, 0x0000000089400000|
| 125|0x0000000089500000, 0x0000000089500000, 0x0000000089600000|  0%| F|  |TS  3|AC  0|TAMS 0x0000000089500000, 0x0000000089500000|
| 126|0x0000000089600000, 0x0000000089600000, 0x0000000089700000|  0%| F|  |TS  3|AC  0|TAMS 0x0000000089600000, 0x0000000089600000|
| 127|0x0000000089700000, 0x0000000089700000, 0x0000000089800000|  0%| F|  |TS  3|AC  0|TAMS 0x0000000089700000, 0x0000000089700000|
| 128|0x0000000089800000, 0x0000000089800000, 0x0000000089900000|  0%| F|  |TS  3|AC  0|TAMS 0x0000000089800000, 0x0000000089800000|
| 129|0x0000000089900000, 0x0000000089900000, 0x0000000089a00000|  0%| F|  |TS  3|AC  0|TAMS 0x0000000089900000, 0x0000000089900000|
| 130|0x0000000089a00000, 0x0000000089a00000, 0x0000000089b00000|  0%| F|  |TS  3|AC  0|TAMS 0x0000000089a00000, 0x0000000089a00000|
| 131|0x0000000089b00000, 0x0000000089b00000, 0x0000000089c00000|  0%| F|  |TS  3|AC  0|TAMS 0x0000000089b00000, 0x0000000089b00000|
| 132|0x0000000089c00000, 0x0000000089c00000, 0x0000000089d00000|  0%| F|  |TS  3|AC  0|TAMS 0x0000000089c00000, 0x0000000089c00000|
| 133|0x0000000089d00000, 0x0000000089d00000, 0x0000000089e00000|  0%| F|  |TS  3|AC  0|TAMS 0x0000000089d00000, 0x0000000089d00000|
| 134|0x0000000089e00000, 0x0000000089e00000, 0x0000000089f00000|  0%| F|  |TS  3|AC  0|TAMS 0x0000000089e00000, 0x0000000089e00000|
| 135|0x0000000089f00000, 0x0000000089f00000, 0x000000008a000000|  0%| F|  |TS  3|AC  0|TAMS 0x0000000089f00000, 0x0000000089f00000|
| 136|0x000000008a000000, 0x000000008a000000, 0x000000008a100000|  0%| F|  |TS  3|AC  0|TAMS 0x000000008a000000, 0x000000008a000000|
| 137|0x000000008a100000, 0x000000008a100000, 0x000000008a200000|  0%| F|  |TS  3|AC  0|TAMS 0x000000008a100000, 0x000000008a100000|
| 138|0x000000008a200000, 0x000000008a200000, 0x000000008a300000|  0%| F|  |TS  3|AC  0|TAMS 0x000000008a200000, 0x000000008a200000|
| 139|0x000000008a300000, 0x000000008a300000, 0x000000008a400000|  0%| F|  |TS  3|AC  0|TAMS 0x000000008a300000, 0x000000008a300000|
| 140|0x000000008a400000, 0x000000008a400000, 0x000000008a500000|  0%| F|  |TS  3|AC  0|TAMS 0x000000008a400000, 0x000000008a400000|
| 141|0x000000008a500000, 0x000000008a500000, 0x000000008a600000|  0%| F|  |TS  3|AC  0|TAMS 0x000000008a500000, 0x000000008a500000|
| 142|0x000000008a600000, 0x000000008a600000, 0x000000008a700000|  0%| F|  |TS  3|AC  0|TAMS 0x000000008a600000, 0x000000008a600000|
| 143|0x000000008a700000, 0x000000008a700000, 0x000000008a800000|  0%| F|  |TS  3|AC  0|TAMS 0x000000008a700000, 0x000000008a700000|
| 144|0x000000008a800000, 0x000000008a800000, 0x000000008a900000|  0%| F|  |TS  3|AC  0|TAMS 0x000000008a800000, 0x000000008a800000|
| 145|0x000000008a900000, 0x000000008a900000, 0x000000008aa00000|  0%| F|  |TS  3|AC  0|TAMS 0x000000008a900000, 0x000000008a900000|
| 146|0x000000008aa00000, 0x000000008aa00000, 0x000000008ab00000|  0%| F|  |TS  3|AC  0|TAMS 0x000000008aa00000, 0x000000008aa00000|
| 147|0x000000008ab00000, 0x000000008ab00000, 0x000000008ac00000|  0%| F|  |TS  3|AC  0|TAMS 0x000000008ab00000, 0x000000008ab00000|
| 148|0x000000008ac00000, 0x000000008ac00000, 0x000000008ad00000|  0%| F|  |TS  3|AC  0|TAMS 0x000000008ac00000, 0x000000008ac00000|
| 149|0x000000008ad00000, 0x000000008ad00000, 0x000000008ae00000|  0%| F|  |TS  3|AC  0|TAMS 0x000000008ad00000, 0x000000008ad00000|
| 150|0x000000008ae00000, 0x000000008ae00000, 0x000000008af00000|  0%| F|  |TS  3|AC  0|TAMS 0x000000008ae00000, 0x000000008ae00000|
| 151|0x000000008af00000, 0x000000008af00000, 0x000000008b000000|  0%| F|  |TS  3|AC  0|TAMS 0x000000008af00000, 0x000000008af00000|
| 152|0x000000008b000000, 0x000000008b080800, 0x000000008b100000| 50%| E|  |TS  3|AC  0|TAMS 0x000000008b000000, 0x000000008b000000|
| 153|0x000000008b100000, 0x000000008b200000, 0x000000008b200000|100%| E|CS|TS  3|AC  0|TAMS 0x000000008b100000, 0x000000008b100000|

Card table byte_map: [0x0000023c7bce0000,0x0000023c7c0e0000] byte_map_base: 0x0000023c7b8d4000

Marking Bits (Prev, Next): (CMBitMap*) 0x0000023c60f98048, (CMBitMap*) 0x0000023c60f98010
 Prev Bits: [0x0000023c00000000, 0x0000023c01fa0000)
 Next Bits: [0x0000023c7c4e0000, 0x0000023c7e480000)

Polling page: 0x0000023c5f930000

CodeHeap 'non-profiled nmethods': size=238912Kb used=6318Kb max_used=6318Kb free=232593Kb
 bounds [0x0000023c6c960000, 0x0000023c6cf90000, 0x0000023c7b2b0000]
CodeHeap 'non-nmethods': size=6848Kb used=2275Kb max_used=2275Kb free=4573Kb
 bounds [0x0000023c6c2b0000, 0x0000023c6c520000, 0x0000023c6c960000]
 total_blobs=4468 nmethods=3954 adapters=401
 compilation: enabled

Compilation events (10 events):
Event: 7.660 Thread 0x0000023c7eb36800 3971   !   1       org.springframework.util.ReflectionUtils::doWithMethods (193 bytes)
Event: 7.662 Thread 0x0000023c7eb36800 nmethod 3971 0x0000023c6cf89790 code [0x0000023c6cf89a40, 0x0000023c6cf8a1d0]
Event: 7.711 Thread 0x0000023c7eb37000 3973       1       javax.management.ObjectName$Property::setKeyIndex (6 bytes)
Event: 7.711 Thread 0x0000023c7eb14800 3974       1       java.util.logging.LogManager$LoggerContext::getGlobalLogger (6 bytes)
Event: 7.711 Thread 0x0000023c7eb37000 nmethod 3973 0x0000023c6cf8a910 code [0x0000023c6cf8aac0, 0x0000023c6cf8abd8]
Event: 7.711 Thread 0x0000023c7eb14800 nmethod 3974 0x0000023c6cf8ac90 code [0x0000023c6cf8ae40, 0x0000023c6cf8af58]
Event: 7.721 Thread 0x0000023c7eb37000 3975       1       java.nio.charset.CoderResult::isOverflow (14 bytes)
Event: 7.721 Thread 0x0000023c7eb37000 nmethod 3975 0x0000023c6cf8b010 code [0x0000023c6cf8b1c0, 0x0000023c6cf8b2f8]
Event: 7.725 Thread 0x0000023c7eb36800 3976       1       java.lang.System::getProperty (25 bytes)
Event: 7.726 Thread 0x0000023c7eb36800 nmethod 3976 0x0000023c6cf8b390 code [0x0000023c6cf8b5a0, 0x0000023c6cf8b8b0]

GC Heap History (10 events):
Event: 3.110 GC heap before
{Heap before GC invocations=2 (full 0):
 garbage-first heap   total 131072K, used 30616K [0x0000000081800000, 0x0000000100000000)
  region size 1024K, 23 young (23552K), 1 survivors (1024K)
 Metaspace       used 18395K, capacity 18836K, committed 19200K, reserved 1067008K
  class space    used 2016K, capacity 2223K, committed 2304K, reserved 1048576K
}
Event: 3.118 GC heap after
{Heap after GC invocations=3 (full 0):
 garbage-first heap   total 131072K, used 9460K [0x0000000081800000, 0x0000000100000000)
  region size 1024K, 3 young (3072K), 3 survivors (3072K)
 Metaspace       used 18395K, capacity 18836K, committed 19200K, reserved 1067008K
  class space    used 2016K, capacity 2223K, committed 2304K, reserved 1048576K
}
Event: 3.364 GC heap before
{Heap before GC invocations=3 (full 0):
 garbage-first heap   total 131072K, used 22772K [0x0000000081800000, 0x0000000100000000)
  region size 1024K, 17 young (17408K), 3 survivors (3072K)
 Metaspace       used 20592K, capacity 21064K, committed 21296K, reserved 1069056K
  class space    used 2379K, capacity 2604K, committed 2688K, reserved 1048576K
}
Event: 3.373 GC heap after
{Heap after GC invocations=4 (full 0):
 garbage-first heap   total 131072K, used 10079K [0x0000000081800000, 0x0000000100000000)
  region size 1024K, 3 young (3072K), 3 survivors (3072K)
 Metaspace       used 20592K, capacity 21064K, committed 21296K, reserved 1069056K
  class space    used 2379K, capacity 2604K, committed 2688K, reserved 1048576K
}
Event: 4.585 GC heap before
{Heap before GC invocations=5 (full 0):
 garbage-first heap   total 131072K, used 48991K [0x0000000081800000, 0x0000000100000000)
  region size 1024K, 41 young (41984K), 3 survivors (3072K)
 Metaspace       used 25171K, capacity 25832K, committed 26112K, reserved 1073152K
  class space    used 2959K, capacity 3267K, committed 3328K, reserved 1048576K
}
Event: 4.599 GC heap after
{Heap after GC invocations=6 (full 0):
 garbage-first heap   total 131072K, used 11812K [0x0000000081800000, 0x0000000100000000)
  region size 1024K, 5 young (5120K), 5 survivors (5120K)
 Metaspace       used 25171K, capacity 25832K, committed 26112K, reserved 1073152K
  class space    used 2959K, capacity 3267K, committed 3328K, reserved 1048576K
}
Event: 5.464 GC heap before
{Heap before GC invocations=6 (full 0):
 garbage-first heap   total 131072K, used 65060K [0x0000000081800000, 0x0000000100000000)
  region size 1024K, 57 young (58368K), 5 survivors (5120K)
 Metaspace       used 27483K, capacity 28220K, committed 28544K, reserved 1075200K
  class space    used 3280K, capacity 3604K, committed 3712K, reserved 1048576K
}
Event: 5.482 GC heap after
{Heap after GC invocations=7 (full 0):
 garbage-first heap   total 131072K, used 13924K [0x0000000081800000, 0x0000000100000000)
  region size 1024K, 6 young (6144K), 6 survivors (6144K)
 Metaspace       used 27483K, capacity 28220K, committed 28544K, reserved 1075200K
  class space    used 3280K, capacity 3604K, committed 3712K, reserved 1048576K
}
Event: 7.672 GC heap before
{Heap before GC invocations=7 (full 0):
 garbage-first heap   total 131072K, used 71268K [0x0000000081800000, 0x0000000100000000)
  region size 1024K, 63 young (64512K), 6 survivors (6144K)
 Metaspace       used 34773K, capacity 35809K, committed 35920K, reserved 1081344K
  class space    used 4198K, capacity 4642K, committed 4688K, reserved 1048576K
}
Event: 7.698 GC heap after
{Heap after GC invocations=8 (full 0):
 garbage-first heap   total 157696K, used 17375K [0x0000000081800000, 0x0000000100000000)
  region size 1024K, 8 young (8192K), 8 survivors (8192K)
 Metaspace       used 34773K, capacity 35809K, committed 35920K, reserved 1081344K
  class space    used 4198K, capacity 4642K, committed 4688K, reserved 1048576K
}

Deoptimization events (0 events):
No events

Classes redefined (0 events):
No events

Internal exceptions (10 events):
Event: 6.440 Thread 0x0000023c60f0d000 Exception <a 'java/lang/NoSuchMethodError'{0x0000000087690ed8}: java.lang.invoke.DirectMethodHandle$Holder.invokeStatic(Ljava/lang/Object;ILjava/lang/Object;)V> (0x0000000087690ed8) thrown at [t:/workspace/open/src/hotspot/share/interpreter/linkResolver.c
Event: 6.443 Thread 0x0000023c60f0d000 Exception <a 'java/lang/NoSuchMethodError'{0x00000000876b45b0}: java.lang.invoke.DirectMethodHandle$Holder.invokeVirtual(Ljava/lang/Object;Ljava/lang/Object;)I> (0x00000000876b45b0) thrown at [t:/workspace/open/src/hotspot/share/interpreter/linkResolver.c
Event: 6.444 Thread 0x0000023c60f0d000 Exception <a 'java/lang/NoSuchMethodError'{0x00000000876bda28}: java.lang.Object.lambda$and$0(Ljava/util/function/Predicate;Ljava/lang/Object;)Z> (0x00000000876bda28) thrown at [t:/workspace/open/src/hotspot/share/interpreter/linkResolver.cpp, line 741]
Event: 7.562 Thread 0x0000023c60f0d000 Exception <a 'java/io/FileNotFoundException'{0x00000000863361d0}> (0x00000000863361d0) thrown at [t:/workspace/open/src/hotspot/share/prims/jni.cpp, line 611]
Event: 7.613 Thread 0x0000023c60f0d000 Exception <a 'java/lang/NoSuchMethodError'{0x0000000086154868}: java.lang.invoke.DirectMethodHandle$Holder.invokeInterface(Ljava/lang/Object;Ljava/lang/Object;Ljava/lang/Object;Ljava/lang/Object;)I> (0x0000000086154868) thrown at [t:/workspace/open/src/ho
Event: 7.638 Thread 0x0000023c057b0800 Exception <a 'java/lang/NoSuchMethodError'{0x0000000086045890}: java.lang.invoke.DirectMethodHandle$Holder.invokeStatic(Ljava/lang/Object;Ljava/lang/Object;Ljava/lang/Object;Ljava/lang/Object;Ljava/lang/Object;Ljava/lang/Object;Ljava/lang/Object;Ljava/lan
Event: 7.640 Thread 0x0000023c057b0800 Exception <a 'java/lang/NoSuchMethodError'{0x00000000860539d0}: java.lang.invoke.DirectMethodHandle$Holder.invokeStatic(Ljava/lang/Object;Ljava/lang/Object;Ljava/lang/Object;Ljava/lang/Object;Ljava/lang/Object;Ljava/lang/Object;Ljava/lang/Object;Ljava/lan
Event: 7.642 Thread 0x0000023c057b0800 Exception <a 'java/lang/NoSuchMethodError'{0x0000000086062128}: method resolution failed> (0x0000000086062128) thrown at [t:/workspace/open/src/hotspot/share/prims/methodHandles.cpp, line 1226]
Event: 7.700 Thread 0x0000023c057b0800 Exception <a 'java/lang/NoSuchMethodError'{0x000000008b1811f8}: method resolution failed> (0x000000008b1811f8) thrown at [t:/workspace/open/src/hotspot/share/prims/methodHandles.cpp, line 1226]
Event: 7.729 Thread 0x0000023c60f0d000 Exception <a 'java/io/FileNotFoundException'{0x000000008b038338}> (0x000000008b038338) thrown at [t:/workspace/open/src/hotspot/share/prims/jni.cpp, line 611]

Events (10 events):
Event: 7.727 loading class javax/servlet/GenericFilter done
Event: 7.727 loading class org/apache/tomcat/websocket/server/WsSessionListener
Event: 7.727 loading class org/apache/tomcat/websocket/server/WsSessionListener done
Event: 7.729 loading class org/apache/catalina/core/ApplicationFilterConfig
Event: 7.729 loading class org/apache/catalina/core/ApplicationFilterConfig done
Event: 7.730 loading class org/springframework/web/filter/GenericFilterBean$FilterConfigPropertyValues
Event: 7.730 loading class org/springframework/web/filter/GenericFilterBean$FilterConfigPropertyValues done
Event: 7.731 Executing VM operation: Deoptimize
Event: 7.734 loading class java/rmi/registry/Registry
Event: 7.744 loading class java/rmi/registry/Registry done


Dynamic libraries:
0x00007ff763e80000 - 0x00007ff763ebe000 	C:\Program Files\Java\jdk-10.0.1\bin\java.exe
0x00007ff898aa0000 - 0x00007ff898c61000 	C:\Windows\SYSTEM32\ntdll.dll
0x00007ff898670000 - 0x00007ff89871d000 	C:\Windows\system32\KERNEL32.DLL
0x00007ff895360000 - 0x00007ff895548000 	C:\Windows\system32\KERNELBASE.dll
0x00007ff895ea0000 - 0x00007ff895f47000 	C:\Windows\system32\ADVAPI32.dll
0x00007ff897ca0000 - 0x00007ff897d3d000 	C:\Windows\system32\msvcrt.dll
0x00007ff898270000 - 0x00007ff8982cb000 	C:\Windows\system32\sechost.dll
0x00007ff898720000 - 0x00007ff89883c000 	C:\Windows\system32\RPCRT4.dll
0x00007ff898930000 - 0x00007ff898a86000 	C:\Windows\system32\USER32.dll
0x00007ff897b00000 - 0x00007ff897c86000 	C:\Windows\system32\GDI32.dll
0x00007ff889500000 - 0x00007ff889774000 	C:\Windows\WinSxS\amd64_microsoft.windows.common-controls_6595b64144ccf1df_6.0.10586.494_none_a2d8b04ea53e3145\COMCTL32.dll
0x00007ff8983f0000 - 0x00007ff89866d000 	C:\Windows\system32\combase.dll
0x00007ff895150000 - 0x00007ff8951ba000 	C:\Windows\system32\bcryptPrimitives.dll
0x00007ff88bc10000 - 0x00007ff88bc1a000 	C:\Windows\SYSTEM32\VERSION.dll
0x00007ff8988f0000 - 0x00007ff89892b000 	C:\Windows\system32\IMM32.DLL
0x00007ff880140000 - 0x00007ff88022f000 	C:\Program Files\Java\jdk-10.0.1\bin\msvcr120.dll
0x00007ff880090000 - 0x00007ff880136000 	C:\Program Files\Java\jdk-10.0.1\bin\msvcp120.dll
0x0000000061140000 - 0x0000000061bb0000 	C:\Program Files\Java\jdk-10.0.1\bin\server\jvm.dll
0x00007ff8983e0000 - 0x00007ff8983e8000 	C:\Windows\system32\PSAPI.DLL
0x00007ff892e70000 - 0x00007ff892e79000 	C:\Windows\SYSTEM32\WSOCK32.dll
0x00007ff897d40000 - 0x00007ff897dab000 	C:\Windows\system32\WS2_32.dll
0x00007ff8937f0000 - 0x00007ff893813000 	C:\Windows\SYSTEM32\WINMM.dll
0x00007ff893790000 - 0x00007ff8937bc000 	C:\Windows\SYSTEM32\WINMMBASE.dll
0x00007ff895e50000 - 0x00007ff895e93000 	C:\Windows\system32\cfgmgr32.dll
0x00007ff88f100000 - 0x00007ff88f10f000 	C:\Program Files\Java\jdk-10.0.1\bin\verify.dll
0x00007ff8841b0000 - 0x00007ff88433c000 	C:\Windows\SYSTEM32\DBGHELP.DLL
0x00007ff8860b0000 - 0x00007ff8860d5000 	C:\Windows\SYSTEM32\dbgcore.DLL
0x00007ff8880d0000 - 0x00007ff8880f7000 	C:\Program Files\Java\jdk-10.0.1\bin\java.dll
0x00007ff8880a0000 - 0x00007ff8880ca000 	C:\Program Files\Java\jdk-10.0.1\bin\instrument.dll
0x00007ff88f0e0000 - 0x00007ff88f0f6000 	C:\Program Files\Java\jdk-10.0.1\bin\zip.dll
0x00007ff88da90000 - 0x00007ff88da9a000 	C:\Program Files\Java\jdk-10.0.1\bin\jimage.dll
0x00007ff895f50000 - 0x00007ff8974ac000 	C:\Windows\system32\SHELL32.dll
0x00007ff895630000 - 0x00007ff895c75000 	C:\Windows\system32\windows.storage.dll
0x00007ff8978e0000 - 0x00007ff897932000 	C:\Windows\system32\shlwapi.dll
0x00007ff8950c0000 - 0x00007ff8950cf000 	C:\Windows\system32\kernel.appcore.dll
0x00007ff895550000 - 0x00007ff895605000 	C:\Windows\system32\shcore.dll
0x00007ff8950d0000 - 0x00007ff89511b000 	C:\Windows\system32\powrprof.dll
0x00007ff895120000 - 0x00007ff895134000 	C:\Windows\system32\profapi.dll
0x00007ff8893e0000 - 0x00007ff8893fa000 	C:\Program Files\Java\jdk-10.0.1\bin\net.dll
0x00007ff891870000 - 0x00007ff891938000 	C:\Windows\SYSTEM32\WINHTTP.dll
0x00007ff894990000 - 0x00007ff8949ec000 	C:\Windows\system32\mswsock.dll
0x00007ff888980000 - 0x00007ff888991000 	C:\Program Files\Java\jdk-10.0.1\bin\nio.dll
0x00007ff88f180000 - 0x00007ff88f19a000 	C:\Program Files\JetBrains\IntelliJ IDEA 2019.2.3\bin\breakgen64.dll
0x00007ff893a40000 - 0x00007ff893aea000 	C:\Windows\SYSTEM32\DNSAPI.dll
0x00007ff897c90000 - 0x00007ff897c98000 	C:\Windows\system32\NSI.dll
0x00007ff88d740000 - 0x00007ff88d74a000 	C:\Windows\System32\rasadhlp.dll
0x00007ff88e800000 - 0x00007ff88e867000 	C:\Windows\System32\fwpuclnt.dll
0x00007ff894ff0000 - 0x00007ff895019000 	C:\Windows\SYSTEM32\bcrypt.dll
0x00007ff88f290000 - 0x00007ff88f299000 	C:\Program Files\Java\jdk-10.0.1\bin\management.dll
0x00007ff88f270000 - 0x00007ff88f27a000 	C:\Program Files\Java\jdk-10.0.1\bin\management_ext.dll
0x00007ff894a40000 - 0x00007ff894a57000 	C:\Windows\SYSTEM32\CRYPTSP.dll
0x00007ff8946d0000 - 0x00007ff894704000 	C:\Windows\system32\rsaenh.dll
0x00007ff894820000 - 0x00007ff89483f000 	C:\Windows\SYSTEM32\USERENV.dll
0x00007ff894b60000 - 0x00007ff894b6b000 	C:\Windows\SYSTEM32\CRYPTBASE.dll
0x00007ff891950000 - 0x00007ff891988000 	C:\Windows\SYSTEM32\IPHLPAPI.DLL
0x00007ff88e630000 - 0x00007ff88e646000 	C:\Windows\SYSTEM32\dhcpcsvc6.DLL
0x00007ff88e730000 - 0x00007ff88e74a000 	C:\Windows\SYSTEM32\dhcpcsvc.DLL
0x00007ff8897f0000 - 0x00007ff889806000 	C:\Windows\system32\napinsp.dll
0x00007ff889780000 - 0x00007ff88979a000 	C:\Windows\system32\pnrpnsp.dll
0x00007ff892e80000 - 0x00007ff892e98000 	C:\Windows\system32\NLAapi.dll
0x00007ff88b2e0000 - 0x00007ff88b2ed000 	C:\Windows\System32\winrnr.dll

dbghelp: loaded successfully - version: 4.0.5 - missing functions: none
symbol engine: initialized successfully - sym options: 0x614 - pdb path: .;C:\Program Files\Java\jdk-10.0.1\bin;C:\Windows\SYSTEM32;C:\Windows\WinSxS\amd64_microsoft.windows.common-controls_6595b64144ccf1df_6.0.10586.494_none_a2d8b04ea53e3145;C:\Program Files\Java\jdk-10.0.1\bin\server;C:\Program Files\JetBrains\IntelliJ IDEA 2019.2.3\bin

VM Arguments:
jvm_args: -XX:TieredStopAtLevel=1 -Xverify:none -Dspring.output.ansi.enabled=always -Dcom.sun.management.jmxremote -Dspring.jmx.enabled=true -Dspring.liveBeansView.mbeanDomain -Dspring.application.admin.enabled=true -javaagent:C:\Program Files\JetBrains\IntelliJ IDEA 2019.2.3\lib\idea_rt.jar=8348:C:\Program Files\JetBrains\IntelliJ IDEA 2019.2.3\bin -Dfile.encoding=UTF-8 
java_command: com.quick.sms.QuickSmsApplication
java_class_path (initial): F:\projects\java-workspace\bulksms\target\classes;C:\Users\arpan\.m2\repository\org\springframework\boot\spring-boot-starter-web\2.2.4.RELEASE\spring-boot-starter-web-2.2.4.RELEASE.jar;C:\Users\arpan\.m2\repository\org\springframework\boot\spring-boot-starter\2.2.4.RELEASE\spring-boot-starter-2.2.4.RELEASE.jar;C:\Users\arpan\.m2\repository\org\springframework\boot\spring-boot\2.2.4.RELEASE\spring-boot-2.2.4.RELEASE.jar;C:\Users\arpan\.m2\repository\org\springframework\boot\spring-boot-autoconfigure\2.2.4.RELEASE\spring-boot-autoconfigure-2.2.4.RELEASE.jar;C:\Users\arpan\.m2\repository\org\springframework\boot\spring-boot-starter-logging\2.2.4.RELEASE\spring-boot-starter-logging-2.2.4.RELEASE.jar;C:\Users\arpan\.m2\repository\ch\qos\logback\logback-classic\1.2.3\logback-classic-1.2.3.jar;C:\Users\arpan\.m2\repository\ch\qos\logback\logback-core\1.2.3\logback-core-1.2.3.jar;C:\Users\arpan\.m2\repository\org\apache\logging\log4j\log4j-to-slf4j\2.12.1\log4j-to-slf4j-2.12.1.jar;C:\Users\arpan\.m2\repository\org\apache\logging\log4j\log4j-api\2.12.1\log4j-api-2.12.1.jar;C:\Users\arpan\.m2\repository\org\slf4j\jul-to-slf4j\1.7.30\jul-to-slf4j-1.7.30.jar;C:\Users\arpan\.m2\repository\jakarta\annotation\jakarta.annotation-api\1.3.5\jakarta.annotation-api-1.3.5.jar;C:\Users\arpan\.m2\repository\org\yaml\snakeyaml\1.25\snakeyaml-1.25.jar;C:\Users\arpan\.m2\repository\org\springframework\boot\spring-boot-starter-json\2.2.4.RELEASE\spring-boot-starter-json-2.2.4.RELEASE.jar;C:\Users\arpan\.m2\repository\com\fasterxml\jackson\datatype\jackson-datatype-jdk8\2.10.2\jackson-datatype-jdk8-2.10.2.jar;C:\Users\arpan\.m2\repository\com\fasterxml\jackson\datatype\jackson-datatype-jsr310\2.10.2\jackson-datatype-jsr310-2.10.2.jar;C:\Users\arpan\.m2\repository\com\fasterxml\jackson\module\jackson-module-parameter-names\2.10.2\jackson-module-parameter-names-2.10.2.jar;C:\Users\arpan\.m2\repository\org\springframework\boot\spring-boot-starter-tomcat\2.2.4.RELEASE\
Launcher Type: SUN_STANDARD

Logging:
Log output configuration:
#0: stdout all=warning uptime,level,tags
#1: stderr all=off uptime,level,tags

Environment Variables:
JAVA_HOME=C:\Program Files\Java\jdk-10.0.1
PATH=C:\Program Files (x86)\Common Files\Oracle\Java\javapath;C:\Windows\system32;C:\Windows;C:\Windows\System32\Wbem;C:\Windows\System32\WindowsPowerShell\v1.0\;C:\Program Files\Git\cmd;C:\Program Files\PuTTY\;C:\Program Files\nodejs\;C:\Program Files\Java\jdk-10.0.1\bin;C:\Users\arpan\AppData\Local\Android\Sdk;C:\Users\arpan\AppData\Local\Android\Sdk\platform-tools;C:\Users\arpan\AppData\Local\Android\Sdk\emulator;C:\Users\arpan\AppData\Roaming\npm;C:\Program Files\Java\jdk-10.0.1\bin;C:\Program Files\Java\jre-10.0.1\bin;C:\Program Files (x86)\Windows Kits\8.1\Windows Performance Toolkit\;C:\Program Files\Microsoft SQL Server\110\Tools\Binn\;;C:\Program Files\Microsoft VS Code\bin;C:\Users\arpan\AppData\Roaming\npm
USERNAME=arpan
OS=Windows_NT
PROCESSOR_IDENTIFIER=Intel64 Family 6 Model 69 Stepping 1, GenuineIntel



---------------  S Y S T E M  ---------------

OS: Windows 10 , 64 bit Build 10586 (10.0.10586.0)

CPU:total 4 (initial active 4) (2 cores per cpu, 2 threads per core) family 6 model 69 stepping 1, cmov, cx8, fxsr, mmx, sse, sse2, sse3, ssse3, sse4.1, sse4.2, popcnt, avx, avx2, aes, clmul, erms, lzcnt, ht, tsc, tscinvbit, bmi1, bmi2, fma

Memory: 4k page, physical 8290120k(3488268k free), swap 10059592k(4440764k free)

vm_info: Java HotSpot(TM) 64-Bit Server VM (10.0.1+10) for windows-amd64 JRE (10.0.1+10), built on Mar 27 2018 02:27:48 by "mach5one" with MS VC++ 12.0 (VS2013)

END.
