#
# A fatal error has been detected by the Java Runtime Environment:
#
#  EXCEPTION_ACCESS_VIOLATION (0xc0000005) at pc=0x000000006148bfb4, pid=13468, tid=10780
#
# JRE version: Java(TM) SE Runtime Environment (10.0.1+10) (build 10.0.1+10)
# Java VM: Java HotSpot(TM) 64-Bit Server VM (10.0.1+10, mixed mode, tiered, compressed oops, g1 gc, windows-amd64)
# Problematic frame:
# V  [jvm.dll+0x34bfb4]
#
# No core dump will be written. Minidumps are not enabled by default on client versions of Windows
#
# If you would like to submit a bug report, please visit:
#   http://bugreport.java.com/bugreport/crash.jsp
#

---------------  S U M M A R Y ------------

Command Line: -Dmaven.multiModuleProjectDirectory=F:\projects\java-workspace\bulksms -Dmaven.home=C:\Program Files\JetBrains\IntelliJ IDEA 2019.2.3\plugins\maven\lib\maven3 -Dclassworlds.conf=C:\Program Files\JetBrains\IntelliJ IDEA 2019.2.3\plugins\maven\lib\maven3\bin\m2.conf -Dmaven.ext.class.path=C:\Program Files\JetBrains\IntelliJ IDEA 2019.2.3\plugins\maven\lib\maven-event-listener.jar -javaagent:C:\Program Files\JetBrains\IntelliJ IDEA 2019.2.3\lib\idea_rt.jar=13995:C:\Program Files\JetBrains\IntelliJ IDEA 2019.2.3\bin -Dfile.encoding=UTF-8 org.codehaus.classworlds.Launcher -Didea.version2019.2.3 clean

Host: Intel(R) Core(TM) i3-4005U CPU @ 1.70GHz, 4 cores, 7G,  Windows 10 , 64 bit Build 10586 (10.0.10586.0)
Time: Thu May 14 01:27:03 2020 India Standard Time elapsed time: 11 seconds (0d 0h 0m 11s)

---------------  T H R E A D  ---------------

Current thread (0x000001eaf6935800):  JavaThread "C2 CompilerThread0" daemon [_thread_in_native, id=10780, stack(0x0000005b18700000,0x0000005b18800000)]


Current CompileTask:
C2:  11182 2445       4       org.eclipse.sisu.plexus.RealmFilteredBeans$FilteredItr::hasNext (81 bytes)

Stack: [0x0000005b18700000,0x0000005b18800000],  sp=0x0000005b187fbaf0,  free space=1006k
Native frames: (J=compiled Java code, j=interpreted, Vv=VM code, C=native code)
V  [jvm.dll+0x34bfb4]
V  [jvm.dll+0x34aa60]
V  [jvm.dll+0x18f0d0]
V  [jvm.dll+0x1ffeed]
V  [jvm.dll+0x1ff066]
V  [jvm.dll+0x17ca6b]
V  [jvm.dll+0x20c81d]
V  [jvm.dll+0x20b5e6]
V  [jvm.dll+0x68bb6f]
V  [jvm.dll+0x59f680]
C  [msvcr120.dll+0x24f7f]
C  [msvcr120.dll+0x25126]
C  [KERNEL32.DLL+0x18102]
C  [ntdll.dll+0x5c5b4]


siginfo: EXCEPTION_ACCESS_VIOLATION (0xc0000005), reading address 0xffffffffffffffff


Register to memory mapping:

RIP=0x000000006148bfb4 jvm.dll
RAX=0x000001eaf8a9fc88 is an unknown value
RBX=0x000000000000001d is an unknown value
RCX=0x0000000000000001 is an unknown value
RDX=0x0000000000000001 is an unknown value
RSP=0x0000005b187fbaf0 is pointing into the stack for thread: 0x000001eaf6935800
RBP=0x0000005b187fc1d0 is pointing into the stack for thread: 0x000001eaf6935800
RSI=0x000000000000023f is an unknown value
RDI=0x000001eaf93747b0 is an unknown value
R8 =0x0000000020000000 is an unknown value
R9 =0xa000000061adb328 is an unknown value
R10=0x0000000061140000 jvm.dll
R11=0x0000005b187fbb50 is pointing into the stack for thread: 0x000001eaf6935800
R12=0x0000000061adb328 jvm.dll
R13=0x000001eaf73192b8 is an unknown value
R14=0x000001eaf94d97b0 is an unknown value
R15=0x0000000061140000 jvm.dll


Registers:
RAX=0x000001eaf8a9fc88, RBX=0x000000000000001d, RCX=0x0000000000000001, RDX=0x0000000000000001
RSP=0x0000005b187fbaf0, RBP=0x0000005b187fc1d0, RSI=0x000000000000023f, RDI=0x000001eaf93747b0
R8 =0x0000000020000000, R9 =0xa000000061adb328, R10=0x0000000061140000, R11=0x0000005b187fbb50
R12=0x0000000061adb328, R13=0x000001eaf73192b8, R14=0x000001eaf94d97b0, R15=0x0000000061140000
RIP=0x000000006148bfb4, EFLAGS=0x0000000000010206

Top of Stack: (sp=0x0000005b187fbaf0)
0x0000005b187fbaf0:   0000000000000003 0000005b187fc1d0
0x0000005b187fbb00:   000000000000023f 00000000611ac034
0x0000005b187fbb10:   0000023e00000000 0000000000000002
0x0000005b187fbb20:   000001eaf7331780 0000000000000003
0x0000005b187fbb30:   000001eaf7284e60 0000000000000023
0x0000005b187fbb40:   0000005b187fbc10 0000000000000000
0x0000005b187fbb50:   0000000000000004 000001eaf733dc80
0x0000005b187fbb60:   0000000000000001 000000006148aa60
0x0000005b187fbb70:   000000000000023f 0000000000000000
0x0000005b187fbb80:   0000005b187fc1d0 0000005b187fbc70
0x0000005b187fbb90:   0000005b187fbbc8 3fa9352ae95efa90
0x0000005b187fbba0:   0000000000000004 0000000400000001
0x0000005b187fbbb0:   0000000d00000002 0000000000000000
0x0000005b187fbbc0:   0000000000000002 0000000400000000
0x0000005b187fbbd0:   0000000e00000000 000001ea00000000
0x0000005b187fbbe0:   000000000000015b 0000000000000008 

Instructions: (pc=0x000000006148bfb4)
0x000000006148bf94:   f8 4f 00 00 4c 8b c8 8b d3 83 e3 1f 41 b8 01 00
0x000000006148bfa4:   00 00 c1 ea 05 0f b6 cb 83 e2 07 41 d3 e0 8b ca
0x000000006148bfb4:   41 8b 14 91 8b c2 41 0b c0 41 89 04 89 41 85 d0
0x000000006148bfc4:   75 02 ff 07 8b 44 24 20 85 c0 74 45 44 8b 44 24 



---------------  P R O C E S S  ---------------

Threads class SMR info:
_java_thread_list=0x000001eaf6b0be50, length=12, elements={
0x000001ead2cce000, 0x000001eaf5fdf800, 0x000001eaf5fe0800, 0x000001eaf603f800,
0x000001eaf6934800, 0x000001eaf6935800, 0x000001eaf6938800, 0x000001eaf698c800,
0x000001eaf6995000, 0x000001eaf6cd6800, 0x000001eaf6be5800, 0x000001eaf6bcf800
}

Java Threads: ( => current thread )
  0x000001ead2cce000 JavaThread "main" [_thread_in_native, id=5540, stack(0x0000005b17600000,0x0000005b17700000)]
  0x000001eaf5fdf800 JavaThread "Reference Handler" daemon [_thread_blocked, id=2316, stack(0x0000005b18300000,0x0000005b18400000)]
  0x000001eaf5fe0800 JavaThread "Finalizer" daemon [_thread_blocked, id=6380, stack(0x0000005b18400000,0x0000005b18500000)]
  0x000001eaf603f800 JavaThread "Signal Dispatcher" daemon [_thread_blocked, id=4028, stack(0x0000005b18500000,0x0000005b18600000)]
  0x000001eaf6934800 JavaThread "Attach Listener" daemon [_thread_blocked, id=6928, stack(0x0000005b18600000,0x0000005b18700000)]
=>0x000001eaf6935800 JavaThread "C2 CompilerThread0" daemon [_thread_in_native, id=10780, stack(0x0000005b18700000,0x0000005b18800000)]
  0x000001eaf6938800 JavaThread "C2 CompilerThread1" daemon [_thread_in_native, id=7004, stack(0x0000005b18800000,0x0000005b18900000)]
  0x000001eaf698c800 JavaThread "C1 CompilerThread2" daemon [_thread_blocked, id=2432, stack(0x0000005b18900000,0x0000005b18a00000)]
  0x000001eaf6995000 JavaThread "Sweeper thread" daemon [_thread_blocked, id=11864, stack(0x0000005b18a00000,0x0000005b18b00000)]
  0x000001eaf6cd6800 JavaThread "Common-Cleaner" daemon [_thread_blocked, id=2728, stack(0x0000005b18b00000,0x0000005b18c00000)]
  0x000001eaf6be5800 JavaThread "Monitor Ctrl-Break" daemon [_thread_in_native, id=13948, stack(0x0000005b18c00000,0x0000005b18d00000)]
  0x000001eaf6bcf800 JavaThread "Service Thread" daemon [_thread_blocked, id=5312, stack(0x0000005b18d00000,0x0000005b18e00000)]

Other Threads:
  0x000001eaf5fd7000 VMThread "VM Thread" [stack: 0x0000005b18200000,0x0000005b18300000] [id=3208]
  0x000001eaf6bd1000 WatcherThread [stack: 0x0000005b18e00000,0x0000005b18f00000] [id=6688]
  0x000001ead450a000 GCTaskThread "GC Thread#0" [stack: 0x0000005b17700000,0x0000005b17800000] [id=8824]
  0x000001ead450b800 GCTaskThread "GC Thread#1" [stack: 0x0000005b17800000,0x0000005b17900000] [id=11956]
  0x000001ead450f000 GCTaskThread "GC Thread#2" [stack: 0x0000005b17900000,0x0000005b17a00000] [id=14140]
  0x000001ead4510800 GCTaskThread "GC Thread#3" [stack: 0x0000005b17a00000,0x0000005b17b00000] [id=4664]
  0x000001ead457c800 ConcurrentGCThread "G1 Main Marker" [stack: 0x0000005b17b00000,0x0000005b17c00000] [id=14212]
  0x000001ead4581000 ConcurrentGCThread "G1 Conc#0" [stack: 0x0000005b17c00000,0x0000005b17d00000] [id=10848]
  0x000001ead45ee000 ConcurrentGCThread "G1 Refine#0" [stack: 0x0000005b17d00000,0x0000005b17e00000] [id=10484]
  0x000001eaf5e64800 ConcurrentGCThread "G1 Refine#1" [stack: 0x0000005b17e00000,0x0000005b17f00000] [id=6364]
  0x000001eaf5e65000 ConcurrentGCThread "G1 Refine#2" [stack: 0x0000005b17f00000,0x0000005b18000000] [id=7008]
  0x000001eaf5e66000 ConcurrentGCThread "G1 Refine#3" [stack: 0x0000005b18000000,0x0000005b18100000] [id=9884]
  0x000001eaf5e69800 ConcurrentGCThread "G1 Young RemSet Sampling" [stack: 0x0000005b18100000,0x0000005b18200000] [id=9352]

Threads with active compile tasks:
C2 CompilerThread02445       4       org.eclipse.sisu.plexus.RealmFilteredBeans$FilteredItr::hasNext (81 bytes)
C2 CompilerThread12626 %     4       sun.nio.cs.UTF_8$Decoder::decodeArrayLoop @ 73 (691 bytes)

VM state:not at safepoint (normal execution)

VM Mutex/Monitor currently owned by a thread: None

Heap address: 0x0000000081800000, size: 2024 MB, Compressed Oops mode: 32-bit
Narrow klass base: 0x0000000000000000, Narrow klass shift: 3
Compressed class space size: 1073741824 Address: 0x0000000100000000

Heap:
 garbage-first heap   total 131072K, used 8579K [0x0000000081800000, 0x0000000100000000)
  region size 1024K, 6 young (6144K), 5 survivors (5120K)
 Metaspace       used 20858K, capacity 21212K, committed 21552K, reserved 1069056K
  class space    used 2138K, capacity 2282K, committed 2304K, reserved 1048576K
Heap Regions: E=young(eden), S=young(survivor), O=old, HS=humongous(starts), HC=humongous(continues), CS=collection set, F=free, A=archive, TS=gc time stamp, AC=allocation context, TAMS=top-at-mark-start (previous, next)
|   0|0x0000000081800000, 0x0000000081900000, 0x0000000081900000|100%| O|  |TS  0|AC  0|TAMS 0x0000000081900000, 0x0000000081900000|
|   1|0x0000000081900000, 0x0000000081a00000, 0x0000000081a00000|100%| O|  |TS  0|AC  0|TAMS 0x0000000081a00000, 0x0000000081a00000|
|   2|0x0000000081a00000, 0x0000000081b00000, 0x0000000081b00000|100%| O|  |TS  0|AC  0|TAMS 0x0000000081b00000, 0x0000000081b00000|
|   3|0x0000000081b00000, 0x0000000081b71200, 0x0000000081c00000| 44%| O|  |TS  0|AC  0|TAMS 0x0000000081b71200, 0x0000000081b71200|
|   4|0x0000000081c00000, 0x0000000081c00000, 0x0000000081d00000|  0%| F|  |TS  0|AC  0|TAMS 0x0000000081c00000, 0x0000000081c00000|
|   5|0x0000000081d00000, 0x0000000081d00000, 0x0000000081e00000|  0%| F|  |TS  0|AC  0|TAMS 0x0000000081d00000, 0x0000000081d00000|
|   6|0x0000000081e00000, 0x0000000081e00000, 0x0000000081f00000|  0%| F|  |TS  0|AC  0|TAMS 0x0000000081e00000, 0x0000000081e00000|
|   7|0x0000000081f00000, 0x0000000081f00000, 0x0000000082000000|  0%| F|  |TS  0|AC  0|TAMS 0x0000000081f00000, 0x0000000081f00000|
|   8|0x0000000082000000, 0x0000000082000000, 0x0000000082100000|  0%| F|  |TS  0|AC  0|TAMS 0x0000000082000000, 0x0000000082000000|
|   9|0x0000000082100000, 0x0000000082100000, 0x0000000082200000|  0%| F|  |TS  0|AC  0|TAMS 0x0000000082100000, 0x0000000082100000|
|  10|0x0000000082200000, 0x0000000082200000, 0x0000000082300000|  0%| F|  |TS  0|AC  0|TAMS 0x0000000082200000, 0x0000000082200000|
|  11|0x0000000082300000, 0x0000000082300000, 0x0000000082400000|  0%| F|  |TS  0|AC  0|TAMS 0x0000000082300000, 0x0000000082300000|
|  12|0x0000000082400000, 0x0000000082400000, 0x0000000082500000|  0%| F|  |TS  0|AC  0|TAMS 0x0000000082400000, 0x0000000082400000|
|  13|0x0000000082500000, 0x0000000082500000, 0x0000000082600000|  0%| F|  |TS  0|AC  0|TAMS 0x0000000082500000, 0x0000000082500000|
|  14|0x0000000082600000, 0x0000000082600000, 0x0000000082700000|  0%| F|  |TS  0|AC  0|TAMS 0x0000000082600000, 0x0000000082600000|
|  15|0x0000000082700000, 0x0000000082700000, 0x0000000082800000|  0%| F|  |TS  0|AC  0|TAMS 0x0000000082700000, 0x0000000082700000|
|  16|0x0000000082800000, 0x0000000082800000, 0x0000000082900000|  0%| F|  |TS  0|AC  0|TAMS 0x0000000082800000, 0x0000000082800000|
|  17|0x0000000082900000, 0x0000000082900000, 0x0000000082a00000|  0%| F|  |TS  0|AC  0|TAMS 0x0000000082900000, 0x0000000082900000|
|  18|0x0000000082a00000, 0x0000000082a00000, 0x0000000082b00000|  0%| F|  |TS  0|AC  0|TAMS 0x0000000082a00000, 0x0000000082a00000|
|  19|0x0000000082b00000, 0x0000000082b00000, 0x0000000082c00000|  0%| F|  |TS  0|AC  0|TAMS 0x0000000082b00000, 0x0000000082b00000|
|  20|0x0000000082c00000, 0x0000000082c00000, 0x0000000082d00000|  0%| F|  |TS  0|AC  0|TAMS 0x0000000082c00000, 0x0000000082c00000|
|  21|0x0000000082d00000, 0x0000000082d00000, 0x0000000082e00000|  0%| F|  |TS  0|AC  0|TAMS 0x0000000082d00000, 0x0000000082d00000|
|  22|0x0000000082e00000, 0x0000000082e00000, 0x0000000082f00000|  0%| F|  |TS  0|AC  0|TAMS 0x0000000082e00000, 0x0000000082e00000|
|  23|0x0000000082f00000, 0x0000000082f00000, 0x0000000083000000|  0%| F|  |TS  0|AC  0|TAMS 0x0000000082f00000, 0x0000000082f00000|
|  24|0x0000000083000000, 0x0000000083000000, 0x0000000083100000|  0%| F|  |TS  0|AC  0|TAMS 0x0000000083000000, 0x0000000083000000|
|  25|0x0000000083100000, 0x0000000083100000, 0x0000000083200000|  0%| F|  |TS  0|AC  0|TAMS 0x0000000083100000, 0x0000000083100000|
|  26|0x0000000083200000, 0x0000000083200000, 0x0000000083300000|  0%| F|  |TS  0|AC  0|TAMS 0x0000000083200000, 0x0000000083200000|
|  27|0x0000000083300000, 0x0000000083300000, 0x0000000083400000|  0%| F|  |TS  0|AC  0|TAMS 0x0000000083300000, 0x0000000083300000|
|  28|0x0000000083400000, 0x0000000083400000, 0x0000000083500000|  0%| F|  |TS  0|AC  0|TAMS 0x0000000083400000, 0x0000000083400000|
|  29|0x0000000083500000, 0x0000000083500000, 0x0000000083600000|  0%| F|  |TS  0|AC  0|TAMS 0x0000000083500000, 0x0000000083500000|
|  30|0x0000000083600000, 0x0000000083600000, 0x0000000083700000|  0%| F|  |TS  0|AC  0|TAMS 0x0000000083600000, 0x0000000083600000|
|  31|0x0000000083700000, 0x0000000083700000, 0x0000000083800000|  0%| F|  |TS  0|AC  0|TAMS 0x0000000083700000, 0x0000000083700000|
|  32|0x0000000083800000, 0x0000000083800000, 0x0000000083900000|  0%| F|  |TS  0|AC  0|TAMS 0x0000000083800000, 0x0000000083800000|
|  33|0x0000000083900000, 0x0000000083900000, 0x0000000083a00000|  0%| F|  |TS  0|AC  0|TAMS 0x0000000083900000, 0x0000000083900000|
|  34|0x0000000083a00000, 0x0000000083a00000, 0x0000000083b00000|  0%| F|  |TS  0|AC  0|TAMS 0x0000000083a00000, 0x0000000083a00000|
|  35|0x0000000083b00000, 0x0000000083b00000, 0x0000000083c00000|  0%| F|  |TS  0|AC  0|TAMS 0x0000000083b00000, 0x0000000083b00000|
|  36|0x0000000083c00000, 0x0000000083c00000, 0x0000000083d00000|  0%| F|  |TS  0|AC  0|TAMS 0x0000000083c00000, 0x0000000083c00000|
|  37|0x0000000083d00000, 0x0000000083d00000, 0x0000000083e00000|  0%| F|  |TS  0|AC  0|TAMS 0x0000000083d00000, 0x0000000083d00000|
|  38|0x0000000083e00000, 0x0000000083e00000, 0x0000000083f00000|  0%| F|  |TS  0|AC  0|TAMS 0x0000000083e00000, 0x0000000083e00000|
|  39|0x0000000083f00000, 0x0000000083f00000, 0x0000000084000000|  0%| F|  |TS  0|AC  0|TAMS 0x0000000083f00000, 0x0000000083f00000|
|  40|0x0000000084000000, 0x0000000084000000, 0x0000000084100000|  0%| F|  |TS  0|AC  0|TAMS 0x0000000084000000, 0x0000000084000000|
|  41|0x0000000084100000, 0x0000000084100000, 0x0000000084200000|  0%| F|  |TS  0|AC  0|TAMS 0x0000000084100000, 0x0000000084100000|
|  42|0x0000000084200000, 0x0000000084200000, 0x0000000084300000|  0%| F|  |TS  0|AC  0|TAMS 0x0000000084200000, 0x0000000084200000|
|  43|0x0000000084300000, 0x0000000084300000, 0x0000000084400000|  0%| F|  |TS  0|AC  0|TAMS 0x0000000084300000, 0x0000000084300000|
|  44|0x0000000084400000, 0x0000000084400000, 0x0000000084500000|  0%| F|  |TS  0|AC  0|TAMS 0x0000000084400000, 0x0000000084400000|
|  45|0x0000000084500000, 0x0000000084500000, 0x0000000084600000|  0%| F|  |TS  0|AC  0|TAMS 0x0000000084500000, 0x0000000084500000|
|  46|0x0000000084600000, 0x0000000084600000, 0x0000000084700000|  0%| F|  |TS  0|AC  0|TAMS 0x0000000084600000, 0x0000000084600000|
|  47|0x0000000084700000, 0x0000000084700000, 0x0000000084800000|  0%| F|  |TS  0|AC  0|TAMS 0x0000000084700000, 0x0000000084700000|
|  48|0x0000000084800000, 0x0000000084800000, 0x0000000084900000|  0%| F|  |TS  0|AC  0|TAMS 0x0000000084800000, 0x0000000084800000|
|  49|0x0000000084900000, 0x0000000084900000, 0x0000000084a00000|  0%| F|  |TS  0|AC  0|TAMS 0x0000000084900000, 0x0000000084900000|
|  50|0x0000000084a00000, 0x0000000084a00000, 0x0000000084b00000|  0%| F|  |TS  0|AC  0|TAMS 0x0000000084a00000, 0x0000000084a00000|
|  51|0x0000000084b00000, 0x0000000084b00000, 0x0000000084c00000|  0%| F|  |TS  0|AC  0|TAMS 0x0000000084b00000, 0x0000000084b00000|
|  52|0x0000000084c00000, 0x0000000084c00000, 0x0000000084d00000|  0%| F|  |TS  0|AC  0|TAMS 0x0000000084c00000, 0x0000000084c00000|
|  53|0x0000000084d00000, 0x0000000084d00000, 0x0000000084e00000|  0%| F|  |TS  0|AC  0|TAMS 0x0000000084d00000, 0x0000000084d00000|
|  54|0x0000000084e00000, 0x0000000084e00000, 0x0000000084f00000|  0%| F|  |TS  0|AC  0|TAMS 0x0000000084e00000, 0x0000000084e00000|
|  55|0x0000000084f00000, 0x0000000084f00000, 0x0000000085000000|  0%| F|  |TS  0|AC  0|TAMS 0x0000000084f00000, 0x0000000084f00000|
|  56|0x0000000085000000, 0x0000000085000000, 0x0000000085100000|  0%| F|  |TS  0|AC  0|TAMS 0x0000000085000000, 0x0000000085000000|
|  57|0x0000000085100000, 0x0000000085100000, 0x0000000085200000|  0%| F|  |TS  0|AC  0|TAMS 0x0000000085100000, 0x0000000085100000|
|  58|0x0000000085200000, 0x0000000085200000, 0x0000000085300000|  0%| F|  |TS  0|AC  0|TAMS 0x0000000085200000, 0x0000000085200000|
|  59|0x0000000085300000, 0x0000000085300000, 0x0000000085400000|  0%| F|  |TS  0|AC  0|TAMS 0x0000000085300000, 0x0000000085300000|
|  60|0x0000000085400000, 0x0000000085400000, 0x0000000085500000|  0%| F|  |TS  0|AC  0|TAMS 0x0000000085400000, 0x0000000085400000|
|  61|0x0000000085500000, 0x0000000085500000, 0x0000000085600000|  0%| F|  |TS  0|AC  0|TAMS 0x0000000085500000, 0x0000000085500000|
|  62|0x0000000085600000, 0x0000000085600000, 0x0000000085700000|  0%| F|  |TS  0|AC  0|TAMS 0x0000000085600000, 0x0000000085600000|
|  63|0x0000000085700000, 0x0000000085700000, 0x0000000085800000|  0%| F|  |TS  0|AC  0|TAMS 0x0000000085700000, 0x0000000085700000|
|  64|0x0000000085800000, 0x0000000085800000, 0x0000000085900000|  0%| F|  |TS  0|AC  0|TAMS 0x0000000085800000, 0x0000000085800000|
|  65|0x0000000085900000, 0x0000000085900000, 0x0000000085a00000|  0%| F|  |TS  0|AC  0|TAMS 0x0000000085900000, 0x0000000085900000|
|  66|0x0000000085a00000, 0x0000000085a00000, 0x0000000085b00000|  0%| F|  |TS  0|AC  0|TAMS 0x0000000085a00000, 0x0000000085a00000|
|  67|0x0000000085b00000, 0x0000000085b00000, 0x0000000085c00000|  0%| F|  |TS  0|AC  0|TAMS 0x0000000085b00000, 0x0000000085b00000|
|  68|0x0000000085c00000, 0x0000000085c00000, 0x0000000085d00000|  0%| F|  |TS  0|AC  0|TAMS 0x0000000085c00000, 0x0000000085c00000|
|  69|0x0000000085d00000, 0x0000000085d00000, 0x0000000085e00000|  0%| F|  |TS  0|AC  0|TAMS 0x0000000085d00000, 0x0000000085d00000|
|  70|0x0000000085e00000, 0x0000000085e00000, 0x0000000085f00000|  0%| F|  |TS  0|AC  0|TAMS 0x0000000085e00000, 0x0000000085e00000|
|  71|0x0000000085f00000, 0x0000000085f00000, 0x0000000086000000|  0%| F|  |TS  0|AC  0|TAMS 0x0000000085f00000, 0x0000000085f00000|
|  72|0x0000000086000000, 0x0000000086000000, 0x0000000086100000|  0%| F|  |TS  0|AC  0|TAMS 0x0000000086000000, 0x0000000086000000|
|  73|0x0000000086100000, 0x0000000086100000, 0x0000000086200000|  0%| F|  |TS  0|AC  0|TAMS 0x0000000086100000, 0x0000000086100000|
|  74|0x0000000086200000, 0x0000000086200000, 0x0000000086300000|  0%| F|  |TS  0|AC  0|TAMS 0x0000000086200000, 0x0000000086200000|
|  75|0x0000000086300000, 0x0000000086300000, 0x0000000086400000|  0%| F|  |TS  0|AC  0|TAMS 0x0000000086300000, 0x0000000086300000|
|  76|0x0000000086400000, 0x0000000086400000, 0x0000000086500000|  0%| F|  |TS  0|AC  0|TAMS 0x0000000086400000, 0x0000000086400000|
|  77|0x0000000086500000, 0x0000000086500000, 0x0000000086600000|  0%| F|  |TS  0|AC  0|TAMS 0x0000000086500000, 0x0000000086500000|
|  78|0x0000000086600000, 0x0000000086600000, 0x0000000086700000|  0%| F|  |TS  0|AC  0|TAMS 0x0000000086600000, 0x0000000086600000|
|  79|0x0000000086700000, 0x0000000086700000, 0x0000000086800000|  0%| F|  |TS  0|AC  0|TAMS 0x0000000086700000, 0x0000000086700000|
|  80|0x0000000086800000, 0x0000000086800000, 0x0000000086900000|  0%| F|  |TS  0|AC  0|TAMS 0x0000000086800000, 0x0000000086800000|
|  81|0x0000000086900000, 0x0000000086900000, 0x0000000086a00000|  0%| F|  |TS  0|AC  0|TAMS 0x0000000086900000, 0x0000000086900000|
|  82|0x0000000086a00000, 0x0000000086a00000, 0x0000000086b00000|  0%| F|  |TS  0|AC  0|TAMS 0x0000000086a00000, 0x0000000086a00000|
|  83|0x0000000086b00000, 0x0000000086b00000, 0x0000000086c00000|  0%| F|  |TS  0|AC  0|TAMS 0x0000000086b00000, 0x0000000086b00000|
|  84|0x0000000086c00000, 0x0000000086c00000, 0x0000000086d00000|  0%| F|  |TS  0|AC  0|TAMS 0x0000000086c00000, 0x0000000086c00000|
|  85|0x0000000086d00000, 0x0000000086d00000, 0x0000000086e00000|  0%| F|  |TS  0|AC  0|TAMS 0x0000000086d00000, 0x0000000086d00000|
|  86|0x0000000086e00000, 0x0000000086e00000, 0x0000000086f00000|  0%| F|  |TS  0|AC  0|TAMS 0x0000000086e00000, 0x0000000086e00000|
|  87|0x0000000086f00000, 0x0000000086f00000, 0x0000000087000000|  0%| F|  |TS  0|AC  0|TAMS 0x0000000086f00000, 0x0000000086f00000|
|  88|0x0000000087000000, 0x0000000087000000, 0x0000000087100000|  0%| F|  |TS  0|AC  0|TAMS 0x0000000087000000, 0x0000000087000000|
|  89|0x0000000087100000, 0x0000000087100000, 0x0000000087200000|  0%| F|  |TS  0|AC  0|TAMS 0x0000000087100000, 0x0000000087100000|
|  90|0x0000000087200000, 0x0000000087200000, 0x0000000087300000|  0%| F|  |TS  0|AC  0|TAMS 0x0000000087200000, 0x0000000087200000|
|  91|0x0000000087300000, 0x0000000087300000, 0x0000000087400000|  0%| F|  |TS  0|AC  0|TAMS 0x0000000087300000, 0x0000000087300000|
|  92|0x0000000087400000, 0x0000000087400000, 0x0000000087500000|  0%| F|  |TS  0|AC  0|TAMS 0x0000000087400000, 0x0000000087400000|
|  93|0x0000000087500000, 0x0000000087500000, 0x0000000087600000|  0%| F|  |TS  0|AC  0|TAMS 0x0000000087500000, 0x0000000087500000|
|  94|0x0000000087600000, 0x0000000087600000, 0x0000000087700000|  0%| F|  |TS  0|AC  0|TAMS 0x0000000087600000, 0x0000000087600000|
|  95|0x0000000087700000, 0x0000000087700000, 0x0000000087800000|  0%| F|  |TS  0|AC  0|TAMS 0x0000000087700000, 0x0000000087700000|
|  96|0x0000000087800000, 0x0000000087800000, 0x0000000087900000|  0%| F|  |TS  0|AC  0|TAMS 0x0000000087800000, 0x0000000087800000|
|  97|0x0000000087900000, 0x0000000087900000, 0x0000000087a00000|  0%| F|  |TS  0|AC  0|TAMS 0x0000000087900000, 0x0000000087900000|
|  98|0x0000000087a00000, 0x0000000087a00000, 0x0000000087b00000|  0%| F|  |TS  0|AC  0|TAMS 0x0000000087a00000, 0x0000000087a00000|
|  99|0x0000000087b00000, 0x0000000087b00000, 0x0000000087c00000|  0%| F|  |TS  0|AC  0|TAMS 0x0000000087b00000, 0x0000000087b00000|
| 100|0x0000000087c00000, 0x0000000087c00000, 0x0000000087d00000|  0%| F|  |TS  0|AC  0|TAMS 0x0000000087c00000, 0x0000000087c00000|
| 101|0x0000000087d00000, 0x0000000087d00000, 0x0000000087e00000|  0%| F|  |TS  0|AC  0|TAMS 0x0000000087d00000, 0x0000000087d00000|
| 102|0x0000000087e00000, 0x0000000087e00000, 0x0000000087f00000|  0%| F|  |TS  0|AC  0|TAMS 0x0000000087e00000, 0x0000000087e00000|
| 103|0x0000000087f00000, 0x0000000087f00000, 0x0000000088000000|  0%| F|  |TS  0|AC  0|TAMS 0x0000000087f00000, 0x0000000087f00000|
| 104|0x0000000088000000, 0x0000000088000000, 0x0000000088100000|  0%| F|  |TS  0|AC  0|TAMS 0x0000000088000000, 0x0000000088000000|
| 105|0x0000000088100000, 0x0000000088100000, 0x0000000088200000|  0%| F|  |TS  0|AC  0|TAMS 0x0000000088100000, 0x0000000088100000|
| 106|0x0000000088200000, 0x0000000088200000, 0x0000000088300000|  0%| F|  |TS  0|AC  0|TAMS 0x0000000088200000, 0x0000000088200000|
| 107|0x0000000088300000, 0x0000000088300000, 0x0000000088400000|  0%| F|  |TS  0|AC  0|TAMS 0x0000000088300000, 0x0000000088300000|
| 108|0x0000000088400000, 0x0000000088400000, 0x0000000088500000|  0%| F|  |TS  0|AC  0|TAMS 0x0000000088400000, 0x0000000088400000|
| 109|0x0000000088500000, 0x0000000088500000, 0x0000000088600000|  0%| F|  |TS  0|AC  0|TAMS 0x0000000088500000, 0x0000000088500000|
| 110|0x0000000088600000, 0x0000000088600000, 0x0000000088700000|  0%| F|  |TS  0|AC  0|TAMS 0x0000000088600000, 0x0000000088600000|
| 111|0x0000000088700000, 0x0000000088700000, 0x0000000088800000|  0%| F|  |TS  0|AC  0|TAMS 0x0000000088700000, 0x0000000088700000|
| 112|0x0000000088800000, 0x0000000088800000, 0x0000000088900000|  0%| F|  |TS  0|AC  0|TAMS 0x0000000088800000, 0x0000000088800000|
| 113|0x0000000088900000, 0x0000000088900000, 0x0000000088a00000|  0%| F|  |TS  0|AC  0|TAMS 0x0000000088900000, 0x0000000088900000|
| 114|0x0000000088a00000, 0x0000000088a00000, 0x0000000088b00000|  0%| F|  |TS  0|AC  0|TAMS 0x0000000088a00000, 0x0000000088a00000|
| 115|0x0000000088b00000, 0x0000000088b00000, 0x0000000088c00000|  0%| F|  |TS  0|AC  0|TAMS 0x0000000088b00000, 0x0000000088b00000|
| 116|0x0000000088c00000, 0x0000000088cefdf0, 0x0000000088d00000| 93%| S|CS|TS  0|AC  0|TAMS 0x0000000088c00000, 0x0000000088c00000|
| 117|0x0000000088d00000, 0x0000000088e00000, 0x0000000088e00000|100%| S|CS|TS  0|AC  0|TAMS 0x0000000088d00000, 0x0000000088d00000|
| 118|0x0000000088e00000, 0x0000000088f00000, 0x0000000088f00000|100%| S|CS|TS  0|AC  0|TAMS 0x0000000088e00000, 0x0000000088e00000|
| 119|0x0000000088f00000, 0x0000000089000000, 0x0000000089000000|100%| S|CS|TS  0|AC  0|TAMS 0x0000000088f00000, 0x0000000088f00000|
| 120|0x0000000089000000, 0x0000000089100000, 0x0000000089100000|100%| S|CS|TS  0|AC  0|TAMS 0x0000000089000000, 0x0000000089000000|
| 121|0x0000000089100000, 0x0000000089100000, 0x0000000089200000|  0%| F|  |TS  0|AC  0|TAMS 0x0000000089100000, 0x0000000089100000|
| 122|0x0000000089200000, 0x0000000089200000, 0x0000000089300000|  0%| F|  |TS  0|AC  0|TAMS 0x0000000089200000, 0x0000000089200000|
| 123|0x0000000089300000, 0x0000000089300000, 0x0000000089400000|  0%| F|  |TS  0|AC  0|TAMS 0x0000000089300000, 0x0000000089300000|
| 124|0x0000000089400000, 0x0000000089400000, 0x0000000089500000|  0%| F|  |TS  0|AC  0|TAMS 0x0000000089400000, 0x0000000089400000|
| 125|0x0000000089500000, 0x0000000089500000, 0x0000000089600000|  0%| F|  |TS  0|AC  0|TAMS 0x0000000089500000, 0x0000000089500000|
| 126|0x0000000089600000, 0x0000000089600000, 0x0000000089700000|  0%| F|  |TS  0|AC  0|TAMS 0x0000000089600000, 0x0000000089600000|
| 127|0x0000000089700000, 0x000000008979a0a0, 0x0000000089800000| 60%| E|  |TS  0|AC  0|TAMS 0x0000000089700000, 0x0000000089700000|

Card table byte_map: [0x000001eaef2d0000,0x000001eaef6d0000] byte_map_base: 0x000001eaeeec4000

Marking Bits (Prev, Next): (CMBitMap*) 0x000001ead457bde8, (CMBitMap*) 0x000001ead457bdb0
 Prev Bits: [0x000001eaf1a70000, 0x000001eaf3a10000)
 Next Bits: [0x000001eaefad0000, 0x000001eaf1a70000)

Polling page: 0x000001ead2ce0000

CodeHeap 'non-profiled nmethods': size=120064Kb used=1145Kb max_used=1145Kb free=118918Kb
 bounds [0x000001eae7360000, 0x000001eae75d0000, 0x000001eaee8a0000]
CodeHeap 'profiled nmethods': size=120000Kb used=5358Kb max_used=5358Kb free=114641Kb
 bounds [0x000001eadfe30000, 0x000001eae0370000, 0x000001eae7360000]
CodeHeap 'non-nmethods': size=5696Kb used=1106Kb max_used=1142Kb free=4589Kb
 bounds [0x000001eadf8a0000, 0x000001eadfb10000, 0x000001eadfe30000]
 total_blobs=3607 nmethods=2610 adapters=327
 compilation: enabled

Compilation events (10 events):
Event: 11.065 Thread 0x000001eaf698c800 2625       3       java.util.Formatter$Conversion::isValid (47 bytes)
Event: 11.066 Thread 0x000001eaf698c800 nmethod 2625 0x000001eae0364710 code [0x000001eae0364900, 0x000001eae0364d50]
Event: 11.095 Thread 0x000001eaf6938800 nmethod 2614 0x000001eae7479a90 code [0x000001eae7479c80, 0x000001eae747ab88]
Event: 11.095 Thread 0x000001eaf6938800 2617       4       java.util.ArrayList::iterator (9 bytes)
Event: 11.097 Thread 0x000001eaf698c800 2627       1       java.nio.Buffer::capacity (5 bytes)
Event: 11.097 Thread 0x000001eaf698c800 nmethod 2627 0x000001eae747b590 code [0x000001eae747b740, 0x000001eae747b858]
Event: 11.098 Thread 0x000001eaf698c800 2629       3       org.apache.maven.model.inheritance.DefaultInheritanceAssembler$InheritanceModelMerger::mergePlugin (71 bytes)
Event: 11.099 Thread 0x000001eaf6938800 nmethod 2617 0x000001eae747b910 code [0x000001eae747baa0, 0x000001eae747bb98]
Event: 11.099 Thread 0x000001eaf6938800 2626 %     4       sun.nio.cs.UTF_8$Decoder::decodeArrayLoop @ 73 (691 bytes)
Event: 11.101 Thread 0x000001eaf698c800 nmethod 2629 0x000001eae0364e90 code [0x000001eae03650e0, 0x000001eae0365c50]

GC Heap History (8 events):
Event: 3.974 GC heap before
{Heap before GC invocations=0 (full 0):
 garbage-first heap   total 131072K, used 14336K [0x0000000081800000, 0x0000000100000000)
  region size 1024K, 14 young (14336K), 0 survivors (0K)
 Metaspace       used 10765K, capacity 10934K, committed 11136K, reserved 1058816K
  class space    used 953K, capacity 1031K, committed 1152K, reserved 1048576K
}
Event: 3.992 GC heap after
{Heap after GC invocations=1 (full 0):
 garbage-first heap   total 131072K, used 3496K [0x0000000081800000, 0x0000000100000000)
  region size 1024K, 2 young (2048K), 2 survivors (2048K)
 Metaspace       used 10765K, capacity 10934K, committed 11136K, reserved 1058816K
  class space    used 953K, capacity 1031K, committed 1152K, reserved 1048576K
}
Event: 4.393 GC heap before
{Heap before GC invocations=1 (full 0):
 garbage-first heap   total 131072K, used 7592K [0x0000000081800000, 0x0000000100000000)
  region size 1024K, 6 young (6144K), 2 survivors (2048K)
 Metaspace       used 12021K, capacity 12201K, committed 12544K, reserved 1060864K
  class space    used 1109K, capacity 1178K, committed 1280K, reserved 1048576K
}
Event: 4.410 GC heap after
{Heap after GC invocations=2 (full 0):
 garbage-first heap   total 131072K, used 3944K [0x0000000081800000, 0x0000000100000000)
  region size 1024K, 1 young (1024K), 1 survivors (1024K)
 Metaspace       used 12021K, capacity 12201K, committed 12544K, reserved 1060864K
  class space    used 1109K, capacity 1178K, committed 1280K, reserved 1048576K
}
Event: 5.676 GC heap before
{Heap before GC invocations=2 (full 0):
 garbage-first heap   total 131072K, used 21352K [0x0000000081800000, 0x0000000100000000)
  region size 1024K, 18 young (18432K), 1 survivors (1024K)
 Metaspace       used 14218K, capacity 14460K, committed 14592K, reserved 1062912K
  class space    used 1395K, capacity 1483K, committed 1536K, reserved 1048576K
}
Event: 5.684 GC heap after
{Heap after GC invocations=3 (full 0):
 garbage-first heap   total 131072K, used 4398K [0x0000000081800000, 0x0000000100000000)
  region size 1024K, 1 young (1024K), 1 survivors (1024K)
 Metaspace       used 14218K, capacity 14460K, committed 14592K, reserved 1062912K
  class space    used 1395K, capacity 1483K, committed 1536K, reserved 1048576K
}
Event: 9.771 GC heap before
{Heap before GC invocations=3 (full 0):
 garbage-first heap   total 131072K, used 48430K [0x0000000081800000, 0x0000000100000000)
  region size 1024K, 44 young (45056K), 1 survivors (1024K)
 Metaspace       used 20693K, capacity 20983K, committed 21248K, reserved 1069056K
  class space    used 2132K, capacity 2276K, committed 2304K, reserved 1048576K
}
Event: 9.798 GC heap after
{Heap after GC invocations=4 (full 0):
 garbage-first heap   total 131072K, used 7620K [0x0000000081800000, 0x0000000100000000)
  region size 1024K, 4 young (4096K), 4 survivors (4096K)
 Metaspace       used 20693K, capacity 20983K, committed 21248K, reserved 1069056K
  class space    used 2132K, capacity 2276K, committed 2304K, reserved 1048576K
}

Deoptimization events (10 events):
Event: 9.161 Thread 0x000001ead2cce000 Uncommon trap: reason=unstable_if action=reinterpret pc=0x000001eae73eaa2c method=java.lang.String.replace(CC)Ljava/lang/String; @ 2 c2
Event: 9.533 Thread 0x000001ead2cce000 Uncommon trap: reason=unstable_if action=reinterpret pc=0x000001eae7452ad0 method=java.lang.String.indexOf([BBILjava/lang/String;I)I @ 54 c2
Event: 9.554 Thread 0x000001ead2cce000 Uncommon trap: reason=speculate_class_check action=maybe_recompile pc=0x000001eae745541c method=jdk.internal.reflect.UnsafeObjectFieldAccessorImpl.get(Ljava/lang/Object;)Ljava/lang/Object; @ 13 c2
Event: 9.554 Thread 0x000001ead2cce000 Uncommon trap: reason=speculate_class_check action=maybe_recompile pc=0x000001eae745541c method=jdk.internal.reflect.UnsafeObjectFieldAccessorImpl.get(Ljava/lang/Object;)Ljava/lang/Object; @ 13 c2
Event: 9.555 Thread 0x000001ead2cce000 Uncommon trap: reason=speculate_class_check action=maybe_recompile pc=0x000001eae745541c method=jdk.internal.reflect.UnsafeObjectFieldAccessorImpl.get(Ljava/lang/Object;)Ljava/lang/Object; @ 13 c2
Event: 9.556 Thread 0x000001ead2cce000 Uncommon trap: reason=speculate_class_check action=maybe_recompile pc=0x000001eae745541c method=jdk.internal.reflect.UnsafeObjectFieldAccessorImpl.get(Ljava/lang/Object;)Ljava/lang/Object; @ 13 c2
Event: 9.809 Thread 0x000001ead2cce000 Uncommon trap: reason=unstable_if action=reinterpret pc=0x000001eae7453990 method=java.lang.reflect.AccessibleObject.checkCanSetAccessible(Ljava/lang/Class;Ljava/lang/Class;Z)Z @ 16 c2
Event: 9.954 Thread 0x000001ead2cce000 Uncommon trap: reason=unstable_if action=reinterpret pc=0x000001eae73e040c method=org.codehaus.plexus.util.xml.pull.MXParser.nextImpl()I @ 879 c2
Event: 10.291 Thread 0x000001ead2cce000 Uncommon trap: reason=unstable_if action=reinterpret pc=0x000001eae7385668 method=java.lang.StringCoding.hasNegatives([BII)Z @ 12 c2
Event: 10.292 Thread 0x000001ead2cce000 Uncommon trap: reason=unstable_if action=reinterpret pc=0x000001eae73c49ec method=sun.nio.cs.UTF_8$Decoder.decodeArrayLoop(Ljava/nio/ByteBuffer;Ljava/nio/CharBuffer;)Ljava/nio/charset/CoderResult; @ 84 c2

Classes redefined (0 events):
No events

Internal exceptions (10 events):
Event: 3.352 Thread 0x000001ead2cce000 Exception <a 'java/lang/NoSuchMethodError'{0x0000000088e6acc0}: method resolution failed> (0x0000000088e6acc0) thrown at [t:/workspace/open/src/hotspot/share/prims/methodHandles.cpp, line 1226]
Event: 3.369 Thread 0x000001ead2cce000 Exception <a 'java/lang/NoSuchMethodError'{0x0000000088e80678}: java.lang.invoke.DirectMethodHandle$Holder.invokeStatic(Ljava/lang/Object;Ljava/lang/Object;)I> (0x0000000088e80678) thrown at [t:/workspace/open/src/hotspot/share/interpreter/linkResolver.cp
Event: 3.579 Thread 0x000001ead2cce000 Exception <a 'java/lang/NoSuchMethodError'{0x0000000088ddb3b8}: java.lang.Object.lambda$union$1(Ljava/util/regex/Pattern$CharPredicate;I)Z> (0x0000000088ddb3b8) thrown at [t:/workspace/open/src/hotspot/share/interpreter/linkResolver.cpp, line 741]
Event: 4.591 Thread 0x000001ead2cce000 Exception <a 'java/lang/NoSuchMethodError'{0x0000000089565c58}: java.lang.invoke.DirectMethodHandle$Holder.invokeInterface(Ljava/lang/Object;Ljava/lang/Object;Ljava/lang/Object;)I> (0x0000000089565c58) thrown at [t:/workspace/open/src/hotspot/share/interp
Event: 4.604 Thread 0x000001ead2cce000 Exception <a 'java/lang/NoSuchMethodError'{0x000000008957af78}: java.lang.Object.of([Ljava/lang/Object;)Ljava/util/stream/Stream;> (0x000000008957af78) thrown at [t:/workspace/open/src/hotspot/share/interpreter/linkResolver.cpp, line 741]
Event: 7.811 Thread 0x000001ead2cce000 Exception <a 'java/lang/NoClassDefFoundError'{0x00000000879eede8}: com/google/inject/servlet/ServletModuleTargetVisitor> (0x00000000879eede8) thrown at [t:/workspace/open/src/hotspot/share/classfile/systemDictionary.cpp, line 222]
Event: 7.811 Thread 0x000001ead2cce000 Exception <a 'java/lang/NoClassDefFoundError'{0x00000000879eede8}> (0x00000000879eede8) thrown at [t:/workspace/open/src/hotspot/share/prims/jvm.cpp, line 1349]
Event: 7.811 Thread 0x000001ead2cce000 Exception <a 'java/lang/NoClassDefFoundError'{0x00000000879f1fa0}: javax/annotation/Priority> (0x00000000879f1fa0) thrown at [t:/workspace/open/src/hotspot/share/classfile/systemDictionary.cpp, line 222]
Event: 8.852 Thread 0x000001ead2cce000 Implicit null exception at 0x000001eae7394574 to 0x000001eae7394a86
Event: 8.852 Thread 0x000001ead2cce000 Implicit null exception at 0x000001eae7395a74 to 0x000001eae7395f76

Events (10 events):
Event: 10.654 Thread 0x000001ead2cce000 DEOPT PACKING pc=0x000001eae032d041 sp=0x0000005b176fd7b0
Event: 10.654 Thread 0x000001ead2cce000 DEOPT UNPACKING pc=0x000001eadf8c884e sp=0x0000005b176fcc38 mode 0
Event: 10.655 Thread 0x000001ead2cce000 DEOPT PACKING pc=0x000001eae03288a6 sp=0x0000005b176fd590
Event: 10.655 Thread 0x000001ead2cce000 DEOPT UNPACKING pc=0x000001eadf8c884e sp=0x0000005b176fcb18 mode 0
Event: 10.763 Thread 0x000001ead2cce000 DEOPT PACKING pc=0x000001eae033f662 sp=0x0000005b176fd630
Event: 10.763 Thread 0x000001ead2cce000 DEOPT UNPACKING pc=0x000001eadf8c884e sp=0x0000005b176fcab8 mode 0
Event: 10.783 loading class org/apache/maven/model/ActivationFile
Event: 10.783 loading class org/apache/maven/model/ActivationFile done
Event: 11.035 Thread 0x000001ead2cce000 DEOPT PACKING pc=0x000001eae033f662 sp=0x0000005b176fd7b0
Event: 11.035 Thread 0x000001ead2cce000 DEOPT UNPACKING pc=0x000001eadf8c884e sp=0x0000005b176fcc38 mode 0


Dynamic libraries:
0x00007ff646220000 - 0x00007ff64625e000 	C:\Program Files\Java\jdk-10.0.1\bin\java.exe
0x00007ff898aa0000 - 0x00007ff898c61000 	C:\Windows\SYSTEM32\ntdll.dll
0x00007ff898670000 - 0x00007ff89871d000 	C:\Windows\system32\KERNEL32.DLL
0x00007ff895360000 - 0x00007ff895548000 	C:\Windows\system32\KERNELBASE.dll
0x00007ff895ea0000 - 0x00007ff895f47000 	C:\Windows\system32\ADVAPI32.dll
0x00007ff897ca0000 - 0x00007ff897d3d000 	C:\Windows\system32\msvcrt.dll
0x00007ff898270000 - 0x00007ff8982cb000 	C:\Windows\system32\sechost.dll
0x00007ff898720000 - 0x00007ff89883c000 	C:\Windows\system32\RPCRT4.dll
0x00007ff898930000 - 0x00007ff898a86000 	C:\Windows\system32\USER32.dll
0x00007ff897b00000 - 0x00007ff897c86000 	C:\Windows\system32\GDI32.dll
0x00007ff889500000 - 0x00007ff889774000 	C:\Windows\WinSxS\amd64_microsoft.windows.common-controls_6595b64144ccf1df_6.0.10586.494_none_a2d8b04ea53e3145\COMCTL32.dll
0x00007ff88bc10000 - 0x00007ff88bc1a000 	C:\Windows\SYSTEM32\VERSION.dll
0x00007ff8983f0000 - 0x00007ff89866d000 	C:\Windows\system32\combase.dll
0x00007ff895150000 - 0x00007ff8951ba000 	C:\Windows\system32\bcryptPrimitives.dll
0x00007ff8988f0000 - 0x00007ff89892b000 	C:\Windows\system32\IMM32.DLL
0x00007ff8800f0000 - 0x00007ff8801df000 	C:\Program Files\Java\jdk-10.0.1\bin\msvcr120.dll
0x00007ff880810000 - 0x00007ff8808b6000 	C:\Program Files\Java\jdk-10.0.1\bin\msvcp120.dll
0x0000000061140000 - 0x0000000061bb0000 	C:\Program Files\Java\jdk-10.0.1\bin\server\jvm.dll
0x00007ff8983e0000 - 0x00007ff8983e8000 	C:\Windows\system32\PSAPI.DLL
0x00007ff88d9e0000 - 0x00007ff88d9e9000 	C:\Windows\SYSTEM32\WSOCK32.dll
0x00007ff897d40000 - 0x00007ff897dab000 	C:\Windows\system32\WS2_32.dll
0x00007ff8937f0000 - 0x00007ff893813000 	C:\Windows\SYSTEM32\WINMM.dll
0x00007ff893790000 - 0x00007ff8937bc000 	C:\Windows\SYSTEM32\WINMMBASE.dll
0x00007ff895e50000 - 0x00007ff895e93000 	C:\Windows\system32\cfgmgr32.dll
0x00007ff88f210000 - 0x00007ff88f21f000 	C:\Program Files\Java\jdk-10.0.1\bin\verify.dll
0x00007ff8841b0000 - 0x00007ff88433c000 	C:\Windows\SYSTEM32\DBGHELP.DLL
0x00007ff8860b0000 - 0x00007ff8860d5000 	C:\Windows\SYSTEM32\dbgcore.DLL
0x00007ff88c6e0000 - 0x00007ff88c707000 	C:\Program Files\Java\jdk-10.0.1\bin\java.dll
0x00007ff887440000 - 0x00007ff88746a000 	C:\Program Files\Java\jdk-10.0.1\bin\instrument.dll
0x00007ff88c6c0000 - 0x00007ff88c6d6000 	C:\Program Files\Java\jdk-10.0.1\bin\zip.dll
0x00007ff88f200000 - 0x00007ff88f20a000 	C:\Program Files\Java\jdk-10.0.1\bin\jimage.dll
0x00007ff895f50000 - 0x00007ff8974ac000 	C:\Windows\system32\SHELL32.dll
0x00007ff895630000 - 0x00007ff895c75000 	C:\Windows\system32\windows.storage.dll
0x00007ff8978e0000 - 0x00007ff897932000 	C:\Windows\system32\shlwapi.dll
0x00007ff8950c0000 - 0x00007ff8950cf000 	C:\Windows\system32\kernel.appcore.dll
0x00007ff895550000 - 0x00007ff895605000 	C:\Windows\system32\shcore.dll
0x00007ff8950d0000 - 0x00007ff89511b000 	C:\Windows\system32\powrprof.dll
0x00007ff895120000 - 0x00007ff895134000 	C:\Windows\system32\profapi.dll
0x00007ff887800000 - 0x00007ff88781a000 	C:\Program Files\Java\jdk-10.0.1\bin\net.dll
0x00007ff891870000 - 0x00007ff891938000 	C:\Windows\SYSTEM32\WINHTTP.dll
0x00007ff894990000 - 0x00007ff8949ec000 	C:\Windows\system32\mswsock.dll
0x00007ff8868b0000 - 0x00007ff8868c1000 	C:\Program Files\Java\jdk-10.0.1\bin\nio.dll
0x00007ff88f290000 - 0x00007ff88f2aa000 	C:\Program Files\JetBrains\IntelliJ IDEA 2019.2.3\bin\breakgen64.dll
0x00007ff894a40000 - 0x00007ff894a57000 	C:\Windows\SYSTEM32\CRYPTSP.dll
0x00007ff8946d0000 - 0x00007ff894704000 	C:\Windows\system32\rsaenh.dll
0x00007ff894ff0000 - 0x00007ff895019000 	C:\Windows\SYSTEM32\bcrypt.dll
0x00007ff894820000 - 0x00007ff89483f000 	C:\Windows\SYSTEM32\USERENV.dll
0x00007ff894b60000 - 0x00007ff894b6b000 	C:\Windows\SYSTEM32\CRYPTBASE.dll
0x00007ff891950000 - 0x00007ff891988000 	C:\Windows\SYSTEM32\IPHLPAPI.DLL
0x00007ff897c90000 - 0x00007ff897c98000 	C:\Windows\system32\NSI.dll
0x00007ff88e630000 - 0x00007ff88e646000 	C:\Windows\SYSTEM32\dhcpcsvc6.DLL
0x00007ff88e730000 - 0x00007ff88e74a000 	C:\Windows\SYSTEM32\dhcpcsvc.DLL
0x00007ff88ad80000 - 0x00007ff88ad8a000 	C:\Users\arpan\AppData\Local\Temp\jansi-1.17.1-3933023703272271760.dll
0x00007ff886d00000 - 0x00007ff886d0a000 	C:\Users\arpan\AppData\Local\Temp\jansi-1.17.1-2287998738835589247.dll

dbghelp: loaded successfully - version: 4.0.5 - missing functions: none
symbol engine: initialized successfully - sym options: 0x614 - pdb path: .;C:\Program Files\Java\jdk-10.0.1\bin;C:\Windows\SYSTEM32;C:\Windows\WinSxS\amd64_microsoft.windows.common-controls_6595b64144ccf1df_6.0.10586.494_none_a2d8b04ea53e3145;C:\Program Files\Java\jdk-10.0.1\bin\server;C:\Program Files\JetBrains\IntelliJ IDEA 2019.2.3\bin;C:\Users\arpan\AppData\Local\Temp

VM Arguments:
jvm_args: -Dmaven.multiModuleProjectDirectory=F:\projects\java-workspace\bulksms -Dmaven.home=C:\Program Files\JetBrains\IntelliJ IDEA 2019.2.3\plugins\maven\lib\maven3 -Dclassworlds.conf=C:\Program Files\JetBrains\IntelliJ IDEA 2019.2.3\plugins\maven\lib\maven3\bin\m2.conf -Dmaven.ext.class.path=C:\Program Files\JetBrains\IntelliJ IDEA 2019.2.3\plugins\maven\lib\maven-event-listener.jar -javaagent:C:\Program Files\JetBrains\IntelliJ IDEA 2019.2.3\lib\idea_rt.jar=13995:C:\Program Files\JetBrains\IntelliJ IDEA 2019.2.3\bin -Dfile.encoding=UTF-8 
java_command: org.codehaus.classworlds.Launcher -Didea.version2019.2.3 clean
java_class_path (initial): C:\Program Files\JetBrains\IntelliJ IDEA 2019.2.3\plugins\maven\lib\maven3\boot\plexus-classworlds-2.6.0.jar
Launcher Type: SUN_STANDARD

Logging:
Log output configuration:
#0: stdout all=warning uptime,level,tags
#1: stderr all=off uptime,level,tags

Environment Variables:
JAVA_HOME=C:\Program Files\Java\jdk-10.0.1
PATH=C:\Program Files (x86)\Common Files\Oracle\Java\javapath;C:\Windows\system32;C:\Windows;C:\Windows\System32\Wbem;C:\Windows\System32\WindowsPowerShell\v1.0\;C:\Program Files\Git\cmd;C:\Program Files\PuTTY\;C:\Program Files\nodejs\;C:\Program Files\Java\jdk-10.0.1\bin;C:\Users\arpan\AppData\Local\Android\Sdk;C:\Users\arpan\AppData\Local\Android\Sdk\platform-tools;C:\Users\arpan\AppData\Local\Android\Sdk\emulator;C:\Users\arpan\AppData\Roaming\npm;C:\Program Files\Java\jdk-10.0.1\bin;C:\Program Files\Java\jre-10.0.1\bin;C:\Program Files (x86)\Windows Kits\8.1\Windows Performance Toolkit\;C:\Program Files\Microsoft SQL Server\110\Tools\Binn\;;C:\Program Files\Microsoft VS Code\bin;C:\Users\arpan\AppData\Roaming\npm
USERNAME=arpan
OS=Windows_NT
PROCESSOR_IDENTIFIER=Intel64 Family 6 Model 69 Stepping 1, GenuineIntel



---------------  S Y S T E M  ---------------

OS: Windows 10 , 64 bit Build 10586 (10.0.10586.0)

CPU:total 4 (initial active 4) (2 cores per cpu, 2 threads per core) family 6 model 69 stepping 1, cmov, cx8, fxsr, mmx, sse, sse2, sse3, ssse3, sse4.1, sse4.2, popcnt, avx, avx2, aes, clmul, erms, lzcnt, ht, tsc, tscinvbit, bmi1, bmi2, fma

Memory: 4k page, physical 8290120k(908324k free), swap 10059592k(1611236k free)

vm_info: Java HotSpot(TM) 64-Bit Server VM (10.0.1+10) for windows-amd64 JRE (10.0.1+10), built on Mar 27 2018 02:27:48 by "mach5one" with MS VC++ 12.0 (VS2013)

END.
