#
# A fatal error has been detected by the Java Runtime Environment:
#
#  EXCEPTION_ACCESS_VIOLATION (0xc0000005) at pc=0x0000024c6f72dee4, pid=4576, tid=5916
#
# JRE version: Java(TM) SE Runtime Environment (10.0.1+10) (build 10.0.1+10)
# Java VM: Java HotSpot(TM) 64-Bit Server VM (10.0.1+10, mixed mode, tiered, compressed oops, g1 gc, windows-amd64)
# Problematic frame:
# J 1365 c1 sun.reflect.annotation.AnnotationInvocationHandler.invoke(Ljava/lang/Object;Ljava/lang/reflect/Method;[Ljava/lang/Object;)Ljava/lang/Object; java.base@10.0.1 (178 bytes) @ 0x0000024c6f72dee4 [0x0000024c6f72de20+0x00000000000000c4]
#
# No core dump will be written. Minidumps are not enabled by default on client versions of Windows
#
# If you would like to submit a bug report, please visit:
#   http://bugreport.java.com/bugreport/crash.jsp
#

---------------  S U M M A R Y ------------

Command Line: -Dmaven.multiModuleProjectDirectory=F:\projects\java-workspace\bulksms -Dmaven.home=C:\Program Files\JetBrains\IntelliJ IDEA 2019.2.3\plugins\maven\lib\maven3 -Dclassworlds.conf=C:\Program Files\JetBrains\IntelliJ IDEA 2019.2.3\plugins\maven\lib\maven3\bin\m2.conf -Dmaven.ext.class.path=C:\Program Files\JetBrains\IntelliJ IDEA 2019.2.3\plugins\maven\lib\maven-event-listener.jar -javaagent:C:\Program Files\JetBrains\IntelliJ IDEA 2019.2.3\lib\idea_rt.jar=14013:C:\Program Files\JetBrains\IntelliJ IDEA 2019.2.3\bin -Dfile.encoding=UTF-8 org.codehaus.classworlds.Launcher -Didea.version2019.2.3 clean

Host: Intel(R) Core(TM) i3-4005U CPU @ 1.70GHz, 4 cores, 7G,  Windows 10 , 64 bit Build 10586 (10.0.10586.0)
Time: Thu May 14 01:28:27 2020 India Standard Time elapsed time: 9 seconds (0d 0h 0m 9s)

---------------  T H R E A D  ---------------

Current thread (0x0000024c63b52800):  JavaThread "main" [_thread_in_Java, id=5916, stack(0x000000c07b300000,0x000000c07b400000)]

Stack: [0x000000c07b300000,0x000000c07b400000],  sp=0x000000c07b3fd470,  free space=1013k
Native frames: (J=compiled Java code, j=interpreted, Vv=VM code, C=native code)
C  0x0000024c6f72dee4


siginfo: EXCEPTION_ACCESS_VIOLATION (0xc0000005), reading address 0x0000000026d98b84


Register to memory mapping:

RIP=0x0000024c6f72dee4 is at entry_point+196 in (nmethod*)0x0000024c6f72db10
RAX=0x00000000000034c8 is an unknown value
RBX=0x0000000026d98b78 is an unknown value
RCX=
[error occurred during error reporting (printing register info), id 0xc0000005]

Registers:
RAX=0x00000000000034c8, RBX=0x0000000026d98b78, RCX=0x00000000897eeca8, RDX=0x00000000897eeca8
RSP=0x000000c07b3fd470, RBP=0x000000c07b3fd5b0, RSI=0x000000000196d6f0, RDI=0x0000000000000000
R8 =0x00000000897eed08, R9 =0x0000000086b838d0, R10=0x0000000061afc320, R11=0x0000024c6f72de40
R12=0x0000000000000000, R13=0x000000c07b3fd548, R14=0x0000000100141228, R15=0x0000024c63b52800
RIP=0x0000024c6f72dee4, EFLAGS=0x0000000000010202

Top of Stack: (sp=0x000000c07b3fd470)
0x000000c07b3fd470:   0000024c6f7efbcc 0000000000000063
0x000000c07b3fd480:   0000000086d588a0 0000000086d3d908
0x000000c07b3fd490:   0000000081964c30 00000000897eec78
0x000000c07b3fd4a0:   000000c07b3fdb20 0000024c6f7f0544
0x000000c07b3fd4b0:   00000000897eec78 00000000617dc143
0x000000c07b3fd4c0:   0000024c63b52800 0000000100000790
0x000000c07b3fd4d0:   0000024c63b52800 000000006179adaf
0x000000c07b3fd4e0:   0000024c63b52800 0000000000000000
0x000000c07b3fd4f0:   000000000196d6f0 00000000897eeca8
0x000000c07b3fd500:   0000000000000041 000000006179aa10
0x000000c07b3fd510:   00000000897ee350 0000024c6f74fa34
0x000000c07b3fd520:   0000024c63b52d10 0000024c63b52800
0x000000c07b3fd530:   000000c07b3fd5b0 0000024c6ef09f56
0x000000c07b3fd540:   0000024c6ef09f56 0000000000000000
0x000000c07b3fd550:   0000000086b838d0 00000000897eed08
0x000000c07b3fd560:   00000000897eeca8 000000c07b3fd568 

Instructions: (pc=0x0000024c6f72dee4)
0x0000024c6f72dec4:   fc 00 00 00 83 c0 08 89 83 fc 00 00 00 81 e0 f8
0x0000024c6f72ded4:   ff 7f 00 83 f8 00 0f 84 f7 0c 00 00 41 8b 59 34
0x0000024c6f72dee4:   8b 43 0c 83 f8 01 48 b9 58 4f 49 08 4c 02 00 00
0x0000024c6f72def4:   49 bb a8 01 00 00 00 00 00 00 0f 85 0a 00 00 00 




---------------  P R O C E S S  ---------------

Threads class SMR info:
_java_thread_list=0x0000024c062986d0, length=12, elements={
0x0000024c63b52800, 0x0000024c7f76d000, 0x0000024c7f776800, 0x0000024c7f7c6800,
0x0000024c7f7c9000, 0x0000024c7f7ca800, 0x0000024c7f7cd000, 0x0000024c06020800,
0x0000024c06085800, 0x0000024c063e2000, 0x0000024c06348000, 0x0000024c06306800
}

Java Threads: ( => current thread )
=>0x0000024c63b52800 JavaThread "main" [_thread_in_Java, id=5916, stack(0x000000c07b300000,0x000000c07b400000)]
  0x0000024c7f76d000 JavaThread "Reference Handler" daemon [_thread_blocked, id=2756, stack(0x000000c07c000000,0x000000c07c100000)]
  0x0000024c7f776800 JavaThread "Finalizer" daemon [_thread_blocked, id=4612, stack(0x000000c07c100000,0x000000c07c200000)]
  0x0000024c7f7c6800 JavaThread "Signal Dispatcher" daemon [_thread_blocked, id=6704, stack(0x000000c07c200000,0x000000c07c300000)]
  0x0000024c7f7c9000 JavaThread "Attach Listener" daemon [_thread_blocked, id=7664, stack(0x000000c07c300000,0x000000c07c400000)]
  0x0000024c7f7ca800 JavaThread "C2 CompilerThread0" daemon [_thread_in_native, id=2900, stack(0x000000c07c400000,0x000000c07c500000)]
  0x0000024c7f7cd000 JavaThread "C2 CompilerThread1" daemon [_thread_blocked, id=2236, stack(0x000000c07c500000,0x000000c07c600000)]
  0x0000024c06020800 JavaThread "C1 CompilerThread2" daemon [_thread_blocked, id=10536, stack(0x000000c07c600000,0x000000c07c700000)]
  0x0000024c06085800 JavaThread "Sweeper thread" daemon [_thread_blocked, id=4000, stack(0x000000c07c700000,0x000000c07c800000)]
  0x0000024c063e2000 JavaThread "Common-Cleaner" daemon [_thread_blocked, id=9004, stack(0x000000c07c800000,0x000000c07c900000)]
  0x0000024c06348000 JavaThread "Monitor Ctrl-Break" daemon [_thread_in_native, id=3280, stack(0x000000c07c900000,0x000000c07ca00000)]
  0x0000024c06306800 JavaThread "Service Thread" daemon [_thread_blocked, id=13248, stack(0x000000c07ca00000,0x000000c07cb00000)]

Other Threads:
  0x0000024c7f764000 VMThread "VM Thread" [stack: 0x000000c07bf00000,0x000000c07c000000] [id=12756]
  0x0000024c06307000 WatcherThread [stack: 0x000000c07cb00000,0x000000c07cc00000] [id=5196]
  0x0000024c63b6a800 GCTaskThread "GC Thread#0" [stack: 0x000000c07b400000,0x000000c07b500000] [id=11568]
  0x0000024c63b6d000 GCTaskThread "GC Thread#1" [stack: 0x000000c07b500000,0x000000c07b600000] [id=7388]
  0x0000024c63b70800 GCTaskThread "GC Thread#2" [stack: 0x000000c07b600000,0x000000c07b700000] [id=11080]
  0x0000024c63b71800 GCTaskThread "GC Thread#3" [stack: 0x000000c07b700000,0x000000c07b800000] [id=10424]
  0x0000024c63bd9000 ConcurrentGCThread "G1 Main Marker" [stack: 0x000000c07b800000,0x000000c07b900000] [id=7828]
  0x0000024c63bdd000 ConcurrentGCThread "G1 Conc#0" [stack: 0x000000c07b900000,0x000000c07ba00000] [id=12964]
  0x0000024c7f5f0800 ConcurrentGCThread "G1 Refine#0" [stack: 0x000000c07ba00000,0x000000c07bb00000] [id=8396]
  0x0000024c63c4a000 ConcurrentGCThread "G1 Refine#1" [stack: 0x000000c07bb00000,0x000000c07bc00000] [id=7264]
  0x0000024c63c4b000 ConcurrentGCThread "G1 Refine#2" [stack: 0x000000c07bc00000,0x000000c07bd00000] [id=6528]
  0x0000024c63c4c000 ConcurrentGCThread "G1 Refine#3" [stack: 0x000000c07bd00000,0x000000c07be00000] [id=1836]
  0x0000024c7f5f6000 ConcurrentGCThread "G1 Young RemSet Sampling" [stack: 0x000000c07be00000,0x000000c07bf00000] [id=10140]

Threads with active compile tasks:
C2 CompilerThread02434       4       java.util.HashMap::resize (356 bytes)

VM state:not at safepoint (normal execution)

VM Mutex/Monitor currently owned by a thread: None

Heap address: 0x0000000081800000, size: 2024 MB, Compressed Oops mode: 32-bit
Narrow klass base: 0x0000000000000000, Narrow klass shift: 3
Compressed class space size: 1073741824 Address: 0x0000000100000000

Heap:
 garbage-first heap   total 131072K, used 7573K [0x0000000081800000, 0x0000000100000000)
  region size 1024K, 5 young (5120K), 4 survivors (4096K)
 Metaspace       used 20628K, capacity 20959K, committed 21248K, reserved 1069056K
  class space    used 2126K, capacity 2248K, committed 2304K, reserved 1048576K
Heap Regions: E=young(eden), S=young(survivor), O=old, HS=humongous(starts), HC=humongous(continues), CS=collection set, F=free, A=archive, TS=gc time stamp, AC=allocation context, TAMS=top-at-mark-start (previous, next)
|   0|0x0000000081800000, 0x0000000081900000, 0x0000000081900000|100%| O|  |TS  1|AC  0|TAMS 0x0000000081800000, 0x0000000081800000|
|   1|0x0000000081900000, 0x0000000081a00000, 0x0000000081a00000|100%| O|  |TS  2|AC  0|TAMS 0x0000000081900000, 0x0000000081900000|
|   2|0x0000000081a00000, 0x0000000081b00000, 0x0000000081b00000|100%| O|  |TS  2|AC  0|TAMS 0x0000000081a00000, 0x0000000081a00000|
|   3|0x0000000081b00000, 0x0000000081b7c200, 0x0000000081c00000| 48%| O|  |TS  4|AC  0|TAMS 0x0000000081b00000, 0x0000000081b00000|
|   4|0x0000000081c00000, 0x0000000081c00000, 0x0000000081d00000|  0%| F|  |TS  0|AC  0|TAMS 0x0000000081c00000, 0x0000000081c00000|
|   5|0x0000000081d00000, 0x0000000081d00000, 0x0000000081e00000|  0%| F|  |TS  0|AC  0|TAMS 0x0000000081d00000, 0x0000000081d00000|
|   6|0x0000000081e00000, 0x0000000081e00000, 0x0000000081f00000|  0%| F|  |TS  0|AC  0|TAMS 0x0000000081e00000, 0x0000000081e00000|
|   7|0x0000000081f00000, 0x0000000081f00000, 0x0000000082000000|  0%| F|  |TS  0|AC  0|TAMS 0x0000000081f00000, 0x0000000081f00000|
|   8|0x0000000082000000, 0x0000000082000000, 0x0000000082100000|  0%| F|  |TS  0|AC  0|TAMS 0x0000000082000000, 0x0000000082000000|
|   9|0x0000000082100000, 0x0000000082100000, 0x0000000082200000|  0%| F|  |TS  0|AC  0|TAMS 0x0000000082100000, 0x0000000082100000|
|  10|0x0000000082200000, 0x0000000082200000, 0x0000000082300000|  0%| F|  |TS  0|AC  0|TAMS 0x0000000082200000, 0x0000000082200000|
|  11|0x0000000082300000, 0x0000000082300000, 0x0000000082400000|  0%| F|  |TS  0|AC  0|TAMS 0x0000000082300000, 0x0000000082300000|
|  12|0x0000000082400000, 0x0000000082400000, 0x0000000082500000|  0%| F|  |TS  0|AC  0|TAMS 0x0000000082400000, 0x0000000082400000|
|  13|0x0000000082500000, 0x0000000082500000, 0x0000000082600000|  0%| F|  |TS  0|AC  0|TAMS 0x0000000082500000, 0x0000000082500000|
|  14|0x0000000082600000, 0x0000000082600000, 0x0000000082700000|  0%| F|  |TS  0|AC  0|TAMS 0x0000000082600000, 0x0000000082600000|
|  15|0x0000000082700000, 0x0000000082700000, 0x0000000082800000|  0%| F|  |TS  0|AC  0|TAMS 0x0000000082700000, 0x0000000082700000|
|  16|0x0000000082800000, 0x0000000082800000, 0x0000000082900000|  0%| F|  |TS  0|AC  0|TAMS 0x0000000082800000, 0x0000000082800000|
|  17|0x0000000082900000, 0x0000000082900000, 0x0000000082a00000|  0%| F|  |TS  0|AC  0|TAMS 0x0000000082900000, 0x0000000082900000|
|  18|0x0000000082a00000, 0x0000000082a00000, 0x0000000082b00000|  0%| F|  |TS  0|AC  0|TAMS 0x0000000082a00000, 0x0000000082a00000|
|  19|0x0000000082b00000, 0x0000000082b00000, 0x0000000082c00000|  0%| F|  |TS  0|AC  0|TAMS 0x0000000082b00000, 0x0000000082b00000|
|  20|0x0000000082c00000, 0x0000000082c00000, 0x0000000082d00000|  0%| F|  |TS  0|AC  0|TAMS 0x0000000082c00000, 0x0000000082c00000|
|  21|0x0000000082d00000, 0x0000000082d00000, 0x0000000082e00000|  0%| F|  |TS  0|AC  0|TAMS 0x0000000082d00000, 0x0000000082d00000|
|  22|0x0000000082e00000, 0x0000000082e00000, 0x0000000082f00000|  0%| F|  |TS  0|AC  0|TAMS 0x0000000082e00000, 0x0000000082e00000|
|  23|0x0000000082f00000, 0x0000000082f00000, 0x0000000083000000|  0%| F|  |TS  0|AC  0|TAMS 0x0000000082f00000, 0x0000000082f00000|
|  24|0x0000000083000000, 0x0000000083000000, 0x0000000083100000|  0%| F|  |TS  0|AC  0|TAMS 0x0000000083000000, 0x0000000083000000|
|  25|0x0000000083100000, 0x0000000083100000, 0x0000000083200000|  0%| F|  |TS  0|AC  0|TAMS 0x0000000083100000, 0x0000000083100000|
|  26|0x0000000083200000, 0x0000000083200000, 0x0000000083300000|  0%| F|  |TS  0|AC  0|TAMS 0x0000000083200000, 0x0000000083200000|
|  27|0x0000000083300000, 0x0000000083300000, 0x0000000083400000|  0%| F|  |TS  0|AC  0|TAMS 0x0000000083300000, 0x0000000083300000|
|  28|0x0000000083400000, 0x0000000083400000, 0x0000000083500000|  0%| F|  |TS  0|AC  0|TAMS 0x0000000083400000, 0x0000000083400000|
|  29|0x0000000083500000, 0x0000000083500000, 0x0000000083600000|  0%| F|  |TS  0|AC  0|TAMS 0x0000000083500000, 0x0000000083500000|
|  30|0x0000000083600000, 0x0000000083600000, 0x0000000083700000|  0%| F|  |TS  0|AC  0|TAMS 0x0000000083600000, 0x0000000083600000|
|  31|0x0000000083700000, 0x0000000083700000, 0x0000000083800000|  0%| F|  |TS  0|AC  0|TAMS 0x0000000083700000, 0x0000000083700000|
|  32|0x0000000083800000, 0x0000000083800000, 0x0000000083900000|  0%| F|  |TS  0|AC  0|TAMS 0x0000000083800000, 0x0000000083800000|
|  33|0x0000000083900000, 0x0000000083900000, 0x0000000083a00000|  0%| F|  |TS  0|AC  0|TAMS 0x0000000083900000, 0x0000000083900000|
|  34|0x0000000083a00000, 0x0000000083a00000, 0x0000000083b00000|  0%| F|  |TS  0|AC  0|TAMS 0x0000000083a00000, 0x0000000083a00000|
|  35|0x0000000083b00000, 0x0000000083b00000, 0x0000000083c00000|  0%| F|  |TS  0|AC  0|TAMS 0x0000000083b00000, 0x0000000083b00000|
|  36|0x0000000083c00000, 0x0000000083c00000, 0x0000000083d00000|  0%| F|  |TS  0|AC  0|TAMS 0x0000000083c00000, 0x0000000083c00000|
|  37|0x0000000083d00000, 0x0000000083d00000, 0x0000000083e00000|  0%| F|  |TS  0|AC  0|TAMS 0x0000000083d00000, 0x0000000083d00000|
|  38|0x0000000083e00000, 0x0000000083e00000, 0x0000000083f00000|  0%| F|  |TS  0|AC  0|TAMS 0x0000000083e00000, 0x0000000083e00000|
|  39|0x0000000083f00000, 0x0000000083f00000, 0x0000000084000000|  0%| F|  |TS  0|AC  0|TAMS 0x0000000083f00000, 0x0000000083f00000|
|  40|0x0000000084000000, 0x0000000084000000, 0x0000000084100000|  0%| F|  |TS  0|AC  0|TAMS 0x0000000084000000, 0x0000000084000000|
|  41|0x0000000084100000, 0x0000000084100000, 0x0000000084200000|  0%| F|  |TS  0|AC  0|TAMS 0x0000000084100000, 0x0000000084100000|
|  42|0x0000000084200000, 0x0000000084200000, 0x0000000084300000|  0%| F|  |TS  0|AC  0|TAMS 0x0000000084200000, 0x0000000084200000|
|  43|0x0000000084300000, 0x0000000084300000, 0x0000000084400000|  0%| F|  |TS  0|AC  0|TAMS 0x0000000084300000, 0x0000000084300000|
|  44|0x0000000084400000, 0x0000000084400000, 0x0000000084500000|  0%| F|  |TS  0|AC  0|TAMS 0x0000000084400000, 0x0000000084400000|
|  45|0x0000000084500000, 0x0000000084500000, 0x0000000084600000|  0%| F|  |TS  0|AC  0|TAMS 0x0000000084500000, 0x0000000084500000|
|  46|0x0000000084600000, 0x0000000084600000, 0x0000000084700000|  0%| F|  |TS  0|AC  0|TAMS 0x0000000084600000, 0x0000000084600000|
|  47|0x0000000084700000, 0x0000000084700000, 0x0000000084800000|  0%| F|  |TS  0|AC  0|TAMS 0x0000000084700000, 0x0000000084700000|
|  48|0x0000000084800000, 0x0000000084800000, 0x0000000084900000|  0%| F|  |TS  0|AC  0|TAMS 0x0000000084800000, 0x0000000084800000|
|  49|0x0000000084900000, 0x0000000084900000, 0x0000000084a00000|  0%| F|  |TS  0|AC  0|TAMS 0x0000000084900000, 0x0000000084900000|
|  50|0x0000000084a00000, 0x0000000084a00000, 0x0000000084b00000|  0%| F|  |TS  0|AC  0|TAMS 0x0000000084a00000, 0x0000000084a00000|
|  51|0x0000000084b00000, 0x0000000084b00000, 0x0000000084c00000|  0%| F|  |TS  0|AC  0|TAMS 0x0000000084b00000, 0x0000000084b00000|
|  52|0x0000000084c00000, 0x0000000084c00000, 0x0000000084d00000|  0%| F|  |TS  0|AC  0|TAMS 0x0000000084c00000, 0x0000000084c00000|
|  53|0x0000000084d00000, 0x0000000084d00000, 0x0000000084e00000|  0%| F|  |TS  0|AC  0|TAMS 0x0000000084d00000, 0x0000000084d00000|
|  54|0x0000000084e00000, 0x0000000084e00000, 0x0000000084f00000|  0%| F|  |TS  0|AC  0|TAMS 0x0000000084e00000, 0x0000000084e00000|
|  55|0x0000000084f00000, 0x0000000084f00000, 0x0000000085000000|  0%| F|  |TS  0|AC  0|TAMS 0x0000000084f00000, 0x0000000084f00000|
|  56|0x0000000085000000, 0x0000000085000000, 0x0000000085100000|  0%| F|  |TS  0|AC  0|TAMS 0x0000000085000000, 0x0000000085000000|
|  57|0x0000000085100000, 0x0000000085100000, 0x0000000085200000|  0%| F|  |TS  0|AC  0|TAMS 0x0000000085100000, 0x0000000085100000|
|  58|0x0000000085200000, 0x0000000085200000, 0x0000000085300000|  0%| F|  |TS  0|AC  0|TAMS 0x0000000085200000, 0x0000000085200000|
|  59|0x0000000085300000, 0x0000000085300000, 0x0000000085400000|  0%| F|  |TS  0|AC  0|TAMS 0x0000000085300000, 0x0000000085300000|
|  60|0x0000000085400000, 0x0000000085400000, 0x0000000085500000|  0%| F|  |TS  0|AC  0|TAMS 0x0000000085400000, 0x0000000085400000|
|  61|0x0000000085500000, 0x0000000085500000, 0x0000000085600000|  0%| F|  |TS  0|AC  0|TAMS 0x0000000085500000, 0x0000000085500000|
|  62|0x0000000085600000, 0x0000000085600000, 0x0000000085700000|  0%| F|  |TS  0|AC  0|TAMS 0x0000000085600000, 0x0000000085600000|
|  63|0x0000000085700000, 0x0000000085700000, 0x0000000085800000|  0%| F|  |TS  0|AC  0|TAMS 0x0000000085700000, 0x0000000085700000|
|  64|0x0000000085800000, 0x0000000085800000, 0x0000000085900000|  0%| F|  |TS  0|AC  0|TAMS 0x0000000085800000, 0x0000000085800000|
|  65|0x0000000085900000, 0x0000000085900000, 0x0000000085a00000|  0%| F|  |TS  0|AC  0|TAMS 0x0000000085900000, 0x0000000085900000|
|  66|0x0000000085a00000, 0x0000000085a00000, 0x0000000085b00000|  0%| F|  |TS  0|AC  0|TAMS 0x0000000085a00000, 0x0000000085a00000|
|  67|0x0000000085b00000, 0x0000000085b00000, 0x0000000085c00000|  0%| F|  |TS  0|AC  0|TAMS 0x0000000085b00000, 0x0000000085b00000|
|  68|0x0000000085c00000, 0x0000000085c00000, 0x0000000085d00000|  0%| F|  |TS  0|AC  0|TAMS 0x0000000085c00000, 0x0000000085c00000|
|  69|0x0000000085d00000, 0x0000000085d00000, 0x0000000085e00000|  0%| F|  |TS  0|AC  0|TAMS 0x0000000085d00000, 0x0000000085d00000|
|  70|0x0000000085e00000, 0x0000000085e00000, 0x0000000085f00000|  0%| F|  |TS  0|AC  0|TAMS 0x0000000085e00000, 0x0000000085e00000|
|  71|0x0000000085f00000, 0x0000000085f00000, 0x0000000086000000|  0%| F|  |TS  0|AC  0|TAMS 0x0000000085f00000, 0x0000000085f00000|
|  72|0x0000000086000000, 0x0000000086000000, 0x0000000086100000|  0%| F|  |TS  0|AC  0|TAMS 0x0000000086000000, 0x0000000086000000|
|  73|0x0000000086100000, 0x0000000086100000, 0x0000000086200000|  0%| F|  |TS  0|AC  0|TAMS 0x0000000086100000, 0x0000000086100000|
|  74|0x0000000086200000, 0x0000000086200000, 0x0000000086300000|  0%| F|  |TS  0|AC  0|TAMS 0x0000000086200000, 0x0000000086200000|
|  75|0x0000000086300000, 0x0000000086300000, 0x0000000086400000|  0%| F|  |TS  0|AC  0|TAMS 0x0000000086300000, 0x0000000086300000|
|  76|0x0000000086400000, 0x0000000086400000, 0x0000000086500000|  0%| F|  |TS  0|AC  0|TAMS 0x0000000086400000, 0x0000000086400000|
|  77|0x0000000086500000, 0x0000000086500000, 0x0000000086600000|  0%| F|  |TS  0|AC  0|TAMS 0x0000000086500000, 0x0000000086500000|
|  78|0x0000000086600000, 0x0000000086600000, 0x0000000086700000|  0%| F|  |TS  0|AC  0|TAMS 0x0000000086600000, 0x0000000086600000|
|  79|0x0000000086700000, 0x0000000086700000, 0x0000000086800000|  0%| F|  |TS  0|AC  0|TAMS 0x0000000086700000, 0x0000000086700000|
|  80|0x0000000086800000, 0x0000000086800000, 0x0000000086900000|  0%| F|  |TS  0|AC  0|TAMS 0x0000000086800000, 0x0000000086800000|
|  81|0x0000000086900000, 0x0000000086900000, 0x0000000086a00000|  0%| F|  |TS  0|AC  0|TAMS 0x0000000086900000, 0x0000000086900000|
|  82|0x0000000086a00000, 0x0000000086ae9300, 0x0000000086b00000| 91%| S|CS|TS  4|AC  0|TAMS 0x0000000086a00000, 0x0000000086a00000|
|  83|0x0000000086b00000, 0x0000000086c00000, 0x0000000086c00000|100%| S|CS|TS  4|AC  0|TAMS 0x0000000086b00000, 0x0000000086b00000|
|  84|0x0000000086c00000, 0x0000000086d00000, 0x0000000086d00000|100%| S|CS|TS  4|AC  0|TAMS 0x0000000086c00000, 0x0000000086c00000|
|  85|0x0000000086d00000, 0x0000000086e00000, 0x0000000086e00000|100%| S|CS|TS  4|AC  0|TAMS 0x0000000086d00000, 0x0000000086d00000|
|  86|0x0000000086e00000, 0x0000000086e00000, 0x0000000086f00000|  0%| F|  |TS  4|AC  0|TAMS 0x0000000086e00000, 0x0000000086e00000|
|  87|0x0000000086f00000, 0x0000000086f00000, 0x0000000087000000|  0%| F|  |TS  4|AC  0|TAMS 0x0000000086f00000, 0x0000000086f00000|
|  88|0x0000000087000000, 0x0000000087000000, 0x0000000087100000|  0%| F|  |TS  4|AC  0|TAMS 0x0000000087000000, 0x0000000087000000|
|  89|0x0000000087100000, 0x0000000087100000, 0x0000000087200000|  0%| F|  |TS  4|AC  0|TAMS 0x0000000087100000, 0x0000000087100000|
|  90|0x0000000087200000, 0x0000000087200000, 0x0000000087300000|  0%| F|  |TS  4|AC  0|TAMS 0x0000000087200000, 0x0000000087200000|
|  91|0x0000000087300000, 0x0000000087300000, 0x0000000087400000|  0%| F|  |TS  4|AC  0|TAMS 0x0000000087300000, 0x0000000087300000|
|  92|0x0000000087400000, 0x0000000087400000, 0x0000000087500000|  0%| F|  |TS  4|AC  0|TAMS 0x0000000087400000, 0x0000000087400000|
|  93|0x0000000087500000, 0x0000000087500000, 0x0000000087600000|  0%| F|  |TS  4|AC  0|TAMS 0x0000000087500000, 0x0000000087500000|
|  94|0x0000000087600000, 0x0000000087600000, 0x0000000087700000|  0%| F|  |TS  4|AC  0|TAMS 0x0000000087600000, 0x0000000087600000|
|  95|0x0000000087700000, 0x0000000087700000, 0x0000000087800000|  0%| F|  |TS  4|AC  0|TAMS 0x0000000087700000, 0x0000000087700000|
|  96|0x0000000087800000, 0x0000000087800000, 0x0000000087900000|  0%| F|  |TS  4|AC  0|TAMS 0x0000000087800000, 0x0000000087800000|
|  97|0x0000000087900000, 0x0000000087900000, 0x0000000087a00000|  0%| F|  |TS  4|AC  0|TAMS 0x0000000087900000, 0x0000000087900000|
|  98|0x0000000087a00000, 0x0000000087a00000, 0x0000000087b00000|  0%| F|  |TS  4|AC  0|TAMS 0x0000000087a00000, 0x0000000087a00000|
|  99|0x0000000087b00000, 0x0000000087b00000, 0x0000000087c00000|  0%| F|  |TS  4|AC  0|TAMS 0x0000000087b00000, 0x0000000087b00000|
| 100|0x0000000087c00000, 0x0000000087c00000, 0x0000000087d00000|  0%| F|  |TS  4|AC  0|TAMS 0x0000000087c00000, 0x0000000087c00000|
| 101|0x0000000087d00000, 0x0000000087d00000, 0x0000000087e00000|  0%| F|  |TS  4|AC  0|TAMS 0x0000000087d00000, 0x0000000087d00000|
| 102|0x0000000087e00000, 0x0000000087e00000, 0x0000000087f00000|  0%| F|  |TS  4|AC  0|TAMS 0x0000000087e00000, 0x0000000087e00000|
| 103|0x0000000087f00000, 0x0000000087f00000, 0x0000000088000000|  0%| F|  |TS  4|AC  0|TAMS 0x0000000087f00000, 0x0000000087f00000|
| 104|0x0000000088000000, 0x0000000088000000, 0x0000000088100000|  0%| F|  |TS  4|AC  0|TAMS 0x0000000088000000, 0x0000000088000000|
| 105|0x0000000088100000, 0x0000000088100000, 0x0000000088200000|  0%| F|  |TS  4|AC  0|TAMS 0x0000000088100000, 0x0000000088100000|
| 106|0x0000000088200000, 0x0000000088200000, 0x0000000088300000|  0%| F|  |TS  4|AC  0|TAMS 0x0000000088200000, 0x0000000088200000|
| 107|0x0000000088300000, 0x0000000088300000, 0x0000000088400000|  0%| F|  |TS  4|AC  0|TAMS 0x0000000088300000, 0x0000000088300000|
| 108|0x0000000088400000, 0x0000000088400000, 0x0000000088500000|  0%| F|  |TS  4|AC  0|TAMS 0x0000000088400000, 0x0000000088400000|
| 109|0x0000000088500000, 0x0000000088500000, 0x0000000088600000|  0%| F|  |TS  4|AC  0|TAMS 0x0000000088500000, 0x0000000088500000|
| 110|0x0000000088600000, 0x0000000088600000, 0x0000000088700000|  0%| F|  |TS  4|AC  0|TAMS 0x0000000088600000, 0x0000000088600000|
| 111|0x0000000088700000, 0x0000000088700000, 0x0000000088800000|  0%| F|  |TS  4|AC  0|TAMS 0x0000000088700000, 0x0000000088700000|
| 112|0x0000000088800000, 0x0000000088800000, 0x0000000088900000|  0%| F|  |TS  4|AC  0|TAMS 0x0000000088800000, 0x0000000088800000|
| 113|0x0000000088900000, 0x0000000088900000, 0x0000000088a00000|  0%| F|  |TS  4|AC  0|TAMS 0x0000000088900000, 0x0000000088900000|
| 114|0x0000000088a00000, 0x0000000088a00000, 0x0000000088b00000|  0%| F|  |TS  4|AC  0|TAMS 0x0000000088a00000, 0x0000000088a00000|
| 115|0x0000000088b00000, 0x0000000088b00000, 0x0000000088c00000|  0%| F|  |TS  4|AC  0|TAMS 0x0000000088b00000, 0x0000000088b00000|
| 116|0x0000000088c00000, 0x0000000088c00000, 0x0000000088d00000|  0%| F|  |TS  4|AC  0|TAMS 0x0000000088c00000, 0x0000000088c00000|
| 117|0x0000000088d00000, 0x0000000088d00000, 0x0000000088e00000|  0%| F|  |TS  4|AC  0|TAMS 0x0000000088d00000, 0x0000000088d00000|
| 118|0x0000000088e00000, 0x0000000088e00000, 0x0000000088f00000|  0%| F|  |TS  4|AC  0|TAMS 0x0000000088e00000, 0x0000000088e00000|
| 119|0x0000000088f00000, 0x0000000088f00000, 0x0000000089000000|  0%| F|  |TS  4|AC  0|TAMS 0x0000000088f00000, 0x0000000088f00000|
| 120|0x0000000089000000, 0x0000000089000000, 0x0000000089100000|  0%| F|  |TS  4|AC  0|TAMS 0x0000000089000000, 0x0000000089000000|
| 121|0x0000000089100000, 0x0000000089100000, 0x0000000089200000|  0%| F|  |TS  4|AC  0|TAMS 0x0000000089100000, 0x0000000089100000|
| 122|0x0000000089200000, 0x0000000089200000, 0x0000000089300000|  0%| F|  |TS  4|AC  0|TAMS 0x0000000089200000, 0x0000000089200000|
| 123|0x0000000089300000, 0x0000000089300000, 0x0000000089400000|  0%| F|  |TS  4|AC  0|TAMS 0x0000000089300000, 0x0000000089300000|
| 124|0x0000000089400000, 0x0000000089400000, 0x0000000089500000|  0%| F|  |TS  4|AC  0|TAMS 0x0000000089400000, 0x0000000089400000|
| 125|0x0000000089500000, 0x0000000089500000, 0x0000000089600000|  0%| F|  |TS  4|AC  0|TAMS 0x0000000089500000, 0x0000000089500000|
| 126|0x0000000089600000, 0x0000000089600000, 0x0000000089700000|  0%| F|  |TS  4|AC  0|TAMS 0x0000000089600000, 0x0000000089600000|
| 127|0x0000000089700000, 0x0000000089800000, 0x0000000089800000|100%| E|  |TS  4|AC  0|TAMS 0x0000000089700000, 0x0000000089700000|

Card table byte_map: [0x0000024c7e920000,0x0000024c7ed20000] byte_map_base: 0x0000024c7e514000

Marking Bits (Prev, Next): (CMBitMap*) 0x0000024c63bd82b0, (CMBitMap*) 0x0000024c63bd82e8
 Prev Bits: [0x0000024c00000000, 0x0000024c01fa0000)
 Next Bits: [0x0000024c01fa0000, 0x0000024c03f40000)

Polling page: 0x0000024c62220000

CodeHeap 'non-profiled nmethods': size=120064Kb used=1004Kb max_used=1004Kb free=119059Kb
 bounds [0x0000024c769c0000, 0x0000024c76c30000, 0x0000024c7df00000]
CodeHeap 'profiled nmethods': size=120000Kb used=4903Kb max_used=4903Kb free=115096Kb
 bounds [0x0000024c6f490000, 0x0000024c6f960000, 0x0000024c769c0000]
CodeHeap 'non-nmethods': size=5696Kb used=1108Kb max_used=1144Kb free=4587Kb
 bounds [0x0000024c6ef00000, 0x0000024c6f170000, 0x0000024c6f490000]
 total_blobs=3387 nmethods=2431 adapters=327
 compilation: enabled

Compilation events (10 events):
Event: 9.531 Thread 0x0000024c06020800 2433       3       org.codehaus.plexus.interpolation.PrefixAwareRecursionInterceptor::expressionResolutionFinished (9 bytes)
Event: 9.532 Thread 0x0000024c06020800 nmethod 2433 0x0000024c6f957410 code [0x0000024c6f957640, 0x0000024c6f958290]
Event: 9.532 Thread 0x0000024c06020800 2436       3       org.codehaus.plexus.interpolation.AbstractDelegatingValueSource::getValue (11 bytes)
Event: 9.533 Thread 0x0000024c06020800 nmethod 2436 0x0000024c6f958610 code [0x0000024c6f9587e0, 0x0000024c6f958a90]
Event: 9.533 Thread 0x0000024c06020800 2437       3       org.codehaus.plexus.interpolation.AbstractDelegatingValueSource::clearFeedback (10 bytes)
Event: 9.533 Thread 0x0000024c06020800 nmethod 2437 0x0000024c6f958b90 code [0x0000024c6f958d60, 0x0000024c6f958f90]
Event: 9.533 Thread 0x0000024c06020800 2435   !   3       org.codehaus.plexus.interpolation.StringSearchInterpolator::interpolate (53 bytes)
Event: 9.535 Thread 0x0000024c06020800 nmethod 2435 0x0000024c6f959090 code [0x0000024c6f9592c0, 0x0000024c6f959a90]
Event: 9.536 Thread 0x0000024c7f7ca800 nmethod 2424 0x0000024c76aafa90 code [0x0000024c76aafc60, 0x0000024c76ab0218]
Event: 9.536 Thread 0x0000024c7f7ca800 2434       4       java.util.HashMap::resize (356 bytes)

GC Heap History (8 events):
Event: 3.074 GC heap before
{Heap before GC invocations=0 (full 0):
 garbage-first heap   total 131072K, used 14336K [0x0000000081800000, 0x0000000100000000)
  region size 1024K, 14 young (14336K), 0 survivors (0K)
 Metaspace       used 10672K, capacity 10785K, committed 11008K, reserved 1058816K
  class space    used 944K, capacity 1004K, committed 1024K, reserved 1048576K
}
Event: 3.092 GC heap after
{Heap after GC invocations=1 (full 0):
 garbage-first heap   total 131072K, used 3474K [0x0000000081800000, 0x0000000100000000)
  region size 1024K, 2 young (2048K), 2 survivors (2048K)
 Metaspace       used 10672K, capacity 10785K, committed 11008K, reserved 1058816K
  class space    used 944K, capacity 1004K, committed 1024K, reserved 1048576K
}
Event: 3.565 GC heap before
{Heap before GC invocations=1 (full 0):
 garbage-first heap   total 131072K, used 7570K [0x0000000081800000, 0x0000000100000000)
  region size 1024K, 6 young (6144K), 2 survivors (2048K)
 Metaspace       used 12022K, capacity 12276K, committed 12544K, reserved 1060864K
  class space    used 1106K, capacity 1183K, committed 1280K, reserved 1048576K
}
Event: 3.580 GC heap after
{Heap after GC invocations=2 (full 0):
 garbage-first heap   total 131072K, used 3896K [0x0000000081800000, 0x0000000100000000)
  region size 1024K, 1 young (1024K), 1 survivors (1024K)
 Metaspace       used 12022K, capacity 12276K, committed 12544K, reserved 1060864K
  class space    used 1106K, capacity 1183K, committed 1280K, reserved 1048576K
}
Event: 5.199 GC heap before
{Heap before GC invocations=2 (full 0):
 garbage-first heap   total 131072K, used 21304K [0x0000000081800000, 0x0000000100000000)
  region size 1024K, 18 young (18432K), 1 survivors (1024K)
 Metaspace       used 14203K, capacity 14407K, committed 14592K, reserved 1062912K
  class space    used 1393K, capacity 1488K, committed 1536K, reserved 1048576K
}
Event: 5.207 GC heap after
{Heap after GC invocations=3 (full 0):
 garbage-first heap   total 131072K, used 4425K [0x0000000081800000, 0x0000000100000000)
  region size 1024K, 1 young (1024K), 1 survivors (1024K)
 Metaspace       used 14203K, capacity 14407K, committed 14592K, reserved 1062912K
  class space    used 1393K, capacity 1488K, committed 1536K, reserved 1048576K
}
Event: 9.323 GC heap before
{Heap before GC invocations=3 (full 0):
 garbage-first heap   total 131072K, used 46409K [0x0000000081800000, 0x0000000100000000)
  region size 1024K, 42 young (43008K), 1 survivors (1024K)
 Metaspace       used 20508K, capacity 20831K, committed 21248K, reserved 1069056K
  class space    used 2118K, capacity 2248K, committed 2304K, reserved 1048576K
}
Event: 9.348 GC heap after
{Heap after GC invocations=4 (full 0):
 garbage-first heap   total 131072K, used 7573K [0x0000000081800000, 0x0000000100000000)
  region size 1024K, 4 young (4096K), 4 survivors (4096K)
 Metaspace       used 20508K, capacity 20831K, committed 21248K, reserved 1069056K
  class space    used 2118K, capacity 2248K, committed 2304K, reserved 1048576K
}

Deoptimization events (10 events):
Event: 4.788 Thread 0x0000024c63b52800 Uncommon trap: reason=unstable_if action=reinterpret pc=0x0000024c76a2e8cc method=java.io.Reader.read()I @ 12 c2
Event: 4.942 Thread 0x0000024c63b52800 Uncommon trap: reason=unstable_if action=reinterpret pc=0x0000024c76a3d50c method=org.codehaus.plexus.util.xml.pull.MXParser.nextImpl()I @ 241 c2
Event: 5.115 Thread 0x0000024c63b52800 Uncommon trap: reason=unstable_if action=reinterpret pc=0x0000024c76a3165c method=sun.nio.cs.StreamDecoder.implRead([CII)I @ 197 c2
Event: 5.249 Thread 0x0000024c63b52800 Uncommon trap: reason=unstable_if action=reinterpret pc=0x0000024c76a23c40 method=java.util.HashMap.getNode(ILjava/lang/Object;)Ljava/util/HashMap$Node; @ 129 c2
Event: 7.895 Thread 0x0000024c63b52800 Uncommon trap: reason=unstable_if action=reinterpret pc=0x0000024c76a8a8ac method=java.util.WeakHashMap.expungeStaleEntries()V @ 9 c2
Event: 8.835 Thread 0x0000024c63b52800 Uncommon trap: reason=unstable_if action=reinterpret pc=0x0000024c769fb3a0 method=java.lang.AbstractStringBuilder.append(Ljava/lang/String;)Ljava/lang/AbstractStringBuilder; @ 1 c2
Event: 8.836 Thread 0x0000024c63b52800 Uncommon trap: reason=unstable_if action=reinterpret pc=0x0000024c769f6190 method=java.lang.AbstractStringBuilder.append(Ljava/lang/String;)Ljava/lang/AbstractStringBuilder; @ 1 c2
Event: 8.900 Thread 0x0000024c63b52800 Uncommon trap: reason=unstable_if action=reinterpret pc=0x0000024c76a660c4 method=java.lang.StringLatin1.compareToCI([B[B)I @ 31 c2
Event: 9.056 Thread 0x0000024c63b52800 Uncommon trap: reason=unstable_if action=reinterpret pc=0x0000024c76a5532c method=java.lang.String.replace(CC)Ljava/lang/String; @ 2 c2
Event: 9.471 Thread 0x0000024c63b52800 Uncommon trap: reason=unstable_if action=reinterpret pc=0x0000024c76aad250 method=java.lang.String.indexOf([BBILjava/lang/String;I)I @ 54 c2

Classes redefined (0 events):
No events

Internal exceptions (10 events):
Event: 2.384 Thread 0x0000024c63b52800 Exception <a 'java/lang/NoSuchMethodError'{0x0000000088ea74b8}: method resolution failed> (0x0000000088ea74b8) thrown at [t:/workspace/open/src/hotspot/share/prims/methodHandles.cpp, line 1226]
Event: 2.404 Thread 0x0000024c63b52800 Exception <a 'java/lang/NoSuchMethodError'{0x0000000088ebce70}: java.lang.invoke.DirectMethodHandle$Holder.invokeStatic(Ljava/lang/Object;Ljava/lang/Object;)I> (0x0000000088ebce70) thrown at [t:/workspace/open/src/hotspot/share/interpreter/linkResolver.cp
Event: 2.616 Thread 0x0000024c63b52800 Exception <a 'java/lang/NoSuchMethodError'{0x0000000088c18028}: java.lang.Object.lambda$union$1(Ljava/util/regex/Pattern$CharPredicate;I)Z> (0x0000000088c18028) thrown at [t:/workspace/open/src/hotspot/share/interpreter/linkResolver.cpp, line 741]
Event: 3.819 Thread 0x0000024c63b52800 Exception <a 'java/lang/NoSuchMethodError'{0x0000000089573010}: java.lang.invoke.DirectMethodHandle$Holder.invokeInterface(Ljava/lang/Object;Ljava/lang/Object;Ljava/lang/Object;)I> (0x0000000089573010) thrown at [t:/workspace/open/src/hotspot/share/interp
Event: 3.834 Thread 0x0000024c63b52800 Exception <a 'java/lang/NoSuchMethodError'{0x0000000089588330}: java.lang.Object.of([Ljava/lang/Object;)Ljava/util/stream/Stream;> (0x0000000089588330) thrown at [t:/workspace/open/src/hotspot/share/interpreter/linkResolver.cpp, line 741]
Event: 7.878 Thread 0x0000024c63b52800 Exception <a 'java/lang/NoClassDefFoundError'{0x00000000879f0ae0}: com/google/inject/servlet/ServletModuleTargetVisitor> (0x00000000879f0ae0) thrown at [t:/workspace/open/src/hotspot/share/classfile/systemDictionary.cpp, line 222]
Event: 7.878 Thread 0x0000024c63b52800 Exception <a 'java/lang/NoClassDefFoundError'{0x00000000879f0ae0}> (0x00000000879f0ae0) thrown at [t:/workspace/open/src/hotspot/share/prims/jvm.cpp, line 1349]
Event: 7.878 Thread 0x0000024c63b52800 Exception <a 'java/lang/NoClassDefFoundError'{0x00000000879f3c98}: javax/annotation/Priority> (0x00000000879f3c98) thrown at [t:/workspace/open/src/hotspot/share/classfile/systemDictionary.cpp, line 222]
Event: 8.835 Thread 0x0000024c63b52800 Implicit null exception at 0x0000024c769fae74 to 0x0000024c769fb386
Event: 8.836 Thread 0x0000024c63b52800 Implicit null exception at 0x0000024c769f5c74 to 0x0000024c769f6176

Events (10 events):
Event: 9.543 loading class org/apache/maven/artifact/versioning/ComparableVersion
Event: 9.543 loading class org/apache/maven/artifact/versioning/ComparableVersion done
Event: 9.545 loading class org/apache/maven/artifact/versioning/ComparableVersion$Item
Event: 9.545 loading class org/apache/maven/artifact/versioning/ComparableVersion$Item done
Event: 9.546 loading class org/apache/maven/artifact/versioning/ComparableVersion$ListItem
Event: 9.546 loading class org/apache/maven/artifact/versioning/ComparableVersion$ListItem done
Event: 9.553 loading class org/apache/maven/artifact/versioning/ComparableVersion$IntItem
Event: 9.553 loading class org/apache/maven/artifact/versioning/ComparableVersion$IntItem done
Event: 9.555 loading class org/apache/maven/artifact/versioning/ComparableVersion$StringItem
Event: 9.555 loading class org/apache/maven/artifact/versioning/ComparableVersion$StringItem done


Dynamic libraries:
0x00007ff646220000 - 0x00007ff64625e000 	C:\Program Files\Java\jdk-10.0.1\bin\java.exe
0x00007ff898aa0000 - 0x00007ff898c61000 	C:\Windows\SYSTEM32\ntdll.dll
0x00007ff898670000 - 0x00007ff89871d000 	C:\Windows\system32\KERNEL32.DLL
0x00007ff895360000 - 0x00007ff895548000 	C:\Windows\system32\KERNELBASE.dll
0x00007ff895ea0000 - 0x00007ff895f47000 	C:\Windows\system32\ADVAPI32.dll
0x00007ff897ca0000 - 0x00007ff897d3d000 	C:\Windows\system32\msvcrt.dll
0x00007ff898270000 - 0x00007ff8982cb000 	C:\Windows\system32\sechost.dll
0x00007ff898720000 - 0x00007ff89883c000 	C:\Windows\system32\RPCRT4.dll
0x00007ff898930000 - 0x00007ff898a86000 	C:\Windows\system32\USER32.dll
0x00007ff897b00000 - 0x00007ff897c86000 	C:\Windows\system32\GDI32.dll
0x00007ff889500000 - 0x00007ff889774000 	C:\Windows\WinSxS\amd64_microsoft.windows.common-controls_6595b64144ccf1df_6.0.10586.494_none_a2d8b04ea53e3145\COMCTL32.dll
0x00007ff8983f0000 - 0x00007ff89866d000 	C:\Windows\system32\combase.dll
0x00007ff895150000 - 0x00007ff8951ba000 	C:\Windows\system32\bcryptPrimitives.dll
0x00007ff88bc10000 - 0x00007ff88bc1a000 	C:\Windows\SYSTEM32\VERSION.dll
0x00007ff8988f0000 - 0x00007ff89892b000 	C:\Windows\system32\IMM32.DLL
0x00007ff8800f0000 - 0x00007ff8801df000 	C:\Program Files\Java\jdk-10.0.1\bin\msvcr120.dll
0x00007ff880810000 - 0x00007ff8808b6000 	C:\Program Files\Java\jdk-10.0.1\bin\msvcp120.dll
0x0000000061140000 - 0x0000000061bb0000 	C:\Program Files\Java\jdk-10.0.1\bin\server\jvm.dll
0x00007ff8983e0000 - 0x00007ff8983e8000 	C:\Windows\system32\PSAPI.DLL
0x00007ff88d9e0000 - 0x00007ff88d9e9000 	C:\Windows\SYSTEM32\WSOCK32.dll
0x00007ff897d40000 - 0x00007ff897dab000 	C:\Windows\system32\WS2_32.dll
0x00007ff8937f0000 - 0x00007ff893813000 	C:\Windows\SYSTEM32\WINMM.dll
0x00007ff893790000 - 0x00007ff8937bc000 	C:\Windows\SYSTEM32\WINMMBASE.dll
0x00007ff895e50000 - 0x00007ff895e93000 	C:\Windows\system32\cfgmgr32.dll
0x00007ff88f210000 - 0x00007ff88f21f000 	C:\Program Files\Java\jdk-10.0.1\bin\verify.dll
0x00007ff8841b0000 - 0x00007ff88433c000 	C:\Windows\SYSTEM32\DBGHELP.DLL
0x00007ff8860b0000 - 0x00007ff8860d5000 	C:\Windows\SYSTEM32\dbgcore.DLL
0x00007ff88c6e0000 - 0x00007ff88c707000 	C:\Program Files\Java\jdk-10.0.1\bin\java.dll
0x00007ff887440000 - 0x00007ff88746a000 	C:\Program Files\Java\jdk-10.0.1\bin\instrument.dll
0x00007ff88c6c0000 - 0x00007ff88c6d6000 	C:\Program Files\Java\jdk-10.0.1\bin\zip.dll
0x00007ff88f200000 - 0x00007ff88f20a000 	C:\Program Files\Java\jdk-10.0.1\bin\jimage.dll
0x00007ff895f50000 - 0x00007ff8974ac000 	C:\Windows\system32\SHELL32.dll
0x00007ff895630000 - 0x00007ff895c75000 	C:\Windows\system32\windows.storage.dll
0x00007ff8978e0000 - 0x00007ff897932000 	C:\Windows\system32\shlwapi.dll
0x00007ff8950c0000 - 0x00007ff8950cf000 	C:\Windows\system32\kernel.appcore.dll
0x00007ff895550000 - 0x00007ff895605000 	C:\Windows\system32\shcore.dll
0x00007ff8950d0000 - 0x00007ff89511b000 	C:\Windows\system32\powrprof.dll
0x00007ff895120000 - 0x00007ff895134000 	C:\Windows\system32\profapi.dll
0x00007ff887800000 - 0x00007ff88781a000 	C:\Program Files\Java\jdk-10.0.1\bin\net.dll
0x00007ff891870000 - 0x00007ff891938000 	C:\Windows\SYSTEM32\WINHTTP.dll
0x00007ff894990000 - 0x00007ff8949ec000 	C:\Windows\system32\mswsock.dll
0x00007ff8868b0000 - 0x00007ff8868c1000 	C:\Program Files\Java\jdk-10.0.1\bin\nio.dll
0x00007ff88f290000 - 0x00007ff88f2aa000 	C:\Program Files\JetBrains\IntelliJ IDEA 2019.2.3\bin\breakgen64.dll
0x00007ff894a40000 - 0x00007ff894a57000 	C:\Windows\SYSTEM32\CRYPTSP.dll
0x00007ff8946d0000 - 0x00007ff894704000 	C:\Windows\system32\rsaenh.dll
0x00007ff894ff0000 - 0x00007ff895019000 	C:\Windows\SYSTEM32\bcrypt.dll
0x00007ff894820000 - 0x00007ff89483f000 	C:\Windows\SYSTEM32\USERENV.dll
0x00007ff894b60000 - 0x00007ff894b6b000 	C:\Windows\SYSTEM32\CRYPTBASE.dll
0x00007ff891950000 - 0x00007ff891988000 	C:\Windows\SYSTEM32\IPHLPAPI.DLL
0x00007ff897c90000 - 0x00007ff897c98000 	C:\Windows\system32\NSI.dll
0x00007ff88e630000 - 0x00007ff88e646000 	C:\Windows\SYSTEM32\dhcpcsvc6.DLL
0x00007ff88e730000 - 0x00007ff88e74a000 	C:\Windows\SYSTEM32\dhcpcsvc.DLL
0x00007ff88ad80000 - 0x00007ff88ad8a000 	C:\Users\arpan\AppData\Local\Temp\jansi-1.17.1-5798320187291180901.dll
0x00007ff886d00000 - 0x00007ff886d0a000 	C:\Users\arpan\AppData\Local\Temp\jansi-1.17.1-11620290455389410042.dll

dbghelp: loaded successfully - version: 4.0.5 - missing functions: none
symbol engine: initialized successfully - sym options: 0x614 - pdb path: .;C:\Program Files\Java\jdk-10.0.1\bin;C:\Windows\SYSTEM32;C:\Windows\WinSxS\amd64_microsoft.windows.common-controls_6595b64144ccf1df_6.0.10586.494_none_a2d8b04ea53e3145;C:\Program Files\Java\jdk-10.0.1\bin\server;C:\Program Files\JetBrains\IntelliJ IDEA 2019.2.3\bin;C:\Users\arpan\AppData\Local\Temp

VM Arguments:
jvm_args: -Dmaven.multiModuleProjectDirectory=F:\projects\java-workspace\bulksms -Dmaven.home=C:\Program Files\JetBrains\IntelliJ IDEA 2019.2.3\plugins\maven\lib\maven3 -Dclassworlds.conf=C:\Program Files\JetBrains\IntelliJ IDEA 2019.2.3\plugins\maven\lib\maven3\bin\m2.conf -Dmaven.ext.class.path=C:\Program Files\JetBrains\IntelliJ IDEA 2019.2.3\plugins\maven\lib\maven-event-listener.jar -javaagent:C:\Program Files\JetBrains\IntelliJ IDEA 2019.2.3\lib\idea_rt.jar=14013:C:\Program Files\JetBrains\IntelliJ IDEA 2019.2.3\bin -Dfile.encoding=UTF-8 
java_command: org.codehaus.classworlds.Launcher -Didea.version2019.2.3 clean
java_class_path (initial): C:\Program Files\JetBrains\IntelliJ IDEA 2019.2.3\plugins\maven\lib\maven3\boot\plexus-classworlds-2.6.0.jar
Launcher Type: SUN_STANDARD

Logging:
Log output configuration:
#0: stdout all=warning uptime,level,tags
#1: stderr all=off uptime,level,tags

Environment Variables:
JAVA_HOME=C:\Program Files\Java\jdk-10.0.1
PATH=C:\Program Files (x86)\Common Files\Oracle\Java\javapath;C:\Windows\system32;C:\Windows;C:\Windows\System32\Wbem;C:\Windows\System32\WindowsPowerShell\v1.0\;C:\Program Files\Git\cmd;C:\Program Files\PuTTY\;C:\Program Files\nodejs\;C:\Program Files\Java\jdk-10.0.1\bin;C:\Users\arpan\AppData\Local\Android\Sdk;C:\Users\arpan\AppData\Local\Android\Sdk\platform-tools;C:\Users\arpan\AppData\Local\Android\Sdk\emulator;C:\Users\arpan\AppData\Roaming\npm;C:\Program Files\Java\jdk-10.0.1\bin;C:\Program Files\Java\jre-10.0.1\bin;C:\Program Files (x86)\Windows Kits\8.1\Windows Performance Toolkit\;C:\Program Files\Microsoft SQL Server\110\Tools\Binn\;;C:\Program Files\Microsoft VS Code\bin;C:\Users\arpan\AppData\Roaming\npm
USERNAME=arpan
OS=Windows_NT
PROCESSOR_IDENTIFIER=Intel64 Family 6 Model 69 Stepping 1, GenuineIntel



---------------  S Y S T E M  ---------------

OS: Windows 10 , 64 bit Build 10586 (10.0.10586.0)

CPU:total 4 (initial active 4) (2 cores per cpu, 2 threads per core) family 6 model 69 stepping 1, cmov, cx8, fxsr, mmx, sse, sse2, sse3, ssse3, sse4.1, sse4.2, popcnt, avx, avx2, aes, clmul, erms, lzcnt, ht, tsc, tscinvbit, bmi1, bmi2, fma

Memory: 4k page, physical 8290120k(888456k free), swap 10059592k(1585784k free)

vm_info: Java HotSpot(TM) 64-Bit Server VM (10.0.1+10) for windows-amd64 JRE (10.0.1+10), built on Mar 27 2018 02:27:48 by "mach5one" with MS VC++ 12.0 (VS2013)

END.
